<html>
<head>
<title>TestNG:  Default test</title>
<link href="../testng.css" rel="stylesheet" type="text/css" />
<link href="../my-testng.css" rel="stylesheet" type="text/css" />

<style type="text/css">
.log { display: none;} 
.stack-trace { display: none;} 
</style>
<script type="text/javascript">
<!--
function flip(e) {
  current = e.style.display;
  if (current == 'block') {
    e.style.display = 'none';
    return 0;
  }
  else {
    e.style.display = 'block';
    return 1;
  }
}

function toggleBox(szDivId, elem, msg1, msg2)
{
  var res = -1;  if (document.getElementById) {
    res = flip(document.getElementById(szDivId));
  }
  else if (document.all) {
    // this is the way old msie versions work
    res = flip(document.all[szDivId]);
  }
  if(elem) {
    if(res == 0) elem.innerHTML = msg1; else elem.innerHTML = msg2;
  }

}

function toggleAllBoxes() {
  if (document.getElementsByTagName) {
    d = document.getElementsByTagName('div');
    for (i = 0; i < d.length; i++) {
      if (d[i].className == 'log') {
        flip(d[i]);
      }
    }
  }
}

// -->
</script>

</head>
<body>
<h2 align='center'>Default test</h2><table border='1' align="center">
<tr>
<td>Tests passed/Failed/Skipped:</td><td>103/8/0</td>
</tr><tr>
<td>Started on:</td><td>Wed Apr 06 11:59:15 IST 2022</td>
</tr>
<tr><td>Total time:</td><td>3951 seconds (3951239 ms)</td>
</tr><tr>
<td>Included groups:</td><td></td>
</tr><tr>
<td>Excluded groups:</td><td></td>
</tr>
</table><p/>
<small><i>(Hover the method name to see the test class name)</i></small><p/>
<table width='100%' border='1' class='invocation-failed'>
<tr><td colspan='4' align='center'><b>FAILED TESTS</b></td></tr>
<tr><td><b>Test method</b></td>
<td width="30%"><b>Exception</b></td>
<td width="10%"><b>Time (seconds)</b></td>
<td><b>Instance</b></td>
</tr>
<tr>
<td title='Oxhead_excel.TestCases.Customer_is_able_to_see_the_Platinum_in_Other()'><b>Customer_is_able_to_see_the_Platinum_in_Other</b><br>Test class: Oxhead_excel.TestCases<br>Parameters: Sravya, Kosireddy, RGT, 23 WALL ST, 23 WALL ST, NEWYORK, New York, 10005, 9876543210, ksravs09@gmail.com</td>
<td><div><pre>org.openqa.selenium.NoSuchElementException: no such element: Unable to locate element: {&quot;method&quot;:&quot;xpath&quot;,&quot;selector&quot;:&quot;/html/body/div[1]/div[2]/div[2]/div/div/div[5]/div[1]/div/a&quot;}
  (Session info: chrome=99.0.4844.84)
For documentation on this error, please visit: https://selenium.dev/exceptions/#no_such_element
Build info: version: &apos;4.1.1&apos;, revision: &apos;e8fcc2cecf&apos;
System info: host: &apos;LMCLT017&apos;, ip: &apos;192.168.0.190&apos;, os.name: &apos;Windows 10&apos;, os.arch: &apos;amd64&apos;, os.version: &apos;10.0&apos;, java.version: &apos;11.0.6&apos;
Driver info: org.openqa.selenium.chrome.ChromeDriver
Command: [fa0600e6e02163fcbaaa2cd405c9a0d4, findElement {using=xpath, value=/html/body/div[1]/div[2]/div[2]/div/div/div[5]/div[1]/div/a}]
Capabilities {acceptInsecureCerts: false, browserName: chrome, browserVersion: 99.0.4844.84, chrome: {chromedriverVersion: 99.0.4844.51 (d537ec02474b5..., userDataDir: C:\Users\BALARA~1\AppData\L...}, goog:chromeOptions: {debuggerAddress: localhost:60465}, javascriptEnabled: true, networkConnectionEnabled: false, pageLoadStrategy: normal, platform: WINDOWS, platformName: WINDOWS, proxy: Proxy(), se:cdp: ws://localhost:60465/devtoo..., se:cdpVersion: 99.0.4844.84, setWindowRect: true, strictFileInteractability: false, timeouts: {implicit: 0, pageLoad: 300000, script: 30000}, unhandledPromptBehavior: dismiss and notify, webauthn:extension:credBlob: true, webauthn:extension:largeBlob: true, webauthn:virtualAuthenticators: true}
Session ID: fa0600e6e02163fcbaaa2cd405c9a0d4
	at jdk.internal.reflect.GeneratedConstructorAccessor79.newInstance(Unknown Source)
	at java.base/jdk.internal.reflect.DelegatingConstructorAccessorImpl.newInstance(DelegatingConstructorAccessorImpl.java:45)
	at java.base/java.lang.reflect.Constructor.newInstance(Constructor.java:490)
	at org.openqa.selenium.remote.codec.w3c.W3CHttpResponseCodec.createException(W3CHttpResponseCodec.java:200)
	at org.openqa.selenium.remote.codec.w3c.W3CHttpResponseCodec.decode(W3CHttpResponseCodec.java:133)
	at org.openqa.selenium.remote.codec.w3c.W3CHttpResponseCodec.decode(W3CHttpResponseCodec.java:53)
	at org.openqa.selenium.remote.HttpCommandExecutor.execute(HttpCommandExecutor.java:184)
	at org.openqa.selenium.remote.service.DriverCommandExecutor.invokeExecute(DriverCommandExecutor.java:167)
	at org.openqa.selenium.remote.service.DriverCommandExecutor.execute(DriverCommandExecutor.java:142)
	at org.openqa.selenium.remote.RemoteWebDriver.execute(RemoteWebDriver.java:543)
	at org.openqa.selenium.remote.ElementLocation$ElementFinder$2.findElement(ElementLocation.java:162)
	at org.openqa.selenium.remote.ElementLocation.findElement(ElementLocation.java:60)
	at org.openqa.selenium.remote.RemoteWebDriver.findElement(RemoteWebDriver.java:367)
	at org.openqa.selenium.remote.RemoteWebDriver.findElement(RemoteWebDriver.java:359)
	at org.openqa.selenium.support.pagefactory.DefaultElementLocator.findElement(DefaultElementLocator.java:70)
	at org.openqa.selenium.support.pagefactory.internal.LocatingElementHandler.invoke(LocatingElementHandler.java:39)
	at com.sun.proxy.$Proxy19.click(Unknown Source)
	at Oxhead_excel.Header.platinum(Header.java:392)
	at Oxhead_excel.TestCases.Customer_is_able_to_see_the_Platinum_in_Other(TestCases.java:554)
	at java.base/jdk.internal.reflect.NativeMethodAccessorImpl.invoke0(Native Method)
	at java.base/jdk.internal.reflect.NativeMethodAccessorImpl.invoke(NativeMethodAccessorImpl.java:62)
	at java.base/jdk.internal.reflect.DelegatingMethodAccessorImpl.invoke(DelegatingMethodAccessorImpl.java:43)
	at java.base/java.lang.reflect.Method.invoke(Method.java:566)
	at org.testng.internal.invokers.MethodInvocationHelper.invokeMethod(MethodInvocationHelper.java:135)
	at org.testng.internal.invokers.TestInvoker.invokeMethod(TestInvoker.java:673)
	at org.testng.internal.invokers.TestInvoker.invokeTestMethod(TestInvoker.java:220)
	at org.testng.internal.invokers.MethodRunner.runInSequence(MethodRunner.java:50)
	at org.testng.internal.invokers.TestInvoker$MethodInvocationAgent.invoke(TestInvoker.java:945)
	at org.testng.internal.invokers.TestInvoker.invokeTestMethods(TestInvoker.java:193)
	at org.testng.internal.invokers.TestMethodWorker.invokeTestMethods(TestMethodWorker.java:146)
	at org.testng.internal.invokers.TestMethodWorker.run(TestMethodWorker.java:128)
	at java.base/java.util.ArrayList.forEach(ArrayList.java:1540)
	at org.testng.TestRunner.privateRun(TestRunner.java:808)
	at org.testng.TestRunner.run(TestRunner.java:603)
	at org.testng.SuiteRunner.runTest(SuiteRunner.java:429)
	at org.testng.SuiteRunner.runSequentially(SuiteRunner.java:423)
	at org.testng.SuiteRunner.privateRun(SuiteRunner.java:383)
	at org.testng.SuiteRunner.run(SuiteRunner.java:326)
	at org.testng.SuiteRunnerWorker.runSuite(SuiteRunnerWorker.java:52)
	at org.testng.SuiteRunnerWorker.run(SuiteRunnerWorker.java:95)
	at org.testng.TestNG.runSuitesSequentially(TestNG.java:1249)
	at org.testng.TestNG.runSuitesLocally(TestNG.java:1169)
	at org.testng.TestNG.runSuites(TestNG.java:1092)
	at org.testng.TestNG.run(TestNG.java:1060)
	at org.testng.remote.AbstractRemoteTestNG.run(AbstractRemoteTestNG.java:115)
	at org.testng.remote.RemoteTestNG.initAndRun(RemoteTestNG.java:251)
	at org.testng.remote.RemoteTestNG.main(RemoteTestNG.java:77)
</pre></div><a href='#' onClick='toggleBox("stack-trace1707489574", this, "Click to show all stack frames", "Click to hide stack frames")'>Click to show all stack frames</a>
<div class='stack-trace' id='stack-trace1707489574'><pre>org.openqa.selenium.NoSuchElementException: no such element: Unable to locate element: {&quot;method&quot;:&quot;xpath&quot;,&quot;selector&quot;:&quot;/html/body/div[1]/div[2]/div[2]/div/div/div[5]/div[1]/div/a&quot;}
  (Session info: chrome=99.0.4844.84)
For documentation on this error, please visit: https://selenium.dev/exceptions/#no_such_element
Build info: version: &apos;4.1.1&apos;, revision: &apos;e8fcc2cecf&apos;
System info: host: &apos;LMCLT017&apos;, ip: &apos;192.168.0.190&apos;, os.name: &apos;Windows 10&apos;, os.arch: &apos;amd64&apos;, os.version: &apos;10.0&apos;, java.version: &apos;11.0.6&apos;
Driver info: org.openqa.selenium.chrome.ChromeDriver
Command: [fa0600e6e02163fcbaaa2cd405c9a0d4, findElement {using=xpath, value=/html/body/div[1]/div[2]/div[2]/div/div/div[5]/div[1]/div/a}]
Capabilities {acceptInsecureCerts: false, browserName: chrome, browserVersion: 99.0.4844.84, chrome: {chromedriverVersion: 99.0.4844.51 (d537ec02474b5..., userDataDir: C:\Users\BALARA~1\AppData\L...}, goog:chromeOptions: {debuggerAddress: localhost:60465}, javascriptEnabled: true, networkConnectionEnabled: false, pageLoadStrategy: normal, platform: WINDOWS, platformName: WINDOWS, proxy: Proxy(), se:cdp: ws://localhost:60465/devtoo..., se:cdpVersion: 99.0.4844.84, setWindowRect: true, strictFileInteractability: false, timeouts: {implicit: 0, pageLoad: 300000, script: 30000}, unhandledPromptBehavior: dismiss and notify, webauthn:extension:credBlob: true, webauthn:extension:largeBlob: true, webauthn:virtualAuthenticators: true}
Session ID: fa0600e6e02163fcbaaa2cd405c9a0d4
	at jdk.internal.reflect.GeneratedConstructorAccessor79.newInstance(Unknown Source)
	at java.base/jdk.internal.reflect.DelegatingConstructorAccessorImpl.newInstance(DelegatingConstructorAccessorImpl.java:45)
	at java.base/java.lang.reflect.Constructor.newInstance(Constructor.java:490)
	at org.openqa.selenium.remote.codec.w3c.W3CHttpResponseCodec.createException(W3CHttpResponseCodec.java:200)
	at org.openqa.selenium.remote.codec.w3c.W3CHttpResponseCodec.decode(W3CHttpResponseCodec.java:133)
	at org.openqa.selenium.remote.codec.w3c.W3CHttpResponseCodec.decode(W3CHttpResponseCodec.java:53)
	at org.openqa.selenium.remote.HttpCommandExecutor.execute(HttpCommandExecutor.java:184)
	at org.openqa.selenium.remote.service.DriverCommandExecutor.invokeExecute(DriverCommandExecutor.java:167)
	at org.openqa.selenium.remote.service.DriverCommandExecutor.execute(DriverCommandExecutor.java:142)
	at org.openqa.selenium.remote.RemoteWebDriver.execute(RemoteWebDriver.java:543)
	at org.openqa.selenium.remote.ElementLocation$ElementFinder$2.findElement(ElementLocation.java:162)
	at org.openqa.selenium.remote.ElementLocation.findElement(ElementLocation.java:60)
	at org.openqa.selenium.remote.RemoteWebDriver.findElement(RemoteWebDriver.java:367)
	at org.openqa.selenium.remote.RemoteWebDriver.findElement(RemoteWebDriver.java:359)
	at org.openqa.selenium.support.pagefactory.DefaultElementLocator.findElement(DefaultElementLocator.java:70)
	at org.openqa.selenium.support.pagefactory.internal.LocatingElementHandler.invoke(LocatingElementHandler.java:39)
	at com.sun.proxy.$Proxy19.click(Unknown Source)
	at Oxhead_excel.Header.platinum(Header.java:392)
	at Oxhead_excel.TestCases.Customer_is_able_to_see_the_Platinum_in_Other(TestCases.java:554)
	at java.base/jdk.internal.reflect.NativeMethodAccessorImpl.invoke0(Native Method)
	at java.base/jdk.internal.reflect.NativeMethodAccessorImpl.invoke(NativeMethodAccessorImpl.java:62)
	at java.base/jdk.internal.reflect.DelegatingMethodAccessorImpl.invoke(DelegatingMethodAccessorImpl.java:43)
	at java.base/java.lang.reflect.Method.invoke(Method.java:566)
	at org.testng.internal.invokers.MethodInvocationHelper.invokeMethod(MethodInvocationHelper.java:135)
	at org.testng.internal.invokers.TestInvoker.invokeMethod(TestInvoker.java:673)
	at org.testng.internal.invokers.TestInvoker.invokeTestMethod(TestInvoker.java:220)
	at org.testng.internal.invokers.MethodRunner.runInSequence(MethodRunner.java:50)
	at org.testng.internal.invokers.TestInvoker$MethodInvocationAgent.invoke(TestInvoker.java:945)
	at org.testng.internal.invokers.TestInvoker.invokeTestMethods(TestInvoker.java:193)
	at org.testng.internal.invokers.TestMethodWorker.invokeTestMethods(TestMethodWorker.java:146)
	at org.testng.internal.invokers.TestMethodWorker.run(TestMethodWorker.java:128)
	at java.base/java.util.ArrayList.forEach(ArrayList.java:1540)
	at org.testng.TestRunner.privateRun(TestRunner.java:808)
	at org.testng.TestRunner.run(TestRunner.java:603)
	at org.testng.SuiteRunner.runTest(SuiteRunner.java:429)
	at org.testng.SuiteRunner.runSequentially(SuiteRunner.java:423)
	at org.testng.SuiteRunner.privateRun(SuiteRunner.java:383)
	at org.testng.SuiteRunner.run(SuiteRunner.java:326)
	at org.testng.SuiteRunnerWorker.runSuite(SuiteRunnerWorker.java:52)
	at org.testng.SuiteRunnerWorker.run(SuiteRunnerWorker.java:95)
	at org.testng.TestNG.runSuitesSequentially(TestNG.java:1249)
	at org.testng.TestNG.runSuitesLocally(TestNG.java:1169)
	at org.testng.TestNG.runSuites(TestNG.java:1092)
	at org.testng.TestNG.run(TestNG.java:1060)
	at org.testng.remote.AbstractRemoteTestNG.run(AbstractRemoteTestNG.java:115)
	at org.testng.remote.RemoteTestNG.initAndRun(RemoteTestNG.java:251)
	at org.testng.remote.RemoteTestNG.main(RemoteTestNG.java:77)
</pre></div></td>
<td>20</td>
<td>Oxhead_excel.TestCases@54422e18</td></tr>
<tr>
<td title='Oxhead_excel.TestCases.verify_with_valid_order_id_and_billing_mail_and_able_to_see_contactuspage_and_fill_with_invalid_name_and_remaining_all_are_valid()'><b>verify_with_valid_order_id_and_billing_mail_and_able_to_see_contactuspage_and_fill_with_invalid_name_and_remaining_all_are_valid</b><br>Test class: Oxhead_excel.TestCases<br>Parameters: 9016, vnithab211@gmail.com, vinitha, vinithab211@gmail.com, ,  ,  </td>
<td><div><pre>java.lang.AssertionError: expected [One or more fields have an error. Please check and try again.] but found [Thank you for your message. It has been sent.]
	at org.testng.Assert.fail(Assert.java:110)
	at org.testng.Assert.failNotEquals(Assert.java:1413)
	at org.testng.Assert.assertEqualsImpl(Assert.java:149)
	at org.testng.Assert.assertEquals(Assert.java:131)
	at org.testng.Assert.assertEquals(Assert.java:655)
	at org.testng.Assert.assertEquals(Assert.java:665)
	at Oxhead_excel.Runner.order1(Runner.java:578)
	at Oxhead_excel.TestCases.verify_with_valid_order_id_and_billing_mail_and_able_to_see_contactuspage_and_fill_with_invalid_name_and_remaining_all_are_valid(TestCases.java:398)
	at java.base/jdk.internal.reflect.NativeMethodAccessorImpl.invoke0(Native Method)
	at java.base/jdk.internal.reflect.NativeMethodAccessorImpl.invoke(NativeMethodAccessorImpl.java:62)
	at java.base/jdk.internal.reflect.DelegatingMethodAccessorImpl.invoke(DelegatingMethodAccessorImpl.java:43)
	at java.base/java.lang.reflect.Method.invoke(Method.java:566)
	at org.testng.internal.invokers.MethodInvocationHelper.invokeMethod(MethodInvocationHelper.java:135)
	at org.testng.internal.invokers.TestInvoker.invokeMethod(TestInvoker.java:673)
	at org.testng.internal.invokers.TestInvoker.invokeTestMethod(TestInvoker.java:220)
	at org.testng.internal.invokers.MethodRunner.runInSequence(MethodRunner.java:50)
	at org.testng.internal.invokers.TestInvoker$MethodInvocationAgent.invoke(TestInvoker.java:945)
	at org.testng.internal.invokers.TestInvoker.invokeTestMethods(TestInvoker.java:193)
	at org.testng.internal.invokers.TestMethodWorker.invokeTestMethods(TestMethodWorker.java:146)
	at org.testng.internal.invokers.TestMethodWorker.run(TestMethodWorker.java:128)
	at java.base/java.util.ArrayList.forEach(ArrayList.java:1540)
	at org.testng.TestRunner.privateRun(TestRunner.java:808)
	at org.testng.TestRunner.run(TestRunner.java:603)
	at org.testng.SuiteRunner.runTest(SuiteRunner.java:429)
	at org.testng.SuiteRunner.runSequentially(SuiteRunner.java:423)
	at org.testng.SuiteRunner.privateRun(SuiteRunner.java:383)
	at org.testng.SuiteRunner.run(SuiteRunner.java:326)
	at org.testng.SuiteRunnerWorker.runSuite(SuiteRunnerWorker.java:52)
	at org.testng.SuiteRunnerWorker.run(SuiteRunnerWorker.java:95)
	at org.testng.TestNG.runSuitesSequentially(TestNG.java:1249)
	at org.testng.TestNG.runSuitesLocally(TestNG.java:1169)
	at org.testng.TestNG.runSuites(TestNG.java:1092)
	at org.testng.TestNG.run(TestNG.java:1060)
	at org.testng.remote.AbstractRemoteTestNG.run(AbstractRemoteTestNG.java:115)
	at org.testng.remote.RemoteTestNG.initAndRun(RemoteTestNG.java:251)
	at org.testng.remote.RemoteTestNG.main(RemoteTestNG.java:77)
</pre></div><a href='#' onClick='toggleBox("stack-trace934349026", this, "Click to show all stack frames", "Click to hide stack frames")'>Click to show all stack frames</a>
<div class='stack-trace' id='stack-trace934349026'><pre>java.lang.AssertionError: expected [One or more fields have an error. Please check and try again.] but found [Thank you for your message. It has been sent.]
	at org.testng.Assert.fail(Assert.java:110)
	at org.testng.Assert.failNotEquals(Assert.java:1413)
	at org.testng.Assert.assertEqualsImpl(Assert.java:149)
	at org.testng.Assert.assertEquals(Assert.java:131)
	at org.testng.Assert.assertEquals(Assert.java:655)
	at org.testng.Assert.assertEquals(Assert.java:665)
	at Oxhead_excel.Runner.order1(Runner.java:578)
	at Oxhead_excel.TestCases.verify_with_valid_order_id_and_billing_mail_and_able_to_see_contactuspage_and_fill_with_invalid_name_and_remaining_all_are_valid(TestCases.java:398)
	at java.base/jdk.internal.reflect.NativeMethodAccessorImpl.invoke0(Native Method)
	at java.base/jdk.internal.reflect.NativeMethodAccessorImpl.invoke(NativeMethodAccessorImpl.java:62)
	at java.base/jdk.internal.reflect.DelegatingMethodAccessorImpl.invoke(DelegatingMethodAccessorImpl.java:43)
	at java.base/java.lang.reflect.Method.invoke(Method.java:566)
	at org.testng.internal.invokers.MethodInvocationHelper.invokeMethod(MethodInvocationHelper.java:135)
	at org.testng.internal.invokers.TestInvoker.invokeMethod(TestInvoker.java:673)
	at org.testng.internal.invokers.TestInvoker.invokeTestMethod(TestInvoker.java:220)
	at org.testng.internal.invokers.MethodRunner.runInSequence(MethodRunner.java:50)
	at org.testng.internal.invokers.TestInvoker$MethodInvocationAgent.invoke(TestInvoker.java:945)
	at org.testng.internal.invokers.TestInvoker.invokeTestMethods(TestInvoker.java:193)
	at org.testng.internal.invokers.TestMethodWorker.invokeTestMethods(TestMethodWorker.java:146)
	at org.testng.internal.invokers.TestMethodWorker.run(TestMethodWorker.java:128)
	at java.base/java.util.ArrayList.forEach(ArrayList.java:1540)
	at org.testng.TestRunner.privateRun(TestRunner.java:808)
	at org.testng.TestRunner.run(TestRunner.java:603)
	at org.testng.SuiteRunner.runTest(SuiteRunner.java:429)
	at org.testng.SuiteRunner.runSequentially(SuiteRunner.java:423)
	at org.testng.SuiteRunner.privateRun(SuiteRunner.java:383)
	at org.testng.SuiteRunner.run(SuiteRunner.java:326)
	at org.testng.SuiteRunnerWorker.runSuite(SuiteRunnerWorker.java:52)
	at org.testng.SuiteRunnerWorker.run(SuiteRunnerWorker.java:95)
	at org.testng.TestNG.runSuitesSequentially(TestNG.java:1249)
	at org.testng.TestNG.runSuitesLocally(TestNG.java:1169)
	at org.testng.TestNG.runSuites(TestNG.java:1092)
	at org.testng.TestNG.run(TestNG.java:1060)
	at org.testng.remote.AbstractRemoteTestNG.run(AbstractRemoteTestNG.java:115)
	at org.testng.remote.RemoteTestNG.initAndRun(RemoteTestNG.java:251)
	at org.testng.remote.RemoteTestNG.main(RemoteTestNG.java:77)
</pre></div></td>
<td>29</td>
<td>Oxhead_excel.TestCases@54422e18</td></tr>
<tr>
<td title='Oxhead_excel.TestCases.Customer_is_able_to_see_Wishlist_page()'><b>Customer_is_able_to_see_Wishlist_page</b><br>Test class: Oxhead_excel.TestCases</td>
<td><div><pre>org.openqa.selenium.TimeoutException: Expected condition failed: waiting for visibility of [[ChromeDriver: chrome on WINDOWS (ef45928273bd9500c8093205aa0e3e37)] -&gt; xpath: //div[3]//div[2]//div//ul//li[7]//a] (tried for 25 second(s) with 1 milliseconds interval)
Build info: version: &apos;4.1.1&apos;, revision: &apos;e8fcc2cecf&apos;
System info: host: &apos;LMCLT017&apos;, ip: &apos;192.168.0.190&apos;, os.name: &apos;Windows 10&apos;, os.arch: &apos;amd64&apos;, os.version: &apos;10.0&apos;, java.version: &apos;11.0.6&apos;
Driver info: org.openqa.selenium.chrome.ChromeDriver
Capabilities {acceptInsecureCerts: false, browserName: chrome, browserVersion: 99.0.4844.84, chrome: {chromedriverVersion: 99.0.4844.51 (d537ec02474b5..., userDataDir: C:\Users\BALARA~1\AppData\L...}, goog:chromeOptions: {debuggerAddress: localhost:57332}, javascriptEnabled: true, networkConnectionEnabled: false, pageLoadStrategy: normal, platform: WINDOWS, platformName: WINDOWS, proxy: Proxy(), se:cdp: ws://localhost:57332/devtoo..., se:cdpVersion: 99.0.4844.84, setWindowRect: true, strictFileInteractability: false, timeouts: {implicit: 0, pageLoad: 300000, script: 30000}, unhandledPromptBehavior: dismiss and notify, webauthn:extension:credBlob: true, webauthn:extension:largeBlob: true, webauthn:virtualAuthenticators: true}
Session ID: ef45928273bd9500c8093205aa0e3e37
	at org.openqa.selenium.support.ui.WebDriverWait.timeoutException(WebDriverWait.java:138)
	at org.openqa.selenium.support.ui.FluentWait.until(FluentWait.java:231)
	at Oxhead_excel.Baseclass.visibilityOfElement(Baseclass.java:38)
	at Oxhead_excel.Header.wishlist1(Header.java:211)
	at Oxhead_excel.TestCases.Customer_is_able_to_see_Wishlist_page(TestCases.java:280)
	at java.base/jdk.internal.reflect.NativeMethodAccessorImpl.invoke0(Native Method)
	at java.base/jdk.internal.reflect.NativeMethodAccessorImpl.invoke(NativeMethodAccessorImpl.java:62)
	at java.base/jdk.internal.reflect.DelegatingMethodAccessorImpl.invoke(DelegatingMethodAccessorImpl.java:43)
	at java.base/java.lang.reflect.Method.invoke(Method.java:566)
	at org.testng.internal.invokers.MethodInvocationHelper.invokeMethod(MethodInvocationHelper.java:135)
	at org.testng.internal.invokers.TestInvoker.invokeMethod(TestInvoker.java:673)
	at org.testng.internal.invokers.TestInvoker.invokeTestMethod(TestInvoker.java:220)
	at org.testng.internal.invokers.MethodRunner.runInSequence(MethodRunner.java:50)
	at org.testng.internal.invokers.TestInvoker$MethodInvocationAgent.invoke(TestInvoker.java:945)
	at org.testng.internal.invokers.TestInvoker.invokeTestMethods(TestInvoker.java:193)
	at org.testng.internal.invokers.TestMethodWorker.invokeTestMethods(TestMethodWorker.java:146)
	at org.testng.internal.invokers.TestMethodWorker.run(TestMethodWorker.java:128)
	at java.base/java.util.ArrayList.forEach(ArrayList.java:1540)
	at org.testng.TestRunner.privateRun(TestRunner.java:808)
	at org.testng.TestRunner.run(TestRunner.java:603)
	at org.testng.SuiteRunner.runTest(SuiteRunner.java:429)
	at org.testng.SuiteRunner.runSequentially(SuiteRunner.java:423)
	at org.testng.SuiteRunner.privateRun(SuiteRunner.java:383)
	at org.testng.SuiteRunner.run(SuiteRunner.java:326)
	at org.testng.SuiteRunnerWorker.runSuite(SuiteRunnerWorker.java:52)
	at org.testng.SuiteRunnerWorker.run(SuiteRunnerWorker.java:95)
	at org.testng.TestNG.runSuitesSequentially(TestNG.java:1249)
	at org.testng.TestNG.runSuitesLocally(TestNG.java:1169)
	at org.testng.TestNG.runSuites(TestNG.java:1092)
	at org.testng.TestNG.run(TestNG.java:1060)
	at org.testng.remote.AbstractRemoteTestNG.run(AbstractRemoteTestNG.java:115)
	at org.testng.remote.RemoteTestNG.initAndRun(RemoteTestNG.java:251)
	at org.testng.remote.RemoteTestNG.main(RemoteTestNG.java:77)
</pre></div><a href='#' onClick='toggleBox("stack-trace968717195", this, "Click to show all stack frames", "Click to hide stack frames")'>Click to show all stack frames</a>
<div class='stack-trace' id='stack-trace968717195'><pre>org.openqa.selenium.TimeoutException: Expected condition failed: waiting for visibility of [[ChromeDriver: chrome on WINDOWS (ef45928273bd9500c8093205aa0e3e37)] -&gt; xpath: //div[3]//div[2]//div//ul//li[7]//a] (tried for 25 second(s) with 1 milliseconds interval)
Build info: version: &apos;4.1.1&apos;, revision: &apos;e8fcc2cecf&apos;
System info: host: &apos;LMCLT017&apos;, ip: &apos;192.168.0.190&apos;, os.name: &apos;Windows 10&apos;, os.arch: &apos;amd64&apos;, os.version: &apos;10.0&apos;, java.version: &apos;11.0.6&apos;
Driver info: org.openqa.selenium.chrome.ChromeDriver
Capabilities {acceptInsecureCerts: false, browserName: chrome, browserVersion: 99.0.4844.84, chrome: {chromedriverVersion: 99.0.4844.51 (d537ec02474b5..., userDataDir: C:\Users\BALARA~1\AppData\L...}, goog:chromeOptions: {debuggerAddress: localhost:57332}, javascriptEnabled: true, networkConnectionEnabled: false, pageLoadStrategy: normal, platform: WINDOWS, platformName: WINDOWS, proxy: Proxy(), se:cdp: ws://localhost:57332/devtoo..., se:cdpVersion: 99.0.4844.84, setWindowRect: true, strictFileInteractability: false, timeouts: {implicit: 0, pageLoad: 300000, script: 30000}, unhandledPromptBehavior: dismiss and notify, webauthn:extension:credBlob: true, webauthn:extension:largeBlob: true, webauthn:virtualAuthenticators: true}
Session ID: ef45928273bd9500c8093205aa0e3e37
	at org.openqa.selenium.support.ui.WebDriverWait.timeoutException(WebDriverWait.java:138)
	at org.openqa.selenium.support.ui.FluentWait.until(FluentWait.java:231)
	at Oxhead_excel.Baseclass.visibilityOfElement(Baseclass.java:38)
	at Oxhead_excel.Header.wishlist1(Header.java:211)
	at Oxhead_excel.TestCases.Customer_is_able_to_see_Wishlist_page(TestCases.java:280)
	at java.base/jdk.internal.reflect.NativeMethodAccessorImpl.invoke0(Native Method)
	at java.base/jdk.internal.reflect.NativeMethodAccessorImpl.invoke(NativeMethodAccessorImpl.java:62)
	at java.base/jdk.internal.reflect.DelegatingMethodAccessorImpl.invoke(DelegatingMethodAccessorImpl.java:43)
	at java.base/java.lang.reflect.Method.invoke(Method.java:566)
	at org.testng.internal.invokers.MethodInvocationHelper.invokeMethod(MethodInvocationHelper.java:135)
	at org.testng.internal.invokers.TestInvoker.invokeMethod(TestInvoker.java:673)
	at org.testng.internal.invokers.TestInvoker.invokeTestMethod(TestInvoker.java:220)
	at org.testng.internal.invokers.MethodRunner.runInSequence(MethodRunner.java:50)
	at org.testng.internal.invokers.TestInvoker$MethodInvocationAgent.invoke(TestInvoker.java:945)
	at org.testng.internal.invokers.TestInvoker.invokeTestMethods(TestInvoker.java:193)
	at org.testng.internal.invokers.TestMethodWorker.invokeTestMethods(TestMethodWorker.java:146)
	at org.testng.internal.invokers.TestMethodWorker.run(TestMethodWorker.java:128)
	at java.base/java.util.ArrayList.forEach(ArrayList.java:1540)
	at org.testng.TestRunner.privateRun(TestRunner.java:808)
	at org.testng.TestRunner.run(TestRunner.java:603)
	at org.testng.SuiteRunner.runTest(SuiteRunner.java:429)
	at org.testng.SuiteRunner.runSequentially(SuiteRunner.java:423)
	at org.testng.SuiteRunner.privateRun(SuiteRunner.java:383)
	at org.testng.SuiteRunner.run(SuiteRunner.java:326)
	at org.testng.SuiteRunnerWorker.runSuite(SuiteRunnerWorker.java:52)
	at org.testng.SuiteRunnerWorker.run(SuiteRunnerWorker.java:95)
	at org.testng.TestNG.runSuitesSequentially(TestNG.java:1249)
	at org.testng.TestNG.runSuitesLocally(TestNG.java:1169)
	at org.testng.TestNG.runSuites(TestNG.java:1092)
	at org.testng.TestNG.run(TestNG.java:1060)
	at org.testng.remote.AbstractRemoteTestNG.run(AbstractRemoteTestNG.java:115)
	at org.testng.remote.RemoteTestNG.initAndRun(RemoteTestNG.java:251)
	at org.testng.remote.RemoteTestNG.main(RemoteTestNG.java:77)
</pre></div></td>
<td>49</td>
<td>Oxhead_excel.TestCases@54422e18</td></tr>
<tr>
<td title='Oxhead_excel.TestCases.verify_customer_is_able_to_see_trackanorder_logo_and_oxheadlogo_same_or_not()'><b>verify_customer_is_able_to_see_trackanorder_logo_and_oxheadlogo_same_or_not</b><br>Test class: Oxhead_excel.TestCases</td>
<td><div><pre>org.openqa.selenium.NoSuchElementException: no such element: Unable to locate element: {&quot;method&quot;:&quot;xpath&quot;,&quot;selector&quot;:&quot;/html/body/div[1]/div[1]/div/div/div/div[1]/div/a/img&quot;}
  (Session info: chrome=99.0.4844.84)
For documentation on this error, please visit: https://selenium.dev/exceptions/#no_such_element
Build info: version: &apos;4.1.1&apos;, revision: &apos;e8fcc2cecf&apos;
System info: host: &apos;LMCLT017&apos;, ip: &apos;192.168.0.190&apos;, os.name: &apos;Windows 10&apos;, os.arch: &apos;amd64&apos;, os.version: &apos;10.0&apos;, java.version: &apos;11.0.6&apos;
Driver info: org.openqa.selenium.chrome.ChromeDriver
Command: [322214edb800dec24ec4fcf641e82bda, findElement {using=xpath, value=/html/body/div[1]/div[1]/div/div/div/div[1]/div/a/img}]
Capabilities {acceptInsecureCerts: false, browserName: chrome, browserVersion: 99.0.4844.84, chrome: {chromedriverVersion: 99.0.4844.51 (d537ec02474b5..., userDataDir: C:\Users\BALARA~1\AppData\L...}, goog:chromeOptions: {debuggerAddress: localhost:59358}, javascriptEnabled: true, networkConnectionEnabled: false, pageLoadStrategy: normal, platform: WINDOWS, platformName: WINDOWS, proxy: Proxy(), se:cdp: ws://localhost:59358/devtoo..., se:cdpVersion: 99.0.4844.84, setWindowRect: true, strictFileInteractability: false, timeouts: {implicit: 0, pageLoad: 300000, script: 30000}, unhandledPromptBehavior: dismiss and notify, webauthn:extension:credBlob: true, webauthn:extension:largeBlob: true, webauthn:virtualAuthenticators: true}
Session ID: 322214edb800dec24ec4fcf641e82bda
	at jdk.internal.reflect.GeneratedConstructorAccessor79.newInstance(Unknown Source)
	at java.base/jdk.internal.reflect.DelegatingConstructorAccessorImpl.newInstance(DelegatingConstructorAccessorImpl.java:45)
	at java.base/java.lang.reflect.Constructor.newInstance(Constructor.java:490)
	at org.openqa.selenium.remote.codec.w3c.W3CHttpResponseCodec.createException(W3CHttpResponseCodec.java:200)
	at org.openqa.selenium.remote.codec.w3c.W3CHttpResponseCodec.decode(W3CHttpResponseCodec.java:133)
	at org.openqa.selenium.remote.codec.w3c.W3CHttpResponseCodec.decode(W3CHttpResponseCodec.java:53)
	at org.openqa.selenium.remote.HttpCommandExecutor.execute(HttpCommandExecutor.java:184)
	at org.openqa.selenium.remote.service.DriverCommandExecutor.invokeExecute(DriverCommandExecutor.java:167)
	at org.openqa.selenium.remote.service.DriverCommandExecutor.execute(DriverCommandExecutor.java:142)
	at org.openqa.selenium.remote.RemoteWebDriver.execute(RemoteWebDriver.java:543)
	at org.openqa.selenium.remote.ElementLocation$ElementFinder$2.findElement(ElementLocation.java:162)
	at org.openqa.selenium.remote.ElementLocation.findElement(ElementLocation.java:60)
	at org.openqa.selenium.remote.RemoteWebDriver.findElement(RemoteWebDriver.java:367)
	at org.openqa.selenium.remote.RemoteWebDriver.findElement(RemoteWebDriver.java:359)
	at org.openqa.selenium.support.pagefactory.DefaultElementLocator.findElement(DefaultElementLocator.java:70)
	at org.openqa.selenium.support.pagefactory.internal.LocatingElementHandler.invoke(LocatingElementHandler.java:39)
	at com.sun.proxy.$Proxy19.isDisplayed(Unknown Source)
	at Oxhead_excel.Runner.logo(Runner.java:613)
	at Oxhead_excel.TestCases.verify_customer_is_able_to_see_trackanorder_logo_and_oxheadlogo_same_or_not(TestCases.java:405)
	at java.base/jdk.internal.reflect.NativeMethodAccessorImpl.invoke0(Native Method)
	at java.base/jdk.internal.reflect.NativeMethodAccessorImpl.invoke(NativeMethodAccessorImpl.java:62)
	at java.base/jdk.internal.reflect.DelegatingMethodAccessorImpl.invoke(DelegatingMethodAccessorImpl.java:43)
	at java.base/java.lang.reflect.Method.invoke(Method.java:566)
	at org.testng.internal.invokers.MethodInvocationHelper.invokeMethod(MethodInvocationHelper.java:135)
	at org.testng.internal.invokers.TestInvoker.invokeMethod(TestInvoker.java:673)
	at org.testng.internal.invokers.TestInvoker.invokeTestMethod(TestInvoker.java:220)
	at org.testng.internal.invokers.MethodRunner.runInSequence(MethodRunner.java:50)
	at org.testng.internal.invokers.TestInvoker$MethodInvocationAgent.invoke(TestInvoker.java:945)
	at org.testng.internal.invokers.TestInvoker.invokeTestMethods(TestInvoker.java:193)
	at org.testng.internal.invokers.TestMethodWorker.invokeTestMethods(TestMethodWorker.java:146)
	at org.testng.internal.invokers.TestMethodWorker.run(TestMethodWorker.java:128)
	at java.base/java.util.ArrayList.forEach(ArrayList.java:1540)
	at org.testng.TestRunner.privateRun(TestRunner.java:808)
	at org.testng.TestRunner.run(TestRunner.java:603)
	at org.testng.SuiteRunner.runTest(SuiteRunner.java:429)
	at org.testng.SuiteRunner.runSequentially(SuiteRunner.java:423)
	at org.testng.SuiteRunner.privateRun(SuiteRunner.java:383)
	at org.testng.SuiteRunner.run(SuiteRunner.java:326)
	at org.testng.SuiteRunnerWorker.runSuite(SuiteRunnerWorker.java:52)
	at org.testng.SuiteRunnerWorker.run(SuiteRunnerWorker.java:95)
	at org.testng.TestNG.runSuitesSequentially(TestNG.java:1249)
	at org.testng.TestNG.runSuitesLocally(TestNG.java:1169)
	at org.testng.TestNG.runSuites(TestNG.java:1092)
	at org.testng.TestNG.run(TestNG.java:1060)
	at org.testng.remote.AbstractRemoteTestNG.run(AbstractRemoteTestNG.java:115)
	at org.testng.remote.RemoteTestNG.initAndRun(RemoteTestNG.java:251)
	at org.testng.remote.RemoteTestNG.main(RemoteTestNG.java:77)
</pre></div><a href='#' onClick='toggleBox("stack-trace1180477434", this, "Click to show all stack frames", "Click to hide stack frames")'>Click to show all stack frames</a>
<div class='stack-trace' id='stack-trace1180477434'><pre>org.openqa.selenium.NoSuchElementException: no such element: Unable to locate element: {&quot;method&quot;:&quot;xpath&quot;,&quot;selector&quot;:&quot;/html/body/div[1]/div[1]/div/div/div/div[1]/div/a/img&quot;}
  (Session info: chrome=99.0.4844.84)
For documentation on this error, please visit: https://selenium.dev/exceptions/#no_such_element
Build info: version: &apos;4.1.1&apos;, revision: &apos;e8fcc2cecf&apos;
System info: host: &apos;LMCLT017&apos;, ip: &apos;192.168.0.190&apos;, os.name: &apos;Windows 10&apos;, os.arch: &apos;amd64&apos;, os.version: &apos;10.0&apos;, java.version: &apos;11.0.6&apos;
Driver info: org.openqa.selenium.chrome.ChromeDriver
Command: [322214edb800dec24ec4fcf641e82bda, findElement {using=xpath, value=/html/body/div[1]/div[1]/div/div/div/div[1]/div/a/img}]
Capabilities {acceptInsecureCerts: false, browserName: chrome, browserVersion: 99.0.4844.84, chrome: {chromedriverVersion: 99.0.4844.51 (d537ec02474b5..., userDataDir: C:\Users\BALARA~1\AppData\L...}, goog:chromeOptions: {debuggerAddress: localhost:59358}, javascriptEnabled: true, networkConnectionEnabled: false, pageLoadStrategy: normal, platform: WINDOWS, platformName: WINDOWS, proxy: Proxy(), se:cdp: ws://localhost:59358/devtoo..., se:cdpVersion: 99.0.4844.84, setWindowRect: true, strictFileInteractability: false, timeouts: {implicit: 0, pageLoad: 300000, script: 30000}, unhandledPromptBehavior: dismiss and notify, webauthn:extension:credBlob: true, webauthn:extension:largeBlob: true, webauthn:virtualAuthenticators: true}
Session ID: 322214edb800dec24ec4fcf641e82bda
	at jdk.internal.reflect.GeneratedConstructorAccessor79.newInstance(Unknown Source)
	at java.base/jdk.internal.reflect.DelegatingConstructorAccessorImpl.newInstance(DelegatingConstructorAccessorImpl.java:45)
	at java.base/java.lang.reflect.Constructor.newInstance(Constructor.java:490)
	at org.openqa.selenium.remote.codec.w3c.W3CHttpResponseCodec.createException(W3CHttpResponseCodec.java:200)
	at org.openqa.selenium.remote.codec.w3c.W3CHttpResponseCodec.decode(W3CHttpResponseCodec.java:133)
	at org.openqa.selenium.remote.codec.w3c.W3CHttpResponseCodec.decode(W3CHttpResponseCodec.java:53)
	at org.openqa.selenium.remote.HttpCommandExecutor.execute(HttpCommandExecutor.java:184)
	at org.openqa.selenium.remote.service.DriverCommandExecutor.invokeExecute(DriverCommandExecutor.java:167)
	at org.openqa.selenium.remote.service.DriverCommandExecutor.execute(DriverCommandExecutor.java:142)
	at org.openqa.selenium.remote.RemoteWebDriver.execute(RemoteWebDriver.java:543)
	at org.openqa.selenium.remote.ElementLocation$ElementFinder$2.findElement(ElementLocation.java:162)
	at org.openqa.selenium.remote.ElementLocation.findElement(ElementLocation.java:60)
	at org.openqa.selenium.remote.RemoteWebDriver.findElement(RemoteWebDriver.java:367)
	at org.openqa.selenium.remote.RemoteWebDriver.findElement(RemoteWebDriver.java:359)
	at org.openqa.selenium.support.pagefactory.DefaultElementLocator.findElement(DefaultElementLocator.java:70)
	at org.openqa.selenium.support.pagefactory.internal.LocatingElementHandler.invoke(LocatingElementHandler.java:39)
	at com.sun.proxy.$Proxy19.isDisplayed(Unknown Source)
	at Oxhead_excel.Runner.logo(Runner.java:613)
	at Oxhead_excel.TestCases.verify_customer_is_able_to_see_trackanorder_logo_and_oxheadlogo_same_or_not(TestCases.java:405)
	at java.base/jdk.internal.reflect.NativeMethodAccessorImpl.invoke0(Native Method)
	at java.base/jdk.internal.reflect.NativeMethodAccessorImpl.invoke(NativeMethodAccessorImpl.java:62)
	at java.base/jdk.internal.reflect.DelegatingMethodAccessorImpl.invoke(DelegatingMethodAccessorImpl.java:43)
	at java.base/java.lang.reflect.Method.invoke(Method.java:566)
	at org.testng.internal.invokers.MethodInvocationHelper.invokeMethod(MethodInvocationHelper.java:135)
	at org.testng.internal.invokers.TestInvoker.invokeMethod(TestInvoker.java:673)
	at org.testng.internal.invokers.TestInvoker.invokeTestMethod(TestInvoker.java:220)
	at org.testng.internal.invokers.MethodRunner.runInSequence(MethodRunner.java:50)
	at org.testng.internal.invokers.TestInvoker$MethodInvocationAgent.invoke(TestInvoker.java:945)
	at org.testng.internal.invokers.TestInvoker.invokeTestMethods(TestInvoker.java:193)
	at org.testng.internal.invokers.TestMethodWorker.invokeTestMethods(TestMethodWorker.java:146)
	at org.testng.internal.invokers.TestMethodWorker.run(TestMethodWorker.java:128)
	at java.base/java.util.ArrayList.forEach(ArrayList.java:1540)
	at org.testng.TestRunner.privateRun(TestRunner.java:808)
	at org.testng.TestRunner.run(TestRunner.java:603)
	at org.testng.SuiteRunner.runTest(SuiteRunner.java:429)
	at org.testng.SuiteRunner.runSequentially(SuiteRunner.java:423)
	at org.testng.SuiteRunner.privateRun(SuiteRunner.java:383)
	at org.testng.SuiteRunner.run(SuiteRunner.java:326)
	at org.testng.SuiteRunnerWorker.runSuite(SuiteRunnerWorker.java:52)
	at org.testng.SuiteRunnerWorker.run(SuiteRunnerWorker.java:95)
	at org.testng.TestNG.runSuitesSequentially(TestNG.java:1249)
	at org.testng.TestNG.runSuitesLocally(TestNG.java:1169)
	at org.testng.TestNG.runSuites(TestNG.java:1092)
	at org.testng.TestNG.run(TestNG.java:1060)
	at org.testng.remote.AbstractRemoteTestNG.run(AbstractRemoteTestNG.java:115)
	at org.testng.remote.RemoteTestNG.initAndRun(RemoteTestNG.java:251)
	at org.testng.remote.RemoteTestNG.main(RemoteTestNG.java:77)
</pre></div></td>
<td>9</td>
<td>Oxhead_excel.TestCases@54422e18</td></tr>
<tr>
<td title='Oxhead_excel.TestCases.Customer_Is_Able_To_See_Product_In_ShoppingCart_Page()'><b>Customer_Is_Able_To_See_Product_In_ShoppingCart_Page</b><br>Test class: Oxhead_excel.TestCases</td>
<td><div><pre>org.openqa.selenium.TimeoutException: Expected condition failed: waiting for visibility of Proxy element for: DefaultElementLocator &apos;By.xpath: //td[@class=&apos;product-name&apos;]&apos; (tried for 25 second(s) with 1 milliseconds interval)
	at org.openqa.selenium.support.ui.WebDriverWait.timeoutException(WebDriverWait.java:138)
	at org.openqa.selenium.support.ui.FluentWait.until(FluentWait.java:231)
	at Oxhead_excel.Baseclass.visibilityOfElement(Baseclass.java:38)
	at Oxhead_excel.Header.shoppingCartpage(Header.java:465)
	at Oxhead_excel.TestCases.Customer_Is_Able_To_See_Product_In_ShoppingCart_Page(TestCases.java:596)
	at java.base/jdk.internal.reflect.NativeMethodAccessorImpl.invoke0(Native Method)
	at java.base/jdk.internal.reflect.NativeMethodAccessorImpl.invoke(NativeMethodAccessorImpl.java:62)
	at java.base/jdk.internal.reflect.DelegatingMethodAccessorImpl.invoke(DelegatingMethodAccessorImpl.java:43)
	at java.base/java.lang.reflect.Method.invoke(Method.java:566)
	at org.testng.internal.invokers.MethodInvocationHelper.invokeMethod(MethodInvocationHelper.java:135)
	at org.testng.internal.invokers.TestInvoker.invokeMethod(TestInvoker.java:673)
	at org.testng.internal.invokers.TestInvoker.invokeTestMethod(TestInvoker.java:220)
	at org.testng.internal.invokers.MethodRunner.runInSequence(MethodRunner.java:50)
	at org.testng.internal.invokers.TestInvoker$MethodInvocationAgent.invoke(TestInvoker.java:945)
	at org.testng.internal.invokers.TestInvoker.invokeTestMethods(TestInvoker.java:193)
	at org.testng.internal.invokers.TestMethodWorker.invokeTestMethods(TestMethodWorker.java:146)
	at org.testng.internal.invokers.TestMethodWorker.run(TestMethodWorker.java:128)
	at java.base/java.util.ArrayList.forEach(ArrayList.java:1540)
	at org.testng.TestRunner.privateRun(TestRunner.java:808)
	at org.testng.TestRunner.run(TestRunner.java:603)
	at org.testng.SuiteRunner.runTest(SuiteRunner.java:429)
	at org.testng.SuiteRunner.runSequentially(SuiteRunner.java:423)
	at org.testng.SuiteRunner.privateRun(SuiteRunner.java:383)
	at org.testng.SuiteRunner.run(SuiteRunner.java:326)
	at org.testng.SuiteRunnerWorker.runSuite(SuiteRunnerWorker.java:52)
	at org.testng.SuiteRunnerWorker.run(SuiteRunnerWorker.java:95)
	at org.testng.TestNG.runSuitesSequentially(TestNG.java:1249)
	at org.testng.TestNG.runSuitesLocally(TestNG.java:1169)
	at org.testng.TestNG.runSuites(TestNG.java:1092)
	at org.testng.TestNG.run(TestNG.java:1060)
	at org.testng.remote.AbstractRemoteTestNG.run(AbstractRemoteTestNG.java:115)
	at org.testng.remote.RemoteTestNG.initAndRun(RemoteTestNG.java:251)
	at org.testng.remote.RemoteTestNG.main(RemoteTestNG.java:77)
Caused by: org.openqa.selenium.NoSuchElementException: no such element: Unable to locate element: {&quot;method&quot;:&quot;xpath&quot;,&quot;selector&quot;:&quot;//td[@class=&apos;product-name&apos;]&quot;}
  (Session info: chrome=99.0.4844.84)
For documentation on this error, please visit: https://selenium.dev/exceptions/#no_such_element
Build info: version: &apos;4.1.1&apos;, revision: &apos;e8fcc2cecf&apos;
System info: host: &apos;LMCLT017&apos;, ip: &apos;192.168.0.190&apos;, os.name: &apos;Windows 10&apos;, os.arch: &apos;amd64&apos;, os.version: &apos;10.0&apos;, java.version: &apos;11.0.6&apos;
Driver info: org.openqa.selenium.chrome.ChromeDriver
Command: [fafd81fd86689b9485577a5e8e904b4c, findElement {using=xpath, value=//td[@class=&apos;product-name&apos;]}]
Capabilities {acceptInsecureCerts: false, browserName: chrome, browserVersion: 99.0.4844.84, chrome: {chromedriverVersion: 99.0.4844.51 (d537ec02474b5..., userDataDir: C:\Users\BALARA~1\AppData\L...}, goog:chromeOptions: {debuggerAddress: localhost:60797}, javascriptEnabled: true, networkConnectionEnabled: false, pageLoadStrategy: normal, platform: WINDOWS, platformName: WINDOWS, proxy: Proxy(), se:cdp: ws://localhost:60797/devtoo..., se:cdpVersion: 99.0.4844.84, setWindowRect: true, strictFileInteractability: false, timeouts: {implicit: 0, pageLoad: 300000, script: 30000}, unhandledPromptBehavior: dismiss and notify, webauthn:extension:credBlob: true, webauthn:extension:largeBlob: true, webauthn:virtualAuthenticators: true}
Session ID: fafd81fd86689b9485577a5e8e904b4c
	at jdk.internal.reflect.GeneratedConstructorAccessor79.newInstance(Unknown Source)
	at java.base/jdk.internal.reflect.DelegatingConstructorAccessorImpl.newInstance(DelegatingConstructorAccessorImpl.java:45)
	at java.base/java.lang.reflect.Constructor.newInstance(Constructor.java:490)
	at org.openqa.selenium.remote.codec.w3c.W3CHttpResponseCodec.createException(W3CHttpResponseCodec.java:200)
	at org.openqa.selenium.remote.codec.w3c.W3CHttpResponseCodec.decode(W3CHttpResponseCodec.java:133)
	at org.openqa.selenium.remote.codec.w3c.W3CHttpResponseCodec.decode(W3CHttpResponseCodec.java:53)
	at org.openqa.selenium.remote.HttpCommandExecutor.execute(HttpCommandExecutor.java:184)
	at org.openqa.selenium.remote.service.DriverCommandExecutor.invokeExecute(DriverCommandExecutor.java:167)
	at org.openqa.selenium.remote.service.DriverCommandExecutor.execute(DriverCommandExecutor.java:142)
	at org.openqa.selenium.remote.RemoteWebDriver.execute(RemoteWebDriver.java:543)
	at org.openqa.selenium.remote.ElementLocation$ElementFinder$2.findElement(ElementLocation.java:162)
	at org.openqa.selenium.remote.ElementLocation.findElement(ElementLocation.java:60)
	at org.openqa.selenium.remote.RemoteWebDriver.findElement(RemoteWebDriver.java:367)
	at org.openqa.selenium.remote.RemoteWebDriver.findElement(RemoteWebDriver.java:359)
	at org.openqa.selenium.support.pagefactory.DefaultElementLocator.findElement(DefaultElementLocator.java:70)
	at org.openqa.selenium.support.pagefactory.internal.LocatingElementHandler.invoke(LocatingElementHandler.java:39)
	at com.sun.proxy.$Proxy19.isDisplayed(Unknown Source)
	at org.openqa.selenium.support.ui.ExpectedConditions.elementIfVisible(ExpectedConditions.java:307)
	at org.openqa.selenium.support.ui.ExpectedConditions.access$000(ExpectedConditions.java:40)
	at org.openqa.selenium.support.ui.ExpectedConditions$10.apply(ExpectedConditions.java:293)
	at org.openqa.selenium.support.ui.ExpectedConditions$10.apply(ExpectedConditions.java:290)
	at org.openqa.selenium.support.ui.FluentWait.until(FluentWait.java:208)
	... 31 more
</pre></div><a href='#' onClick='toggleBox("stack-trace390087432", this, "Click to show all stack frames", "Click to hide stack frames")'>Click to show all stack frames</a>
<div class='stack-trace' id='stack-trace390087432'><pre>org.openqa.selenium.TimeoutException: Expected condition failed: waiting for visibility of Proxy element for: DefaultElementLocator &apos;By.xpath: //td[@class=&apos;product-name&apos;]&apos; (tried for 25 second(s) with 1 milliseconds interval)
	at org.openqa.selenium.support.ui.WebDriverWait.timeoutException(WebDriverWait.java:138)
	at org.openqa.selenium.support.ui.FluentWait.until(FluentWait.java:231)
	at Oxhead_excel.Baseclass.visibilityOfElement(Baseclass.java:38)
	at Oxhead_excel.Header.shoppingCartpage(Header.java:465)
	at Oxhead_excel.TestCases.Customer_Is_Able_To_See_Product_In_ShoppingCart_Page(TestCases.java:596)
	at java.base/jdk.internal.reflect.NativeMethodAccessorImpl.invoke0(Native Method)
	at java.base/jdk.internal.reflect.NativeMethodAccessorImpl.invoke(NativeMethodAccessorImpl.java:62)
	at java.base/jdk.internal.reflect.DelegatingMethodAccessorImpl.invoke(DelegatingMethodAccessorImpl.java:43)
	at java.base/java.lang.reflect.Method.invoke(Method.java:566)
	at org.testng.internal.invokers.MethodInvocationHelper.invokeMethod(MethodInvocationHelper.java:135)
	at org.testng.internal.invokers.TestInvoker.invokeMethod(TestInvoker.java:673)
	at org.testng.internal.invokers.TestInvoker.invokeTestMethod(TestInvoker.java:220)
	at org.testng.internal.invokers.MethodRunner.runInSequence(MethodRunner.java:50)
	at org.testng.internal.invokers.TestInvoker$MethodInvocationAgent.invoke(TestInvoker.java:945)
	at org.testng.internal.invokers.TestInvoker.invokeTestMethods(TestInvoker.java:193)
	at org.testng.internal.invokers.TestMethodWorker.invokeTestMethods(TestMethodWorker.java:146)
	at org.testng.internal.invokers.TestMethodWorker.run(TestMethodWorker.java:128)
	at java.base/java.util.ArrayList.forEach(ArrayList.java:1540)
	at org.testng.TestRunner.privateRun(TestRunner.java:808)
	at org.testng.TestRunner.run(TestRunner.java:603)
	at org.testng.SuiteRunner.runTest(SuiteRunner.java:429)
	at org.testng.SuiteRunner.runSequentially(SuiteRunner.java:423)
	at org.testng.SuiteRunner.privateRun(SuiteRunner.java:383)
	at org.testng.SuiteRunner.run(SuiteRunner.java:326)
	at org.testng.SuiteRunnerWorker.runSuite(SuiteRunnerWorker.java:52)
	at org.testng.SuiteRunnerWorker.run(SuiteRunnerWorker.java:95)
	at org.testng.TestNG.runSuitesSequentially(TestNG.java:1249)
	at org.testng.TestNG.runSuitesLocally(TestNG.java:1169)
	at org.testng.TestNG.runSuites(TestNG.java:1092)
	at org.testng.TestNG.run(TestNG.java:1060)
	at org.testng.remote.AbstractRemoteTestNG.run(AbstractRemoteTestNG.java:115)
	at org.testng.remote.RemoteTestNG.initAndRun(RemoteTestNG.java:251)
	at org.testng.remote.RemoteTestNG.main(RemoteTestNG.java:77)
Caused by: org.openqa.selenium.NoSuchElementException: no such element: Unable to locate element: {&quot;method&quot;:&quot;xpath&quot;,&quot;selector&quot;:&quot;//td[@class=&apos;product-name&apos;]&quot;}
  (Session info: chrome=99.0.4844.84)
For documentation on this error, please visit: https://selenium.dev/exceptions/#no_such_element
Build info: version: &apos;4.1.1&apos;, revision: &apos;e8fcc2cecf&apos;
System info: host: &apos;LMCLT017&apos;, ip: &apos;192.168.0.190&apos;, os.name: &apos;Windows 10&apos;, os.arch: &apos;amd64&apos;, os.version: &apos;10.0&apos;, java.version: &apos;11.0.6&apos;
Driver info: org.openqa.selenium.chrome.ChromeDriver
Command: [fafd81fd86689b9485577a5e8e904b4c, findElement {using=xpath, value=//td[@class=&apos;product-name&apos;]}]
Capabilities {acceptInsecureCerts: false, browserName: chrome, browserVersion: 99.0.4844.84, chrome: {chromedriverVersion: 99.0.4844.51 (d537ec02474b5..., userDataDir: C:\Users\BALARA~1\AppData\L...}, goog:chromeOptions: {debuggerAddress: localhost:60797}, javascriptEnabled: true, networkConnectionEnabled: false, pageLoadStrategy: normal, platform: WINDOWS, platformName: WINDOWS, proxy: Proxy(), se:cdp: ws://localhost:60797/devtoo..., se:cdpVersion: 99.0.4844.84, setWindowRect: true, strictFileInteractability: false, timeouts: {implicit: 0, pageLoad: 300000, script: 30000}, unhandledPromptBehavior: dismiss and notify, webauthn:extension:credBlob: true, webauthn:extension:largeBlob: true, webauthn:virtualAuthenticators: true}
Session ID: fafd81fd86689b9485577a5e8e904b4c
	at jdk.internal.reflect.GeneratedConstructorAccessor79.newInstance(Unknown Source)
	at java.base/jdk.internal.reflect.DelegatingConstructorAccessorImpl.newInstance(DelegatingConstructorAccessorImpl.java:45)
	at java.base/java.lang.reflect.Constructor.newInstance(Constructor.java:490)
	at org.openqa.selenium.remote.codec.w3c.W3CHttpResponseCodec.createException(W3CHttpResponseCodec.java:200)
	at org.openqa.selenium.remote.codec.w3c.W3CHttpResponseCodec.decode(W3CHttpResponseCodec.java:133)
	at org.openqa.selenium.remote.codec.w3c.W3CHttpResponseCodec.decode(W3CHttpResponseCodec.java:53)
	at org.openqa.selenium.remote.HttpCommandExecutor.execute(HttpCommandExecutor.java:184)
	at org.openqa.selenium.remote.service.DriverCommandExecutor.invokeExecute(DriverCommandExecutor.java:167)
	at org.openqa.selenium.remote.service.DriverCommandExecutor.execute(DriverCommandExecutor.java:142)
	at org.openqa.selenium.remote.RemoteWebDriver.execute(RemoteWebDriver.java:543)
	at org.openqa.selenium.remote.ElementLocation$ElementFinder$2.findElement(ElementLocation.java:162)
	at org.openqa.selenium.remote.ElementLocation.findElement(ElementLocation.java:60)
	at org.openqa.selenium.remote.RemoteWebDriver.findElement(RemoteWebDriver.java:367)
	at org.openqa.selenium.remote.RemoteWebDriver.findElement(RemoteWebDriver.java:359)
	at org.openqa.selenium.support.pagefactory.DefaultElementLocator.findElement(DefaultElementLocator.java:70)
	at org.openqa.selenium.support.pagefactory.internal.LocatingElementHandler.invoke(LocatingElementHandler.java:39)
	at com.sun.proxy.$Proxy19.isDisplayed(Unknown Source)
	at org.openqa.selenium.support.ui.ExpectedConditions.elementIfVisible(ExpectedConditions.java:307)
	at org.openqa.selenium.support.ui.ExpectedConditions.access$000(ExpectedConditions.java:40)
	at org.openqa.selenium.support.ui.ExpectedConditions$10.apply(ExpectedConditions.java:293)
	at org.openqa.selenium.support.ui.ExpectedConditions$10.apply(ExpectedConditions.java:290)
	at org.openqa.selenium.support.ui.FluentWait.until(FluentWait.java:208)
	... 31 more
</pre></div></td>
<td>42</td>
<td>Oxhead_excel.TestCases@54422e18</td></tr>
<tr>
<td title='Oxhead_excel.TestCases.Customer_is_able_to_see_the_silver_coins()'><b>Customer_is_able_to_see_the_silver_coins</b><br>Test class: Oxhead_excel.TestCases<br>Parameters: Sravya, Kosireddy, RGT, 23 WALL ST, 23 WALL ST, NEWYORK, New York, 10005, 9876543210, ksravs09@gmail.com</td>
<td><div><pre>org.openqa.selenium.TimeoutException: Expected condition failed: waiting for visibility of Proxy element for: DefaultElementLocator &apos;By.xpath: //div[@class=&apos;summary-inner&apos;]//button[@name=&apos;add-to-cart&apos;]&apos; (tried for 25 second(s) with 1 milliseconds interval)
	at org.openqa.selenium.support.ui.WebDriverWait.timeoutException(WebDriverWait.java:138)
	at org.openqa.selenium.support.ui.FluentWait.until(FluentWait.java:231)
	at Oxhead_excel.Baseclass.visibilityOfElement(Baseclass.java:38)
	at Oxhead_excel.Header.silvercoins(Header.java:300)
	at Oxhead_excel.TestCases.Customer_is_able_to_see_the_silver_coins(TestCases.java:500)
	at java.base/jdk.internal.reflect.NativeMethodAccessorImpl.invoke0(Native Method)
	at java.base/jdk.internal.reflect.NativeMethodAccessorImpl.invoke(NativeMethodAccessorImpl.java:62)
	at java.base/jdk.internal.reflect.DelegatingMethodAccessorImpl.invoke(DelegatingMethodAccessorImpl.java:43)
	at java.base/java.lang.reflect.Method.invoke(Method.java:566)
	at org.testng.internal.invokers.MethodInvocationHelper.invokeMethod(MethodInvocationHelper.java:135)
	at org.testng.internal.invokers.TestInvoker.invokeMethod(TestInvoker.java:673)
	at org.testng.internal.invokers.TestInvoker.invokeTestMethod(TestInvoker.java:220)
	at org.testng.internal.invokers.MethodRunner.runInSequence(MethodRunner.java:50)
	at org.testng.internal.invokers.TestInvoker$MethodInvocationAgent.invoke(TestInvoker.java:945)
	at org.testng.internal.invokers.TestInvoker.invokeTestMethods(TestInvoker.java:193)
	at org.testng.internal.invokers.TestMethodWorker.invokeTestMethods(TestMethodWorker.java:146)
	at org.testng.internal.invokers.TestMethodWorker.run(TestMethodWorker.java:128)
	at java.base/java.util.ArrayList.forEach(ArrayList.java:1540)
	at org.testng.TestRunner.privateRun(TestRunner.java:808)
	at org.testng.TestRunner.run(TestRunner.java:603)
	at org.testng.SuiteRunner.runTest(SuiteRunner.java:429)
	at org.testng.SuiteRunner.runSequentially(SuiteRunner.java:423)
	at org.testng.SuiteRunner.privateRun(SuiteRunner.java:383)
	at org.testng.SuiteRunner.run(SuiteRunner.java:326)
	at org.testng.SuiteRunnerWorker.runSuite(SuiteRunnerWorker.java:52)
	at org.testng.SuiteRunnerWorker.run(SuiteRunnerWorker.java:95)
	at org.testng.TestNG.runSuitesSequentially(TestNG.java:1249)
	at org.testng.TestNG.runSuitesLocally(TestNG.java:1169)
	at org.testng.TestNG.runSuites(TestNG.java:1092)
	at org.testng.TestNG.run(TestNG.java:1060)
	at org.testng.remote.AbstractRemoteTestNG.run(AbstractRemoteTestNG.java:115)
	at org.testng.remote.RemoteTestNG.initAndRun(RemoteTestNG.java:251)
	at org.testng.remote.RemoteTestNG.main(RemoteTestNG.java:77)
Caused by: org.openqa.selenium.NoSuchElementException: no such element: Unable to locate element: {&quot;method&quot;:&quot;xpath&quot;,&quot;selector&quot;:&quot;//div[@class=&apos;summary-inner&apos;]//button[@name=&apos;add-to-cart&apos;]&quot;}
  (Session info: chrome=99.0.4844.84)
For documentation on this error, please visit: https://selenium.dev/exceptions/#no_such_element
Build info: version: &apos;4.1.1&apos;, revision: &apos;e8fcc2cecf&apos;
System info: host: &apos;LMCLT017&apos;, ip: &apos;192.168.0.190&apos;, os.name: &apos;Windows 10&apos;, os.arch: &apos;amd64&apos;, os.version: &apos;10.0&apos;, java.version: &apos;11.0.6&apos;
Driver info: org.openqa.selenium.chrome.ChromeDriver
Command: [991d6533517e336f7fcba0fb7ba3711f, findElement {using=xpath, value=//div[@class=&apos;summary-inner&apos;]//button[@name=&apos;add-to-cart&apos;]}]
Capabilities {acceptInsecureCerts: false, browserName: chrome, browserVersion: 99.0.4844.84, chrome: {chromedriverVersion: 99.0.4844.51 (d537ec02474b5..., userDataDir: C:\Users\BALARA~1\AppData\L...}, goog:chromeOptions: {debuggerAddress: localhost:60043}, javascriptEnabled: true, networkConnectionEnabled: false, pageLoadStrategy: normal, platform: WINDOWS, platformName: WINDOWS, proxy: Proxy(), se:cdp: ws://localhost:60043/devtoo..., se:cdpVersion: 99.0.4844.84, setWindowRect: true, strictFileInteractability: false, timeouts: {implicit: 0, pageLoad: 300000, script: 30000}, unhandledPromptBehavior: dismiss and notify, webauthn:extension:credBlob: true, webauthn:extension:largeBlob: true, webauthn:virtualAuthenticators: true}
Session ID: 991d6533517e336f7fcba0fb7ba3711f
	at jdk.internal.reflect.GeneratedConstructorAccessor79.newInstance(Unknown Source)
	at java.base/jdk.internal.reflect.DelegatingConstructorAccessorImpl.newInstance(DelegatingConstructorAccessorImpl.java:45)
	at java.base/java.lang.reflect.Constructor.newInstance(Constructor.java:490)
	at org.openqa.selenium.remote.codec.w3c.W3CHttpResponseCodec.createException(W3CHttpResponseCodec.java:200)
	at org.openqa.selenium.remote.codec.w3c.W3CHttpResponseCodec.decode(W3CHttpResponseCodec.java:133)
	at org.openqa.selenium.remote.codec.w3c.W3CHttpResponseCodec.decode(W3CHttpResponseCodec.java:53)
	at org.openqa.selenium.remote.HttpCommandExecutor.execute(HttpCommandExecutor.java:184)
	at org.openqa.selenium.remote.service.DriverCommandExecutor.invokeExecute(DriverCommandExecutor.java:167)
	at org.openqa.selenium.remote.service.DriverCommandExecutor.execute(DriverCommandExecutor.java:142)
	at org.openqa.selenium.remote.RemoteWebDriver.execute(RemoteWebDriver.java:543)
	at org.openqa.selenium.remote.ElementLocation$ElementFinder$2.findElement(ElementLocation.java:162)
	at org.openqa.selenium.remote.ElementLocation.findElement(ElementLocation.java:60)
	at org.openqa.selenium.remote.RemoteWebDriver.findElement(RemoteWebDriver.java:367)
	at org.openqa.selenium.remote.RemoteWebDriver.findElement(RemoteWebDriver.java:359)
	at org.openqa.selenium.support.pagefactory.DefaultElementLocator.findElement(DefaultElementLocator.java:70)
	at org.openqa.selenium.support.pagefactory.internal.LocatingElementHandler.invoke(LocatingElementHandler.java:39)
	at com.sun.proxy.$Proxy19.isDisplayed(Unknown Source)
	at org.openqa.selenium.support.ui.ExpectedConditions.elementIfVisible(ExpectedConditions.java:307)
	at org.openqa.selenium.support.ui.ExpectedConditions.access$000(ExpectedConditions.java:40)
	at org.openqa.selenium.support.ui.ExpectedConditions$10.apply(ExpectedConditions.java:293)
	at org.openqa.selenium.support.ui.ExpectedConditions$10.apply(ExpectedConditions.java:290)
	at org.openqa.selenium.support.ui.FluentWait.until(FluentWait.java:208)
	... 31 more
</pre></div><a href='#' onClick='toggleBox("stack-trace621196940", this, "Click to show all stack frames", "Click to hide stack frames")'>Click to show all stack frames</a>
<div class='stack-trace' id='stack-trace621196940'><pre>org.openqa.selenium.TimeoutException: Expected condition failed: waiting for visibility of Proxy element for: DefaultElementLocator &apos;By.xpath: //div[@class=&apos;summary-inner&apos;]//button[@name=&apos;add-to-cart&apos;]&apos; (tried for 25 second(s) with 1 milliseconds interval)
	at org.openqa.selenium.support.ui.WebDriverWait.timeoutException(WebDriverWait.java:138)
	at org.openqa.selenium.support.ui.FluentWait.until(FluentWait.java:231)
	at Oxhead_excel.Baseclass.visibilityOfElement(Baseclass.java:38)
	at Oxhead_excel.Header.silvercoins(Header.java:300)
	at Oxhead_excel.TestCases.Customer_is_able_to_see_the_silver_coins(TestCases.java:500)
	at java.base/jdk.internal.reflect.NativeMethodAccessorImpl.invoke0(Native Method)
	at java.base/jdk.internal.reflect.NativeMethodAccessorImpl.invoke(NativeMethodAccessorImpl.java:62)
	at java.base/jdk.internal.reflect.DelegatingMethodAccessorImpl.invoke(DelegatingMethodAccessorImpl.java:43)
	at java.base/java.lang.reflect.Method.invoke(Method.java:566)
	at org.testng.internal.invokers.MethodInvocationHelper.invokeMethod(MethodInvocationHelper.java:135)
	at org.testng.internal.invokers.TestInvoker.invokeMethod(TestInvoker.java:673)
	at org.testng.internal.invokers.TestInvoker.invokeTestMethod(TestInvoker.java:220)
	at org.testng.internal.invokers.MethodRunner.runInSequence(MethodRunner.java:50)
	at org.testng.internal.invokers.TestInvoker$MethodInvocationAgent.invoke(TestInvoker.java:945)
	at org.testng.internal.invokers.TestInvoker.invokeTestMethods(TestInvoker.java:193)
	at org.testng.internal.invokers.TestMethodWorker.invokeTestMethods(TestMethodWorker.java:146)
	at org.testng.internal.invokers.TestMethodWorker.run(TestMethodWorker.java:128)
	at java.base/java.util.ArrayList.forEach(ArrayList.java:1540)
	at org.testng.TestRunner.privateRun(TestRunner.java:808)
	at org.testng.TestRunner.run(TestRunner.java:603)
	at org.testng.SuiteRunner.runTest(SuiteRunner.java:429)
	at org.testng.SuiteRunner.runSequentially(SuiteRunner.java:423)
	at org.testng.SuiteRunner.privateRun(SuiteRunner.java:383)
	at org.testng.SuiteRunner.run(SuiteRunner.java:326)
	at org.testng.SuiteRunnerWorker.runSuite(SuiteRunnerWorker.java:52)
	at org.testng.SuiteRunnerWorker.run(SuiteRunnerWorker.java:95)
	at org.testng.TestNG.runSuitesSequentially(TestNG.java:1249)
	at org.testng.TestNG.runSuitesLocally(TestNG.java:1169)
	at org.testng.TestNG.runSuites(TestNG.java:1092)
	at org.testng.TestNG.run(TestNG.java:1060)
	at org.testng.remote.AbstractRemoteTestNG.run(AbstractRemoteTestNG.java:115)
	at org.testng.remote.RemoteTestNG.initAndRun(RemoteTestNG.java:251)
	at org.testng.remote.RemoteTestNG.main(RemoteTestNG.java:77)
Caused by: org.openqa.selenium.NoSuchElementException: no such element: Unable to locate element: {&quot;method&quot;:&quot;xpath&quot;,&quot;selector&quot;:&quot;//div[@class=&apos;summary-inner&apos;]//button[@name=&apos;add-to-cart&apos;]&quot;}
  (Session info: chrome=99.0.4844.84)
For documentation on this error, please visit: https://selenium.dev/exceptions/#no_such_element
Build info: version: &apos;4.1.1&apos;, revision: &apos;e8fcc2cecf&apos;
System info: host: &apos;LMCLT017&apos;, ip: &apos;192.168.0.190&apos;, os.name: &apos;Windows 10&apos;, os.arch: &apos;amd64&apos;, os.version: &apos;10.0&apos;, java.version: &apos;11.0.6&apos;
Driver info: org.openqa.selenium.chrome.ChromeDriver
Command: [991d6533517e336f7fcba0fb7ba3711f, findElement {using=xpath, value=//div[@class=&apos;summary-inner&apos;]//button[@name=&apos;add-to-cart&apos;]}]
Capabilities {acceptInsecureCerts: false, browserName: chrome, browserVersion: 99.0.4844.84, chrome: {chromedriverVersion: 99.0.4844.51 (d537ec02474b5..., userDataDir: C:\Users\BALARA~1\AppData\L...}, goog:chromeOptions: {debuggerAddress: localhost:60043}, javascriptEnabled: true, networkConnectionEnabled: false, pageLoadStrategy: normal, platform: WINDOWS, platformName: WINDOWS, proxy: Proxy(), se:cdp: ws://localhost:60043/devtoo..., se:cdpVersion: 99.0.4844.84, setWindowRect: true, strictFileInteractability: false, timeouts: {implicit: 0, pageLoad: 300000, script: 30000}, unhandledPromptBehavior: dismiss and notify, webauthn:extension:credBlob: true, webauthn:extension:largeBlob: true, webauthn:virtualAuthenticators: true}
Session ID: 991d6533517e336f7fcba0fb7ba3711f
	at jdk.internal.reflect.GeneratedConstructorAccessor79.newInstance(Unknown Source)
	at java.base/jdk.internal.reflect.DelegatingConstructorAccessorImpl.newInstance(DelegatingConstructorAccessorImpl.java:45)
	at java.base/java.lang.reflect.Constructor.newInstance(Constructor.java:490)
	at org.openqa.selenium.remote.codec.w3c.W3CHttpResponseCodec.createException(W3CHttpResponseCodec.java:200)
	at org.openqa.selenium.remote.codec.w3c.W3CHttpResponseCodec.decode(W3CHttpResponseCodec.java:133)
	at org.openqa.selenium.remote.codec.w3c.W3CHttpResponseCodec.decode(W3CHttpResponseCodec.java:53)
	at org.openqa.selenium.remote.HttpCommandExecutor.execute(HttpCommandExecutor.java:184)
	at org.openqa.selenium.remote.service.DriverCommandExecutor.invokeExecute(DriverCommandExecutor.java:167)
	at org.openqa.selenium.remote.service.DriverCommandExecutor.execute(DriverCommandExecutor.java:142)
	at org.openqa.selenium.remote.RemoteWebDriver.execute(RemoteWebDriver.java:543)
	at org.openqa.selenium.remote.ElementLocation$ElementFinder$2.findElement(ElementLocation.java:162)
	at org.openqa.selenium.remote.ElementLocation.findElement(ElementLocation.java:60)
	at org.openqa.selenium.remote.RemoteWebDriver.findElement(RemoteWebDriver.java:367)
	at org.openqa.selenium.remote.RemoteWebDriver.findElement(RemoteWebDriver.java:359)
	at org.openqa.selenium.support.pagefactory.DefaultElementLocator.findElement(DefaultElementLocator.java:70)
	at org.openqa.selenium.support.pagefactory.internal.LocatingElementHandler.invoke(LocatingElementHandler.java:39)
	at com.sun.proxy.$Proxy19.isDisplayed(Unknown Source)
	at org.openqa.selenium.support.ui.ExpectedConditions.elementIfVisible(ExpectedConditions.java:307)
	at org.openqa.selenium.support.ui.ExpectedConditions.access$000(ExpectedConditions.java:40)
	at org.openqa.selenium.support.ui.ExpectedConditions$10.apply(ExpectedConditions.java:293)
	at org.openqa.selenium.support.ui.ExpectedConditions$10.apply(ExpectedConditions.java:290)
	at org.openqa.selenium.support.ui.FluentWait.until(FluentWait.java:208)
	... 31 more
</pre></div></td>
<td>45</td>
<td>Oxhead_excel.TestCases@54422e18</td></tr>
<tr>
<td title='Oxhead_excel.TestCases.user_is_able_to_fill_valid_details_in_shippingaddress_and_able_to_delete_shippingaddress_details()'><b>user_is_able_to_fill_valid_details_in_shippingaddress_and_able_to_delete_shippingaddress_details</b><br>Test class: Oxhead_excel.TestCases<br>Parameters: vinithab211@gmail.com, vinitha@123, sravya, saint, john, RGT, 591 Grand Avenue, SuiteG102, San Macros, California, 92069, 2445556987, sree</td>
<td><div><pre>org.openqa.selenium.ElementClickInterceptedException: element click intercepted: Element &lt;button class=&quot;form_option_ship_...&quot; data-id=&quot;145&quot; data-eid-ship=&quot;231&quot;&gt;edit&lt;/button&gt; is not clickable at point (1071, 10). Other element would receive the click: &lt;div class=&quot;wd-header-nav wd-header-main-nav text-left&quot; role=&quot;navigation&quot;&gt;...&lt;/div&gt;
  (Session info: chrome=99.0.4844.84)
Build info: version: &apos;4.1.1&apos;, revision: &apos;e8fcc2cecf&apos;
System info: host: &apos;LMCLT017&apos;, ip: &apos;192.168.0.190&apos;, os.name: &apos;Windows 10&apos;, os.arch: &apos;amd64&apos;, os.version: &apos;10.0&apos;, java.version: &apos;11.0.6&apos;
Driver info: org.openqa.selenium.chrome.ChromeDriver
Command: [076f2db918b288b00d3c2e7e21b4695b, clickElement {id=2121bf88-b951-4c81-bfbf-c18baa0d19b3}]
Capabilities {acceptInsecureCerts: false, browserName: chrome, browserVersion: 99.0.4844.84, chrome: {chromedriverVersion: 99.0.4844.51 (d537ec02474b5..., userDataDir: C:\Users\BALARA~1\AppData\L...}, goog:chromeOptions: {debuggerAddress: localhost:58110}, javascriptEnabled: true, networkConnectionEnabled: false, pageLoadStrategy: normal, platform: WINDOWS, platformName: WINDOWS, proxy: Proxy(), se:cdp: ws://localhost:58110/devtoo..., se:cdpVersion: 99.0.4844.84, setWindowRect: true, strictFileInteractability: false, timeouts: {implicit: 0, pageLoad: 300000, script: 30000}, unhandledPromptBehavior: dismiss and notify, webauthn:extension:credBlob: true, webauthn:extension:largeBlob: true, webauthn:virtualAuthenticators: true}
Element: [[ChromeDriver: chrome on WINDOWS (076f2db918b288b00d3c2e7e21b4695b)] -&gt; xpath: //button[@class=&quot;form_option_ship_edit&quot;][1]]
Session ID: 076f2db918b288b00d3c2e7e21b4695b
	at java.base/jdk.internal.reflect.NativeConstructorAccessorImpl.newInstance0(Native Method)
	at java.base/jdk.internal.reflect.NativeConstructorAccessorImpl.newInstance(NativeConstructorAccessorImpl.java:62)
	at java.base/jdk.internal.reflect.DelegatingConstructorAccessorImpl.newInstance(DelegatingConstructorAccessorImpl.java:45)
	at java.base/java.lang.reflect.Constructor.newInstance(Constructor.java:490)
	at org.openqa.selenium.remote.codec.w3c.W3CHttpResponseCodec.createException(W3CHttpResponseCodec.java:200)
	at org.openqa.selenium.remote.codec.w3c.W3CHttpResponseCodec.decode(W3CHttpResponseCodec.java:133)
	at org.openqa.selenium.remote.codec.w3c.W3CHttpResponseCodec.decode(W3CHttpResponseCodec.java:53)
	at org.openqa.selenium.remote.HttpCommandExecutor.execute(HttpCommandExecutor.java:184)
	at org.openqa.selenium.remote.service.DriverCommandExecutor.invokeExecute(DriverCommandExecutor.java:167)
	at org.openqa.selenium.remote.service.DriverCommandExecutor.execute(DriverCommandExecutor.java:142)
	at org.openqa.selenium.remote.RemoteWebDriver.execute(RemoteWebDriver.java:543)
	at org.openqa.selenium.remote.RemoteWebElement.execute(RemoteWebElement.java:251)
	at org.openqa.selenium.remote.RemoteWebElement.click(RemoteWebElement.java:77)
	at jdk.internal.reflect.GeneratedMethodAccessor2.invoke(Unknown Source)
	at java.base/jdk.internal.reflect.DelegatingMethodAccessorImpl.invoke(DelegatingMethodAccessorImpl.java:43)
	at java.base/java.lang.reflect.Method.invoke(Method.java:566)
	at org.openqa.selenium.support.pagefactory.internal.LocatingElementHandler.invoke(LocatingElementHandler.java:52)
	at com.sun.proxy.$Proxy19.click(Unknown Source)
	at Oxhead_excel.Runner.adressBook_Shippingadress(Runner.java:496)
	at Oxhead_excel.TestCases.user_is_able_to_fill_valid_details_in_shippingaddress_and_able_to_delete_shippingaddress_details(TestCases.java:344)
	at java.base/jdk.internal.reflect.NativeMethodAccessorImpl.invoke0(Native Method)
	at java.base/jdk.internal.reflect.NativeMethodAccessorImpl.invoke(NativeMethodAccessorImpl.java:62)
	at java.base/jdk.internal.reflect.DelegatingMethodAccessorImpl.invoke(DelegatingMethodAccessorImpl.java:43)
	at java.base/java.lang.reflect.Method.invoke(Method.java:566)
	at org.testng.internal.invokers.MethodInvocationHelper.invokeMethod(MethodInvocationHelper.java:135)
	at org.testng.internal.invokers.TestInvoker.invokeMethod(TestInvoker.java:673)
	at org.testng.internal.invokers.TestInvoker.invokeTestMethod(TestInvoker.java:220)
	at org.testng.internal.invokers.MethodRunner.runInSequence(MethodRunner.java:50)
	at org.testng.internal.invokers.TestInvoker$MethodInvocationAgent.invoke(TestInvoker.java:945)
	at org.testng.internal.invokers.TestInvoker.invokeTestMethods(TestInvoker.java:193)
	at org.testng.internal.invokers.TestMethodWorker.invokeTestMethods(TestMethodWorker.java:146)
	at org.testng.internal.invokers.TestMethodWorker.run(TestMethodWorker.java:128)
	at java.base/java.util.ArrayList.forEach(ArrayList.java:1540)
	at org.testng.TestRunner.privateRun(TestRunner.java:808)
	at org.testng.TestRunner.run(TestRunner.java:603)
	at org.testng.SuiteRunner.runTest(SuiteRunner.java:429)
	at org.testng.SuiteRunner.runSequentially(SuiteRunner.java:423)
	at org.testng.SuiteRunner.privateRun(SuiteRunner.java:383)
	at org.testng.SuiteRunner.run(SuiteRunner.java:326)
	at org.testng.SuiteRunnerWorker.runSuite(SuiteRunnerWorker.java:52)
	at org.testng.SuiteRunnerWorker.run(SuiteRunnerWorker.java:95)
	at org.testng.TestNG.runSuitesSequentially(TestNG.java:1249)
	at org.testng.TestNG.runSuitesLocally(TestNG.java:1169)
	at org.testng.TestNG.runSuites(TestNG.java:1092)
	at org.testng.TestNG.run(TestNG.java:1060)
	at org.testng.remote.AbstractRemoteTestNG.run(AbstractRemoteTestNG.java:115)
	at org.testng.remote.RemoteTestNG.initAndRun(RemoteTestNG.java:251)
	at org.testng.remote.RemoteTestNG.main(RemoteTestNG.java:77)
</pre></div><a href='#' onClick='toggleBox("stack-trace796546545", this, "Click to show all stack frames", "Click to hide stack frames")'>Click to show all stack frames</a>
<div class='stack-trace' id='stack-trace796546545'><pre>org.openqa.selenium.ElementClickInterceptedException: element click intercepted: Element &lt;button class=&quot;form_option_ship_...&quot; data-id=&quot;145&quot; data-eid-ship=&quot;231&quot;&gt;edit&lt;/button&gt; is not clickable at point (1071, 10). Other element would receive the click: &lt;div class=&quot;wd-header-nav wd-header-main-nav text-left&quot; role=&quot;navigation&quot;&gt;...&lt;/div&gt;
  (Session info: chrome=99.0.4844.84)
Build info: version: &apos;4.1.1&apos;, revision: &apos;e8fcc2cecf&apos;
System info: host: &apos;LMCLT017&apos;, ip: &apos;192.168.0.190&apos;, os.name: &apos;Windows 10&apos;, os.arch: &apos;amd64&apos;, os.version: &apos;10.0&apos;, java.version: &apos;11.0.6&apos;
Driver info: org.openqa.selenium.chrome.ChromeDriver
Command: [076f2db918b288b00d3c2e7e21b4695b, clickElement {id=2121bf88-b951-4c81-bfbf-c18baa0d19b3}]
Capabilities {acceptInsecureCerts: false, browserName: chrome, browserVersion: 99.0.4844.84, chrome: {chromedriverVersion: 99.0.4844.51 (d537ec02474b5..., userDataDir: C:\Users\BALARA~1\AppData\L...}, goog:chromeOptions: {debuggerAddress: localhost:58110}, javascriptEnabled: true, networkConnectionEnabled: false, pageLoadStrategy: normal, platform: WINDOWS, platformName: WINDOWS, proxy: Proxy(), se:cdp: ws://localhost:58110/devtoo..., se:cdpVersion: 99.0.4844.84, setWindowRect: true, strictFileInteractability: false, timeouts: {implicit: 0, pageLoad: 300000, script: 30000}, unhandledPromptBehavior: dismiss and notify, webauthn:extension:credBlob: true, webauthn:extension:largeBlob: true, webauthn:virtualAuthenticators: true}
Element: [[ChromeDriver: chrome on WINDOWS (076f2db918b288b00d3c2e7e21b4695b)] -&gt; xpath: //button[@class=&quot;form_option_ship_edit&quot;][1]]
Session ID: 076f2db918b288b00d3c2e7e21b4695b
	at java.base/jdk.internal.reflect.NativeConstructorAccessorImpl.newInstance0(Native Method)
	at java.base/jdk.internal.reflect.NativeConstructorAccessorImpl.newInstance(NativeConstructorAccessorImpl.java:62)
	at java.base/jdk.internal.reflect.DelegatingConstructorAccessorImpl.newInstance(DelegatingConstructorAccessorImpl.java:45)
	at java.base/java.lang.reflect.Constructor.newInstance(Constructor.java:490)
	at org.openqa.selenium.remote.codec.w3c.W3CHttpResponseCodec.createException(W3CHttpResponseCodec.java:200)
	at org.openqa.selenium.remote.codec.w3c.W3CHttpResponseCodec.decode(W3CHttpResponseCodec.java:133)
	at org.openqa.selenium.remote.codec.w3c.W3CHttpResponseCodec.decode(W3CHttpResponseCodec.java:53)
	at org.openqa.selenium.remote.HttpCommandExecutor.execute(HttpCommandExecutor.java:184)
	at org.openqa.selenium.remote.service.DriverCommandExecutor.invokeExecute(DriverCommandExecutor.java:167)
	at org.openqa.selenium.remote.service.DriverCommandExecutor.execute(DriverCommandExecutor.java:142)
	at org.openqa.selenium.remote.RemoteWebDriver.execute(RemoteWebDriver.java:543)
	at org.openqa.selenium.remote.RemoteWebElement.execute(RemoteWebElement.java:251)
	at org.openqa.selenium.remote.RemoteWebElement.click(RemoteWebElement.java:77)
	at jdk.internal.reflect.GeneratedMethodAccessor2.invoke(Unknown Source)
	at java.base/jdk.internal.reflect.DelegatingMethodAccessorImpl.invoke(DelegatingMethodAccessorImpl.java:43)
	at java.base/java.lang.reflect.Method.invoke(Method.java:566)
	at org.openqa.selenium.support.pagefactory.internal.LocatingElementHandler.invoke(LocatingElementHandler.java:52)
	at com.sun.proxy.$Proxy19.click(Unknown Source)
	at Oxhead_excel.Runner.adressBook_Shippingadress(Runner.java:496)
	at Oxhead_excel.TestCases.user_is_able_to_fill_valid_details_in_shippingaddress_and_able_to_delete_shippingaddress_details(TestCases.java:344)
	at java.base/jdk.internal.reflect.NativeMethodAccessorImpl.invoke0(Native Method)
	at java.base/jdk.internal.reflect.NativeMethodAccessorImpl.invoke(NativeMethodAccessorImpl.java:62)
	at java.base/jdk.internal.reflect.DelegatingMethodAccessorImpl.invoke(DelegatingMethodAccessorImpl.java:43)
	at java.base/java.lang.reflect.Method.invoke(Method.java:566)
	at org.testng.internal.invokers.MethodInvocationHelper.invokeMethod(MethodInvocationHelper.java:135)
	at org.testng.internal.invokers.TestInvoker.invokeMethod(TestInvoker.java:673)
	at org.testng.internal.invokers.TestInvoker.invokeTestMethod(TestInvoker.java:220)
	at org.testng.internal.invokers.MethodRunner.runInSequence(MethodRunner.java:50)
	at org.testng.internal.invokers.TestInvoker$MethodInvocationAgent.invoke(TestInvoker.java:945)
	at org.testng.internal.invokers.TestInvoker.invokeTestMethods(TestInvoker.java:193)
	at org.testng.internal.invokers.TestMethodWorker.invokeTestMethods(TestMethodWorker.java:146)
	at org.testng.internal.invokers.TestMethodWorker.run(TestMethodWorker.java:128)
	at java.base/java.util.ArrayList.forEach(ArrayList.java:1540)
	at org.testng.TestRunner.privateRun(TestRunner.java:808)
	at org.testng.TestRunner.run(TestRunner.java:603)
	at org.testng.SuiteRunner.runTest(SuiteRunner.java:429)
	at org.testng.SuiteRunner.runSequentially(SuiteRunner.java:423)
	at org.testng.SuiteRunner.privateRun(SuiteRunner.java:383)
	at org.testng.SuiteRunner.run(SuiteRunner.java:326)
	at org.testng.SuiteRunnerWorker.runSuite(SuiteRunnerWorker.java:52)
	at org.testng.SuiteRunnerWorker.run(SuiteRunnerWorker.java:95)
	at org.testng.TestNG.runSuitesSequentially(TestNG.java:1249)
	at org.testng.TestNG.runSuitesLocally(TestNG.java:1169)
	at org.testng.TestNG.runSuites(TestNG.java:1092)
	at org.testng.TestNG.run(TestNG.java:1060)
	at org.testng.remote.AbstractRemoteTestNG.run(AbstractRemoteTestNG.java:115)
	at org.testng.remote.RemoteTestNG.initAndRun(RemoteTestNG.java:251)
	at org.testng.remote.RemoteTestNG.main(RemoteTestNG.java:77)
</pre></div></td>
<td>46</td>
<td>Oxhead_excel.TestCases@54422e18</td></tr>
<tr>
<td title='Oxhead_excel.TestCases.verify_user_is_able_click_on_FAQ_button_and_able_to_see_contactUSPage_and_verify_with_invalid_name_remaining_all_are_valid()'><b>verify_user_is_able_click_on_FAQ_button_and_able_to_see_contactUSPage_and_verify_with_invalid_name_remaining_all_are_valid</b><br>Test class: Oxhead_excel.TestCases<br>Parameters: vinithab211@gmail.com, vinitha@123, !235vt.*&, vinithab211@gmail.com, 9550447580, RGT, gold</td>
<td><div><pre>org.openqa.selenium.ElementClickInterceptedException: element click intercepted: Element &lt;span class=&quot;vc_tta-title-text&quot;&gt;...&lt;/span&gt; is not clickable at point (931, 546). Other element would receive the click: &lt;span class=&quot;NormalTextRun SCXW214363955 BCX8&quot; data-ccp-parastyle=&quot;heading 1&quot;&gt;...&lt;/span&gt;
  (Session info: chrome=99.0.4844.84)
Build info: version: &apos;4.1.1&apos;, revision: &apos;e8fcc2cecf&apos;
System info: host: &apos;LMCLT017&apos;, ip: &apos;192.168.0.190&apos;, os.name: &apos;Windows 10&apos;, os.arch: &apos;amd64&apos;, os.version: &apos;10.0&apos;, java.version: &apos;11.0.6&apos;
Driver info: org.openqa.selenium.chrome.ChromeDriver
Command: [c387e06d6323a5c58378752db19b567f, clickElement {id=e470257d-bbe6-4062-8fcf-1bf9b894116a}]
Capabilities {acceptInsecureCerts: false, browserName: chrome, browserVersion: 99.0.4844.84, chrome: {chromedriverVersion: 99.0.4844.51 (d537ec02474b5..., userDataDir: C:\Users\BALARA~1\AppData\L...}, goog:chromeOptions: {debuggerAddress: localhost:61081}, javascriptEnabled: true, networkConnectionEnabled: false, pageLoadStrategy: normal, platform: WINDOWS, platformName: WINDOWS, proxy: Proxy(), se:cdp: ws://localhost:61081/devtoo..., se:cdpVersion: 99.0.4844.84, setWindowRect: true, strictFileInteractability: false, timeouts: {implicit: 0, pageLoad: 300000, script: 30000}, unhandledPromptBehavior: dismiss and notify, webauthn:extension:credBlob: true, webauthn:extension:largeBlob: true, webauthn:virtualAuthenticators: true}
Element: [[ChromeDriver: chrome on WINDOWS (c387e06d6323a5c58378752db19b567f)] -&gt; xpath: //span[text()=&apos;DO YOU OFFER FREE SHIPPING?&apos;]]
Session ID: c387e06d6323a5c58378752db19b567f
	at java.base/jdk.internal.reflect.NativeConstructorAccessorImpl.newInstance0(Native Method)
	at java.base/jdk.internal.reflect.NativeConstructorAccessorImpl.newInstance(NativeConstructorAccessorImpl.java:62)
	at java.base/jdk.internal.reflect.DelegatingConstructorAccessorImpl.newInstance(DelegatingConstructorAccessorImpl.java:45)
	at java.base/java.lang.reflect.Constructor.newInstance(Constructor.java:490)
	at org.openqa.selenium.remote.codec.w3c.W3CHttpResponseCodec.createException(W3CHttpResponseCodec.java:200)
	at org.openqa.selenium.remote.codec.w3c.W3CHttpResponseCodec.decode(W3CHttpResponseCodec.java:133)
	at org.openqa.selenium.remote.codec.w3c.W3CHttpResponseCodec.decode(W3CHttpResponseCodec.java:53)
	at org.openqa.selenium.remote.HttpCommandExecutor.execute(HttpCommandExecutor.java:184)
	at org.openqa.selenium.remote.service.DriverCommandExecutor.invokeExecute(DriverCommandExecutor.java:167)
	at org.openqa.selenium.remote.service.DriverCommandExecutor.execute(DriverCommandExecutor.java:142)
	at org.openqa.selenium.remote.RemoteWebDriver.execute(RemoteWebDriver.java:543)
	at org.openqa.selenium.remote.RemoteWebElement.execute(RemoteWebElement.java:251)
	at org.openqa.selenium.remote.RemoteWebElement.click(RemoteWebElement.java:77)
	at jdk.internal.reflect.GeneratedMethodAccessor2.invoke(Unknown Source)
	at java.base/jdk.internal.reflect.DelegatingMethodAccessorImpl.invoke(DelegatingMethodAccessorImpl.java:43)
	at java.base/java.lang.reflect.Method.invoke(Method.java:566)
	at org.openqa.selenium.support.pagefactory.internal.LocatingElementHandler.invoke(LocatingElementHandler.java:52)
	at com.sun.proxy.$Proxy19.click(Unknown Source)
	at Oxhead_excel.Header.FAQs(Header.java:702)
	at Oxhead_excel.TestCases.verify_user_is_able_click_on_FAQ_button_and_able_to_see_contactUSPage_and_verify_with_invalid_name_remaining_all_are_valid(TestCases.java:628)
	at java.base/jdk.internal.reflect.NativeMethodAccessorImpl.invoke0(Native Method)
	at java.base/jdk.internal.reflect.NativeMethodAccessorImpl.invoke(NativeMethodAccessorImpl.java:62)
	at java.base/jdk.internal.reflect.DelegatingMethodAccessorImpl.invoke(DelegatingMethodAccessorImpl.java:43)
	at java.base/java.lang.reflect.Method.invoke(Method.java:566)
	at org.testng.internal.invokers.MethodInvocationHelper.invokeMethod(MethodInvocationHelper.java:135)
	at org.testng.internal.invokers.TestInvoker.invokeMethod(TestInvoker.java:673)
	at org.testng.internal.invokers.TestInvoker.invokeTestMethod(TestInvoker.java:220)
	at org.testng.internal.invokers.MethodRunner.runInSequence(MethodRunner.java:50)
	at org.testng.internal.invokers.TestInvoker$MethodInvocationAgent.invoke(TestInvoker.java:945)
	at org.testng.internal.invokers.TestInvoker.invokeTestMethods(TestInvoker.java:193)
	at org.testng.internal.invokers.TestMethodWorker.invokeTestMethods(TestMethodWorker.java:146)
	at org.testng.internal.invokers.TestMethodWorker.run(TestMethodWorker.java:128)
	at java.base/java.util.ArrayList.forEach(ArrayList.java:1540)
	at org.testng.TestRunner.privateRun(TestRunner.java:808)
	at org.testng.TestRunner.run(TestRunner.java:603)
	at org.testng.SuiteRunner.runTest(SuiteRunner.java:429)
	at org.testng.SuiteRunner.runSequentially(SuiteRunner.java:423)
	at org.testng.SuiteRunner.privateRun(SuiteRunner.java:383)
	at org.testng.SuiteRunner.run(SuiteRunner.java:326)
	at org.testng.SuiteRunnerWorker.runSuite(SuiteRunnerWorker.java:52)
	at org.testng.SuiteRunnerWorker.run(SuiteRunnerWorker.java:95)
	at org.testng.TestNG.runSuitesSequentially(TestNG.java:1249)
	at org.testng.TestNG.runSuitesLocally(TestNG.java:1169)
	at org.testng.TestNG.runSuites(TestNG.java:1092)
	at org.testng.TestNG.run(TestNG.java:1060)
	at org.testng.remote.AbstractRemoteTestNG.run(AbstractRemoteTestNG.java:115)
	at org.testng.remote.RemoteTestNG.initAndRun(RemoteTestNG.java:251)
	at org.testng.remote.RemoteTestNG.main(RemoteTestNG.java:77)
</pre></div><a href='#' onClick='toggleBox("stack-trace607557245", this, "Click to show all stack frames", "Click to hide stack frames")'>Click to show all stack frames</a>
<div class='stack-trace' id='stack-trace607557245'><pre>org.openqa.selenium.ElementClickInterceptedException: element click intercepted: Element &lt;span class=&quot;vc_tta-title-text&quot;&gt;...&lt;/span&gt; is not clickable at point (931, 546). Other element would receive the click: &lt;span class=&quot;NormalTextRun SCXW214363955 BCX8&quot; data-ccp-parastyle=&quot;heading 1&quot;&gt;...&lt;/span&gt;
  (Session info: chrome=99.0.4844.84)
Build info: version: &apos;4.1.1&apos;, revision: &apos;e8fcc2cecf&apos;
System info: host: &apos;LMCLT017&apos;, ip: &apos;192.168.0.190&apos;, os.name: &apos;Windows 10&apos;, os.arch: &apos;amd64&apos;, os.version: &apos;10.0&apos;, java.version: &apos;11.0.6&apos;
Driver info: org.openqa.selenium.chrome.ChromeDriver
Command: [c387e06d6323a5c58378752db19b567f, clickElement {id=e470257d-bbe6-4062-8fcf-1bf9b894116a}]
Capabilities {acceptInsecureCerts: false, browserName: chrome, browserVersion: 99.0.4844.84, chrome: {chromedriverVersion: 99.0.4844.51 (d537ec02474b5..., userDataDir: C:\Users\BALARA~1\AppData\L...}, goog:chromeOptions: {debuggerAddress: localhost:61081}, javascriptEnabled: true, networkConnectionEnabled: false, pageLoadStrategy: normal, platform: WINDOWS, platformName: WINDOWS, proxy: Proxy(), se:cdp: ws://localhost:61081/devtoo..., se:cdpVersion: 99.0.4844.84, setWindowRect: true, strictFileInteractability: false, timeouts: {implicit: 0, pageLoad: 300000, script: 30000}, unhandledPromptBehavior: dismiss and notify, webauthn:extension:credBlob: true, webauthn:extension:largeBlob: true, webauthn:virtualAuthenticators: true}
Element: [[ChromeDriver: chrome on WINDOWS (c387e06d6323a5c58378752db19b567f)] -&gt; xpath: //span[text()=&apos;DO YOU OFFER FREE SHIPPING?&apos;]]
Session ID: c387e06d6323a5c58378752db19b567f
	at java.base/jdk.internal.reflect.NativeConstructorAccessorImpl.newInstance0(Native Method)
	at java.base/jdk.internal.reflect.NativeConstructorAccessorImpl.newInstance(NativeConstructorAccessorImpl.java:62)
	at java.base/jdk.internal.reflect.DelegatingConstructorAccessorImpl.newInstance(DelegatingConstructorAccessorImpl.java:45)
	at java.base/java.lang.reflect.Constructor.newInstance(Constructor.java:490)
	at org.openqa.selenium.remote.codec.w3c.W3CHttpResponseCodec.createException(W3CHttpResponseCodec.java:200)
	at org.openqa.selenium.remote.codec.w3c.W3CHttpResponseCodec.decode(W3CHttpResponseCodec.java:133)
	at org.openqa.selenium.remote.codec.w3c.W3CHttpResponseCodec.decode(W3CHttpResponseCodec.java:53)
	at org.openqa.selenium.remote.HttpCommandExecutor.execute(HttpCommandExecutor.java:184)
	at org.openqa.selenium.remote.service.DriverCommandExecutor.invokeExecute(DriverCommandExecutor.java:167)
	at org.openqa.selenium.remote.service.DriverCommandExecutor.execute(DriverCommandExecutor.java:142)
	at org.openqa.selenium.remote.RemoteWebDriver.execute(RemoteWebDriver.java:543)
	at org.openqa.selenium.remote.RemoteWebElement.execute(RemoteWebElement.java:251)
	at org.openqa.selenium.remote.RemoteWebElement.click(RemoteWebElement.java:77)
	at jdk.internal.reflect.GeneratedMethodAccessor2.invoke(Unknown Source)
	at java.base/jdk.internal.reflect.DelegatingMethodAccessorImpl.invoke(DelegatingMethodAccessorImpl.java:43)
	at java.base/java.lang.reflect.Method.invoke(Method.java:566)
	at org.openqa.selenium.support.pagefactory.internal.LocatingElementHandler.invoke(LocatingElementHandler.java:52)
	at com.sun.proxy.$Proxy19.click(Unknown Source)
	at Oxhead_excel.Header.FAQs(Header.java:702)
	at Oxhead_excel.TestCases.verify_user_is_able_click_on_FAQ_button_and_able_to_see_contactUSPage_and_verify_with_invalid_name_remaining_all_are_valid(TestCases.java:628)
	at java.base/jdk.internal.reflect.NativeMethodAccessorImpl.invoke0(Native Method)
	at java.base/jdk.internal.reflect.NativeMethodAccessorImpl.invoke(NativeMethodAccessorImpl.java:62)
	at java.base/jdk.internal.reflect.DelegatingMethodAccessorImpl.invoke(DelegatingMethodAccessorImpl.java:43)
	at java.base/java.lang.reflect.Method.invoke(Method.java:566)
	at org.testng.internal.invokers.MethodInvocationHelper.invokeMethod(MethodInvocationHelper.java:135)
	at org.testng.internal.invokers.TestInvoker.invokeMethod(TestInvoker.java:673)
	at org.testng.internal.invokers.TestInvoker.invokeTestMethod(TestInvoker.java:220)
	at org.testng.internal.invokers.MethodRunner.runInSequence(MethodRunner.java:50)
	at org.testng.internal.invokers.TestInvoker$MethodInvocationAgent.invoke(TestInvoker.java:945)
	at org.testng.internal.invokers.TestInvoker.invokeTestMethods(TestInvoker.java:193)
	at org.testng.internal.invokers.TestMethodWorker.invokeTestMethods(TestMethodWorker.java:146)
	at org.testng.internal.invokers.TestMethodWorker.run(TestMethodWorker.java:128)
	at java.base/java.util.ArrayList.forEach(ArrayList.java:1540)
	at org.testng.TestRunner.privateRun(TestRunner.java:808)
	at org.testng.TestRunner.run(TestRunner.java:603)
	at org.testng.SuiteRunner.runTest(SuiteRunner.java:429)
	at org.testng.SuiteRunner.runSequentially(SuiteRunner.java:423)
	at org.testng.SuiteRunner.privateRun(SuiteRunner.java:383)
	at org.testng.SuiteRunner.run(SuiteRunner.java:326)
	at org.testng.SuiteRunnerWorker.runSuite(SuiteRunnerWorker.java:52)
	at org.testng.SuiteRunnerWorker.run(SuiteRunnerWorker.java:95)
	at org.testng.TestNG.runSuitesSequentially(TestNG.java:1249)
	at org.testng.TestNG.runSuitesLocally(TestNG.java:1169)
	at org.testng.TestNG.runSuites(TestNG.java:1092)
	at org.testng.TestNG.run(TestNG.java:1060)
	at org.testng.remote.AbstractRemoteTestNG.run(AbstractRemoteTestNG.java:115)
	at org.testng.remote.RemoteTestNG.initAndRun(RemoteTestNG.java:251)
	at org.testng.remote.RemoteTestNG.main(RemoteTestNG.java:77)
</pre></div></td>
<td>16</td>
<td>Oxhead_excel.TestCases@54422e18</td></tr>
</table><p>
<table width='100%' border='1' class='invocation-passed'>
<tr><td colspan='4' align='center'><b>PASSED TESTS</b></td></tr>
<tr><td><b>Test method</b></td>
<td width="30%"><b>Exception</b></td>
<td width="10%"><b>Time (seconds)</b></td>
<td><b>Instance</b></td>
</tr>
<tr>
<td title='Oxhead_excel.TestCases.verify_with_invalid_orderid_and_valid_billing_mail()'><b>verify_with_invalid_orderid_and_valid_billing_mail</b><br>Test class: Oxhead_excel.TestCases<br>Parameters: , vinithab211@gmail.com</td>
<td></td>
<td>16</td>
<td>Oxhead_excel.TestCases@54422e18</td></tr>
<tr>
<td title='Oxhead_excel.TestCases.verify_user_is_able_to_see_contactUSPage_and_verify_with_invalid_details()'><b>verify_user_is_able_to_see_contactUSPage_and_verify_with_invalid_details</b><br>Test class: Oxhead_excel.TestCases<br>Parameters: !235vt.*&, vinitha123.c0m12, 9550, RGT, Silver</td>
<td></td>
<td>10</td>
<td>Oxhead_excel.TestCases@54422e18</td></tr>
<tr>
<td title='Oxhead_excel.TestCases.Customer_is_able_to_see_the_checkoutdetails_page()'><b>Customer_is_able_to_see_the_checkoutdetails_page</b><br>Test class: Oxhead_excel.TestCases</td>
<td></td>
<td>39</td>
<td>Oxhead_excel.TestCases@54422e18</td></tr>
<tr>
<td title='Oxhead_excel.TestCases.Customer_is_able_to_fill_valid_details_and_able_to_see_Thanku_for_ur_message()'><b>Customer_is_able_to_fill_valid_details_and_able_to_see_Thanku_for_ur_message</b><br>Test class: Oxhead_excel.TestCases<br>Parameters: vinitha, vinithab211@gmail.com, 9550447580, RGT, gold</td>
<td></td>
<td>15</td>
<td>Oxhead_excel.TestCases@54422e18</td></tr>
<tr>
<td title='Oxhead_excel.TestCases.Customer_should_be_able_to_see_any_category_shoul_not_be_there_in_the_wishlist_page()'><b>Customer_should_be_able_to_see_any_category_shoul_not_be_there_in_the_wishlist_page</b><br>Test class: Oxhead_excel.TestCases</td>
<td></td>
<td>17</td>
<td>Oxhead_excel.TestCases@54422e18</td></tr>
<tr>
<td title='Oxhead_excel.TestCases.Customer_Is_able_To_Track_The_Cash_On_Delivery()'><b>Customer_Is_able_To_Track_The_Cash_On_Delivery</b><br>Test class: Oxhead_excel.TestCases</td>
<td></td>
<td>21</td>
<td>Oxhead_excel.TestCases@54422e18</td></tr>
<tr>
<td title='Oxhead_excel.TestCases.Customer_is_able_to_login_with_Valid_Username_and_ValidPassword()'><b>Customer_is_able_to_login_with_Valid_Username_and_ValidPassword</b><br>Test class: Oxhead_excel.TestCases<br>Parameters: ksravs09@gmail.com,     </td>
<td></td>
<td>6</td>
<td>Oxhead_excel.TestCases@54422e18</td></tr>
<tr>
<td title='Oxhead_excel.TestCases.Customer_is_able_to_Register_with_valid_Email()'><b>Customer_is_able_to_Register_with_valid_Email</b><br>Test class: Oxhead_excel.TestCases<br>Parameters: Admin12@gmail.com</td>
<td></td>
<td>10</td>
<td>Oxhead_excel.TestCases@54422e18</td></tr>
<tr>
<td title='Oxhead_excel.TestCases.select_Palladium_option_in_the_select_category()'><b>select_Palladium_option_in_the_select_category</b><br>Test class: Oxhead_excel.TestCases</td>
<td></td>
<td>17</td>
<td>Oxhead_excel.TestCases@54422e18</td></tr>
<tr>
<td title='Oxhead_excel.TestCases.redirect_to_Shippingdeliverypage_redirect_to_PaymentpolicyPage_Returnpolicypage_Redirect_to_TermsandConditionspage()'><b>redirect_to_Shippingdeliverypage_redirect_to_PaymentpolicyPage_Returnpolicypage_Redirect_to_TermsandConditionspage</b><br>Test class: Oxhead_excel.TestCases</td>
<td></td>
<td>16</td>
<td>Oxhead_excel.TestCases@54422e18</td></tr>
<tr>
<td title='Oxhead_excel.TestCases.Customer_Is_Not_Able_To_See_Product_In_ShoppingCart_Page()'><b>Customer_Is_Not_Able_To_See_Product_In_ShoppingCart_Page</b><br>Test class: Oxhead_excel.TestCases</td>
<td></td>
<td>15</td>
<td>Oxhead_excel.TestCases@54422e18</td></tr>
<tr>
<td title='Oxhead_excel.TestCases.Customer_is_able_to_login_with_google()'><b>Customer_is_able_to_login_with_google</b><br>Test class: Oxhead_excel.TestCases</td>
<td></td>
<td>4</td>
<td>Oxhead_excel.TestCases@54422e18</td></tr>
<tr>
<td title='Oxhead_excel.TestCases.valid_details_and_user_is_able_to_click_on_getaquote_link()'><b>valid_details_and_user_is_able_to_click_on_getaquote_link</b><br>Test class: Oxhead_excel.TestCases<br>Parameters: vinitha, vinithab211@gmail.com, 9550447580, RGT, gold</td>
<td></td>
<td>8</td>
<td>Oxhead_excel.TestCases@54422e18</td></tr>
<tr>
<td title='Oxhead_excel.TestCases.verify_with_invalid_orderid_and_valid_billing_mail()'><b>verify_with_invalid_orderid_and_valid_billing_mail</b><br>Test class: Oxhead_excel.TestCases<br>Parameters: 800, vini*@gmail.vom</td>
<td></td>
<td>15</td>
<td>Oxhead_excel.TestCases@54422e18</td></tr>
<tr>
<td title='Oxhead_excel.TestCases.customer_Is_Able_To_See_The_HomePage()'><b>customer_Is_Able_To_See_The_HomePage</b><br>Test class: Oxhead_excel.TestCases</td>
<td></td>
<td>11</td>
<td>Oxhead_excel.TestCases@54422e18</td></tr>
<tr>
<td title='Oxhead_excel.TestCases.Customer_is_able_to_see_the_oxhead_merch_in_Other()'><b>Customer_is_able_to_see_the_oxhead_merch_in_Other</b><br>Test class: Oxhead_excel.TestCases</td>
<td></td>
<td>13</td>
<td>Oxhead_excel.TestCases@54422e18</td></tr>
<tr>
<td title='Oxhead_excel.TestCases.Customer_is_able_to_click_on_update_cart_button()'><b>Customer_is_able_to_click_on_update_cart_button</b><br>Test class: Oxhead_excel.TestCases</td>
<td></td>
<td>40</td>
<td>Oxhead_excel.TestCases@54422e18</td></tr>
<tr>
<td title='Oxhead_excel.TestCases.verify_user_is_able_to_see_contactUSPage_and_verify_with_invalid_details()'><b>verify_user_is_able_to_see_contactUSPage_and_verify_with_invalid_details</b><br>Test class: Oxhead_excel.TestCases<br>Parameters: !235vt.*&, vinitha123.c0m12, 9550447580, RGT, Silver</td>
<td></td>
<td>10</td>
<td>Oxhead_excel.TestCases@54422e18</td></tr>
<tr>
<td title='Oxhead_excel.TestCases.verify_user_is_able_to_see_contactUSPage_and_verify_with_invalid_details()'><b>verify_user_is_able_to_see_contactUSPage_and_verify_with_invalid_details</b><br>Test class: Oxhead_excel.TestCases<br>Parameters: vinith#5561@, , 9550447580, RGT, Silver</td>
<td></td>
<td>11</td>
<td>Oxhead_excel.TestCases@54422e18</td></tr>
<tr>
<td title='Oxhead_excel.TestCases.Customer_Is_Able_To_click_On_The_Shop_Now_Button_It_Has_To_Redirect_To_That_Particular_Page()'><b>Customer_Is_Able_To_click_On_The_Shop_Now_Button_It_Has_To_Redirect_To_That_Particular_Page</b><br>Test class: Oxhead_excel.TestCases</td>
<td></td>
<td>24</td>
<td>Oxhead_excel.TestCases@54422e18</td></tr>
<tr>
<td title='Oxhead_excel.TestCases.Customer_Is_Able_To_See_The_Platinum_On_Browse_Catagories()'><b>Customer_Is_Able_To_See_The_Platinum_On_Browse_Catagories</b><br>Test class: Oxhead_excel.TestCases</td>
<td></td>
<td>15</td>
<td>Oxhead_excel.TestCases@54422e18</td></tr>
<tr>
<td title='Oxhead_excel.TestCases.click_On_Remeber_Me_CheckBox()'><b>click_On_Remeber_Me_CheckBox</b><br>Test class: Oxhead_excel.TestCases</td>
<td></td>
<td>14</td>
<td>Oxhead_excel.TestCases@54422e18</td></tr>
<tr>
<td title='Oxhead_excel.TestCases.Customer_Is_Able_To_See_The_Silver_On_Browse_Catagories()'><b>Customer_Is_Able_To_See_The_Silver_On_Browse_Catagories</b><br>Test class: Oxhead_excel.TestCases</td>
<td></td>
<td>15</td>
<td>Oxhead_excel.TestCases@54422e18</td></tr>
<tr>
<td title='Oxhead_excel.TestCases.Customer_is_able_to_do_the_payment_method_process()'><b>Customer_is_able_to_do_the_payment_method_process</b><br>Test class: Oxhead_excel.TestCases</td>
<td></td>
<td>34</td>
<td>Oxhead_excel.TestCases@54422e18</td></tr>
<tr>
<td title='Oxhead_excel.TestCases.Customer_is_able_to_see_the_goldbars()'><b>Customer_is_able_to_see_the_goldbars</b><br>Test class: Oxhead_excel.TestCases<br>Parameters: Sravya, Kosireddy, RGT, 23 WALL ST, 23 WALL ST, NEWYORK, New York, 10005, 9876543210, ksravs09@gmail.com</td>
<td></td>
<td>47</td>
<td>Oxhead_excel.TestCases@54422e18</td></tr>
<tr>
<td title='Oxhead_excel.TestCases.Customer_Ablet_To_Do_SignUp_With_Valid_Email_Address()'><b>Customer_Ablet_To_Do_SignUp_With_Valid_Email_Address</b><br>Test class: Oxhead_excel.TestCases</td>
<td></td>
<td>8</td>
<td>Oxhead_excel.TestCases@54422e18</td></tr>
<tr>
<td title='Oxhead_excel.TestCases.verify_with_invalid_orderid_and_valid_billing_mail()'><b>verify_with_invalid_orderid_and_valid_billing_mail</b><br>Test class: Oxhead_excel.TestCases<br>Parameters: , vinithab211@@#$.com1235</td>
<td></td>
<td>15</td>
<td>Oxhead_excel.TestCases@54422e18</td></tr>
<tr>
<td title='Oxhead_excel.TestCases.Customer_is_able_to_fill_invalid_details_for_ContactUSPage_and_not_able_to_see_Thanku_for_ur_message()'><b>Customer_is_able_to_fill_invalid_details_for_ContactUSPage_and_not_able_to_see_Thanku_for_ur_message</b><br>Test class: Oxhead_excel.TestCases<br>Parameters: 1$vi+vi, vinithab211@gmail.com, 9550457580, $123, gold</td>
<td></td>
<td>8</td>
<td>Oxhead_excel.TestCases@54422e18</td></tr>
<tr>
<td title='Oxhead_excel.TestCases.customer_Is_clicking_On_The_Shop_Now_Button_It_Has_To_Redirect_To_That_Particular_Page()'><b>customer_Is_clicking_On_The_Shop_Now_Button_It_Has_To_Redirect_To_That_Particular_Page</b><br>Test class: Oxhead_excel.TestCases</td>
<td></td>
<td>40</td>
<td>Oxhead_excel.TestCases@54422e18</td></tr>
<tr>
<td title='Oxhead_excel.TestCases.verify_with_valid_order_id_and_billing_mail_and_able_to_see_contactuspage_and_fill_with_invalid_name_and_remaining_all_are_valid()'><b>verify_with_valid_order_id_and_billing_mail_and_able_to_see_contactuspage_and_fill_with_invalid_name_and_remaining_all_are_valid</b><br>Test class: Oxhead_excel.TestCases<br>Parameters: 9016, vnithab211@gmail.com, vini#443, vin124$$$gmail.@com1, 9550447580, RGT, gold</td>
<td></td>
<td>21</td>
<td>Oxhead_excel.TestCases@54422e18</td></tr>
<tr>
<td title='Oxhead_excel.TestCases.Customer_is_able_to_fill_invalid_details_for_ContactUSPage_and_not_able_to_see_Thanku_for_ur_message()'><b>Customer_is_able_to_fill_invalid_details_for_ContactUSPage_and_not_able_to_see_Thanku_for_ur_message</b><br>Test class: Oxhead_excel.TestCases<br>Parameters: , , , , gold</td>
<td></td>
<td>7</td>
<td>Oxhead_excel.TestCases@54422e18</td></tr>
<tr>
<td title='Oxhead_excel.TestCases.customer_Is_Able_To_See_The_OrderDetails()'><b>customer_Is_Able_To_See_The_OrderDetails</b><br>Test class: Oxhead_excel.TestCases</td>
<td></td>
<td>19</td>
<td>Oxhead_excel.TestCases@54422e18</td></tr>
<tr>
<td title='Oxhead_excel.TestCases.Customer_is_able_to_see_the_coins_supplies_page_in_Other()'><b>Customer_is_able_to_see_the_coins_supplies_page_in_Other</b><br>Test class: Oxhead_excel.TestCases</td>
<td></td>
<td>16</td>
<td>Oxhead_excel.TestCases@54422e18</td></tr>
<tr>
<td title='Oxhead_excel.TestCases.Customer_Is_Able_To_Logout_From_The_Application()'><b>Customer_Is_Able_To_Logout_From_The_Application</b><br>Test class: Oxhead_excel.TestCases</td>
<td></td>
<td>18</td>
<td>Oxhead_excel.TestCases@54422e18</td></tr>
<tr>
<td title='Oxhead_excel.TestCases.click_On_Create_An_Account_Link()'><b>click_On_Create_An_Account_Link</b><br>Test class: Oxhead_excel.TestCases</td>
<td></td>
<td>6</td>
<td>Oxhead_excel.TestCases@54422e18</td></tr>
<tr>
<td title='Oxhead_excel.TestCases.Customer_is_able_to_see_the_Silverbars()'><b>Customer_is_able_to_see_the_Silverbars</b><br>Test class: Oxhead_excel.TestCases<br>Parameters: Sravya, Kosireddy, RGT, 23 WALL ST, 23 WALL ST, NEWYORK, New York, 10005, 9876543210, ksravs09@gmail.com</td>
<td></td>
<td>53</td>
<td>Oxhead_excel.TestCases@54422e18</td></tr>
<tr>
<td title='Oxhead_excel.TestCases.verify_with_invalid_orderid_and_valid_billing_mail()'><b>verify_with_invalid_orderid_and_valid_billing_mail</b><br>Test class: Oxhead_excel.TestCases<br>Parameters: 9016, visrav211@gmail.com124@</td>
<td></td>
<td>16</td>
<td>Oxhead_excel.TestCases@54422e18</td></tr>
<tr>
<td title='Oxhead_excel.TestCases.Customer_is_able_to_see_the_goldcoins()'><b>Customer_is_able_to_see_the_goldcoins</b><br>Test class: Oxhead_excel.TestCases</td>
<td></td>
<td>20</td>
<td>Oxhead_excel.TestCases@54422e18</td></tr>
<tr>
<td title='Oxhead_excel.TestCases.Customer_is_able_to_Redirect_to_the_Blogpage_Customer_is_able_to_Redirect_to_the_invest_in_guidepage_Customer_is_able_to_Redirect_to_the_Silverpricespage_goldpricespage_LocalDirectorypage_Coinvaluespage_Salestaxpage_Custumer_is_able_to_click_on_links_when_cursor_is_placed_on_the_words_itis_able_to_click_on_linkns_cursor_is_placed_outside()'><b>Customer_is_able_to_Redirect_to_the_Blogpage_Customer_is_able_to_Redirect_to_the_invest_in_guidepage_Customer_is_able_to_Redirect_to_the_Silverpricespage_goldpricespage_LocalDirectorypage_Coinvaluespage_Salestaxpage_Custumer_is_able_to_click_on_links_when_cursor_is_placed_on_the_words_itis_able_to_click_on_linkns_cursor_is_placed_outside</b><br>Test class: Oxhead_excel.TestCases</td>
<td></td>
<td>13</td>
<td>Oxhead_excel.TestCases@54422e18</td></tr>
<tr>
<td title='Oxhead_excel.TestCases.Customer_is_able_to_click_on_the_Proceed_to_Checkout_button()'><b>Customer_is_able_to_click_on_the_Proceed_to_Checkout_button</b><br>Test class: Oxhead_excel.TestCases</td>
<td></td>
<td>51</td>
<td>Oxhead_excel.TestCases@54422e18</td></tr>
<tr>
<td title='Oxhead_excel.TestCases.Customer_is_able_to_login_with_Valid_Username_and_ValidPassword()'><b>Customer_is_able_to_login_with_Valid_Username_and_ValidPassword</b><br>Test class: Oxhead_excel.TestCases<br>Parameters: ksravs09@gmail.com, Sravya123</td>
<td></td>
<td>10</td>
<td>Oxhead_excel.TestCases@54422e18</td></tr>
<tr>
<td title='Oxhead_excel.TestCases.select_Allproducts_option_in_the_select_category()'><b>select_Allproducts_option_in_the_select_category</b><br>Test class: Oxhead_excel.TestCases</td>
<td></td>
<td>18</td>
<td>Oxhead_excel.TestCases@54422e18</td></tr>
<tr>
<td title='Oxhead_excel.TestCases.Customer_is_able_to_see_the_sticky_header_is_fixed_at_that_place_it_is_comingdown()'><b>Customer_is_able_to_see_the_sticky_header_is_fixed_at_that_place_it_is_comingdown</b><br>Test class: Oxhead_excel.TestCases</td>
<td></td>
<td>10</td>
<td>Oxhead_excel.TestCases@54422e18</td></tr>
<tr>
<td title='Oxhead_excel.TestCases.Customer_is_able_to_login_with_Valid_Username_and_ValidPassword()'><b>Customer_is_able_to_login_with_Valid_Username_and_ValidPassword</b><br>Test class: Oxhead_excel.TestCases<br>Parameters:    ,   </td>
<td></td>
<td>6</td>
<td>Oxhead_excel.TestCases@54422e18</td></tr>
<tr>
<td title='Oxhead_excel.TestCases.verify_with_valid_order_id_and_billing_mail_and_able_to_see_contactuspage_and_fill_with_invalid_name_and_remaining_all_are_valid()'><b>verify_with_valid_order_id_and_billing_mail_and_able_to_see_contactuspage_and_fill_with_invalid_name_and_remaining_all_are_valid</b><br>Test class: Oxhead_excel.TestCases<br>Parameters: 9016, vnithab211@gmail.com, vinitha, vinithab211@gma$.com12, 9550447580, RGT, gold</td>
<td></td>
<td>22</td>
<td>Oxhead_excel.TestCases@54422e18</td></tr>
<tr>
<td title='Oxhead_excel.TestCases.verify_with_invalid_orderid_and_valid_billing_mail()'><b>verify_with_invalid_orderid_and_valid_billing_mail</b><br>Test class: Oxhead_excel.TestCases<br>Parameters:  ,  </td>
<td></td>
<td>18</td>
<td>Oxhead_excel.TestCases@54422e18</td></tr>
<tr>
<td title='Oxhead_excel.TestCases.Customer_is_able_to_login_with_Valid_Username_and_ValidPassword()'><b>Customer_is_able_to_login_with_Valid_Username_and_ValidPassword</b><br>Test class: Oxhead_excel.TestCases<br>Parameters: ksravs09@gmail.com, sravya123</td>
<td></td>
<td>6</td>
<td>Oxhead_excel.TestCases@54422e18</td></tr>
<tr>
<td title='Oxhead_excel.TestCases.Customer_is_able_to_see_No_products_were_found_matching_your_selection_message()'><b>Customer_is_able_to_see_No_products_were_found_matching_your_selection_message</b><br>Test class: Oxhead_excel.TestCases</td>
<td></td>
<td>15</td>
<td>Oxhead_excel.TestCases@54422e18</td></tr>
<tr>
<td title='Oxhead_excel.TestCases.see_The_Bar_In_The_Palladium_Bullion()'><b>see_The_Bar_In_The_Palladium_Bullion</b><br>Test class: Oxhead_excel.TestCases</td>
<td></td>
<td>21</td>
<td>Oxhead_excel.TestCases@54422e18</td></tr>
<tr>
<td title='Oxhead_excel.TestCases.Customer_is_able_to_see_Address_validated_option_with_valid_data()'><b>Customer_is_able_to_see_Address_validated_option_with_valid_data</b><br>Test class: Oxhead_excel.TestCases<br>Parameters: Sravya, Kosireddy, RGT, NEWYORK, 23 WALL ST, NEWYORK, New York, 10005, 9876543210, ksravs09@gmail.com</td>
<td></td>
<td>49</td>
<td>Oxhead_excel.TestCases@54422e18</td></tr>
<tr>
<td title='Oxhead_excel.TestCases.click_On_Lost_Your_Password_Link()'><b>click_On_Lost_Your_Password_Link</b><br>Test class: Oxhead_excel.TestCases</td>
<td></td>
<td>6</td>
<td>Oxhead_excel.TestCases@54422e18</td></tr>
<tr>
<td title='Oxhead_excel.TestCases.Customer_Is_Able_To_See_Product_In_ShoppingCart_Page_From_NewArrivals_page()'><b>Customer_Is_Able_To_See_Product_In_ShoppingCart_Page_From_NewArrivals_page</b><br>Test class: Oxhead_excel.TestCases</td>
<td></td>
<td>35</td>
<td>Oxhead_excel.TestCases@54422e18</td></tr>
<tr>
<td title='Oxhead_excel.TestCases.Customer_is_able_to_Register_with_valid_Email()'><b>Customer_is_able_to_Register_with_valid_Email</b><br>Test class: Oxhead_excel.TestCases<br>Parameters: Demo123@gmail.com</td>
<td></td>
<td>6</td>
<td>Oxhead_excel.TestCases@54422e18</td></tr>
<tr>
<td title='Oxhead_excel.TestCases.Customer_is_able_to_login_with_Valid_Username_and_ValidPassword()'><b>Customer_is_able_to_login_with_Valid_Username_and_ValidPassword</b><br>Test class: Oxhead_excel.TestCases<br>Parameters: admin12@gmail12.com, demo123</td>
<td></td>
<td>6</td>
<td>Oxhead_excel.TestCases@54422e18</td></tr>
<tr>
<td title='Oxhead_excel.TestCases.verify_with_valid_orderid_and_billingmail_and_able_to_see_contactus_page_and_fill_with_valid_details()'><b>verify_with_valid_orderid_and_billingmail_and_able_to_see_contactus_page_and_fill_with_valid_details</b><br>Test class: Oxhead_excel.TestCases<br>Parameters: 9016, vinithab211@gmail.com, vinitha, vinithab211@gmail.com, 9550447580, RGT, gold</td>
<td></td>
<td>28</td>
<td>Oxhead_excel.TestCases@54422e18</td></tr>
<tr>
<td title='Oxhead_excel.TestCases.user_is_able_to_fill_valid_details_in_Billingaddress_and_able_to_delete_the_billingaddress()'><b>user_is_able_to_fill_valid_details_in_Billingaddress_and_able_to_delete_the_billingaddress</b><br>Test class: Oxhead_excel.TestCases<br>Parameters: vinithab211@gmail.com, vinitha@123, vinitha, Saint, Josaph, RGT, FortWorth, AMLI 7thStreet Station, Texas, 76107, (817)877-1977, vinithab211@gmail.com, vinithab211@gmail.com</td>
<td></td>
<td>39</td>
<td>Oxhead_excel.TestCases@54422e18</td></tr>
<tr>
<td title='Oxhead_excel.TestCases.verify_with_invalid_orderid_and_valid_billing_mail()'><b>verify_with_invalid_orderid_and_valid_billing_mail</b><br>Test class: Oxhead_excel.TestCases<br>Parameters: 9016, </td>
<td></td>
<td>15</td>
<td>Oxhead_excel.TestCases@54422e18</td></tr>
<tr>
<td title='Oxhead_excel.TestCases.Customer_is_able_to_fill_invalid_details_for_ContactUSPage_and_not_able_to_see_Thanku_for_ur_message()'><b>Customer_is_able_to_fill_invalid_details_for_ContactUSPage_and_not_able_to_see_Thanku_for_ur_message</b><br>Test class: Oxhead_excel.TestCases<br>Parameters: , , 9550457580, RGT, gold</td>
<td></td>
<td>8</td>
<td>Oxhead_excel.TestCases@54422e18</td></tr>
<tr>
<td title='Oxhead_excel.TestCases.Customer_is_able_to_Register_with_valid_Email()'><b>Customer_is_able_to_Register_with_valid_Email</b><br>Test class: Oxhead_excel.TestCases<br>Parameters: sravya123@gmail.com</td>
<td></td>
<td>12</td>
<td>Oxhead_excel.TestCases@54422e18</td></tr>
<tr>
<td title='Oxhead_excel.TestCases.verify_with_invalid_orderid_and_valid_billing_mail()'><b>verify_with_invalid_orderid_and_valid_billing_mail</b><br>Test class: Oxhead_excel.TestCases<br>Parameters: 7802, </td>
<td></td>
<td>16</td>
<td>Oxhead_excel.TestCases@54422e18</td></tr>
<tr>
<td title='Oxhead_excel.TestCases.Customer_is_able_to_select_the_product_and_Add_product_to_Cart()'><b>Customer_is_able_to_select_the_product_and_Add_product_to_Cart</b><br>Test class: Oxhead_excel.TestCases</td>
<td></td>
<td>28</td>
<td>Oxhead_excel.TestCases@54422e18</td></tr>
<tr>
<td title='Oxhead_excel.TestCases.Customer_is_able_to_see_the_silver_bulletts()'><b>Customer_is_able_to_see_the_silver_bulletts</b><br>Test class: Oxhead_excel.TestCases</td>
<td></td>
<td>11</td>
<td>Oxhead_excel.TestCases@54422e18</td></tr>
<tr>
<td title='Oxhead_excel.TestCases.Customer_is_able_to_fill_invalid_details_for_ContactUSPage_and_not_able_to_see_Thanku_for_ur_message()'><b>Customer_is_able_to_fill_invalid_details_for_ContactUSPage_and_not_able_to_see_Thanku_for_ur_message</b><br>Test class: Oxhead_excel.TestCases<br>Parameters: vi1234*, vinit%^@gma123.co, 9550457580, RGT, gold</td>
<td></td>
<td>8</td>
<td>Oxhead_excel.TestCases@54422e18</td></tr>
<tr>
<td title='Oxhead_excel.TestCases.Customer_is_able_to_see_Address_validated_option_with_valid_data()'><b>Customer_is_able_to_see_Address_validated_option_with_valid_data</b><br>Test class: Oxhead_excel.TestCases<br>Parameters:    ,    ,    ,     ,    ,     , New York, 10005, 9876543210, ksravs09@gmail.com</td>
<td></td>
<td>47</td>
<td>Oxhead_excel.TestCases@54422e18</td></tr>
<tr>
<td title='Oxhead_excel.TestCases.Customer_Is_Able_To_See_The_NewArrivals_Page()'><b>Customer_Is_Able_To_See_The_NewArrivals_Page</b><br>Test class: Oxhead_excel.TestCases</td>
<td></td>
<td>15</td>
<td>Oxhead_excel.TestCases@54422e18</td></tr>
<tr>
<td title='Oxhead_excel.TestCases.verify_user_is_able_to_see_PrivacyPolicyPage_and_Termsandconditions_page()'><b>verify_user_is_able_to_see_PrivacyPolicyPage_and_Termsandconditions_page</b><br>Test class: Oxhead_excel.TestCases</td>
<td></td>
<td>12</td>
<td>Oxhead_excel.TestCases@54422e18</td></tr>
<tr>
<td title='Oxhead_excel.TestCases.Customer_is_able_to_click_on_the_viewcart_button()'><b>Customer_is_able_to_click_on_the_viewcart_button</b><br>Test class: Oxhead_excel.TestCases</td>
<td></td>
<td>48</td>
<td>Oxhead_excel.TestCases@54422e18</td></tr>
<tr>
<td title='Oxhead_excel.TestCases.Customer_Is_Able_To_Do_Logout()'><b>Customer_Is_Able_To_Do_Logout</b><br>Test class: Oxhead_excel.TestCases</td>
<td></td>
<td>23</td>
<td>Oxhead_excel.TestCases@54422e18</td></tr>
<tr>
<td title='Oxhead_excel.TestCases.Customer_is_able_to_Register_with_valid_Email()'><b>Customer_is_able_to_Register_with_valid_Email</b><br>Test class: Oxhead_excel.TestCases<br>Parameters: ksravs09@gmail.com</td>
<td></td>
<td>9</td>
<td>Oxhead_excel.TestCases@54422e18</td></tr>
<tr>
<td title='Oxhead_excel.TestCases.Customer_is_able_to_see_the_usgold()'><b>Customer_is_able_to_see_the_usgold</b><br>Test class: Oxhead_excel.TestCases</td>
<td></td>
<td>10</td>
<td>Oxhead_excel.TestCases@54422e18</td></tr>
<tr>
<td title='Oxhead_excel.TestCases.Customer_is_able_to_see_the_Austraiangold()'><b>Customer_is_able_to_see_the_Austraiangold</b><br>Test class: Oxhead_excel.TestCases</td>
<td></td>
<td>9</td>
<td>Oxhead_excel.TestCases@54422e18</td></tr>
<tr>
<td title='Oxhead_excel.TestCases.Redirect_to_the_Account_login_page_and_Trackanorderpage_pricealertspage_Aboutoxheadpage_oxheadblogpage_oxheadproductspage()'><b>Redirect_to_the_Account_login_page_and_Trackanorderpage_pricealertspage_Aboutoxheadpage_oxheadblogpage_oxheadproductspage</b><br>Test class: Oxhead_excel.TestCases</td>
<td></td>
<td>16</td>
<td>Oxhead_excel.TestCases@54422e18</td></tr>
<tr>
<td title='Oxhead_excel.TestCases.click_On_Close_Button()'><b>click_On_Close_Button</b><br>Test class: Oxhead_excel.TestCases</td>
<td></td>
<td>0</td>
<td>Oxhead_excel.TestCases@54422e18</td></tr>
<tr>
<td title='Oxhead_excel.TestCases.Customer_Is_Able_To_See_The_Palladium_On_Browse_Catagories()'><b>Customer_Is_Able_To_See_The_Palladium_On_Browse_Catagories</b><br>Test class: Oxhead_excel.TestCases</td>
<td></td>
<td>15</td>
<td>Oxhead_excel.TestCases@54422e18</td></tr>
<tr>
<td title='Oxhead_excel.TestCases.Customer_is_able_to_see_Wishlist_page2()'><b>Customer_is_able_to_see_Wishlist_page2</b><br>Test class: Oxhead_excel.TestCases</td>
<td></td>
<td>32</td>
<td>Oxhead_excel.TestCases@54422e18</td></tr>
<tr>
<td title='Oxhead_excel.TestCases.Customer_should_be_able_to_click_on_all_the_sociallinks()'><b>Customer_should_be_able_to_click_on_all_the_sociallinks</b><br>Test class: Oxhead_excel.TestCases</td>
<td></td>
<td>17</td>
<td>Oxhead_excel.TestCases@54422e18</td></tr>
<tr>
<td title='Oxhead_excel.TestCases.select_Platinum_option_in_the_select_category()'><b>select_Platinum_option_in_the_select_category</b><br>Test class: Oxhead_excel.TestCases</td>
<td></td>
<td>21</td>
<td>Oxhead_excel.TestCases@54422e18</td></tr>
<tr>
<td title='Oxhead_excel.TestCases.Customer_is_able_to_fill_invalid_details_for_ContactUSPage_and_not_able_to_see_Thanku_for_ur_message()'><b>Customer_is_able_to_fill_invalid_details_for_ContactUSPage_and_not_able_to_see_Thanku_for_ur_message</b><br>Test class: Oxhead_excel.TestCases<br>Parameters: vinitha, , 9550457580, RGT, gold</td>
<td></td>
<td>9</td>
<td>Oxhead_excel.TestCases@54422e18</td></tr>
<tr>
<td title='Oxhead_excel.TestCases.verify_with_valid_order_id_and_billing_mail_and_able_to_see_contactuspage_and_fill_with_invalid_name_and_remaining_all_are_valid()'><b>verify_with_valid_order_id_and_billing_mail_and_able_to_see_contactuspage_and_fill_with_invalid_name_and_remaining_all_are_valid</b><br>Test class: Oxhead_excel.TestCases<br>Parameters: 9016, vnithab211@gmail.com, vin123$def, vinithab211@gmail.com, 9550447580, RGT, gold</td>
<td></td>
<td>18</td>
<td>Oxhead_excel.TestCases@54422e18</td></tr>
<tr>
<td title='Oxhead_excel.TestCases.Customer_is_able_to_fill_invalid_details_for_ContactUSPage_and_not_able_to_see_Thanku_for_ur_message()'><b>Customer_is_able_to_fill_invalid_details_for_ContactUSPage_and_not_able_to_see_Thanku_for_ur_message</b><br>Test class: Oxhead_excel.TestCases<br>Parameters: vinitha12+, vinithab211@gm-il.c124, 9550457580, RGT, gold</td>
<td></td>
<td>8</td>
<td>Oxhead_excel.TestCases@54422e18</td></tr>
<tr>
<td title='Oxhead_excel.TestCases.Customer_Is_Able_To_See_Shipping_And_Delivery_Page()'><b>Customer_Is_Able_To_See_Shipping_And_Delivery_Page</b><br>Test class: Oxhead_excel.TestCases</td>
<td></td>
<td>33</td>
<td>Oxhead_excel.TestCases@54422e18</td></tr>
<tr>
<td title='Oxhead_excel.TestCases.Customer_is_able_to_see_the_canadiangold()'><b>Customer_is_able_to_see_the_canadiangold</b><br>Test class: Oxhead_excel.TestCases</td>
<td></td>
<td>9</td>
<td>Oxhead_excel.TestCases@54422e18</td></tr>
<tr>
<td title='Oxhead_excel.TestCases.Customer_is_able_to_login_with_Facebook()'><b>Customer_is_able_to_login_with_Facebook</b><br>Test class: Oxhead_excel.TestCases</td>
<td></td>
<td>4</td>
<td>Oxhead_excel.TestCases@54422e18</td></tr>
<tr>
<td title='Oxhead_excel.TestCases.verify_with_valid_order_id_and_billing_mail_and_able_to_see_contactuspage_and_fill_with_invalid_name_and_remaining_all_are_valid()'><b>verify_with_valid_order_id_and_billing_mail_and_able_to_see_contactuspage_and_fill_with_invalid_name_and_remaining_all_are_valid</b><br>Test class: Oxhead_excel.TestCases<br>Parameters: 9016, vnithab211@gmail.com,  ,  ,  ,  ,  </td>
<td></td>
<td>19</td>
<td>Oxhead_excel.TestCases@54422e18</td></tr>
<tr>
<td title='Oxhead_excel.TestCases.select_Silver_option_in_the_select_category()'><b>select_Silver_option_in_the_select_category</b><br>Test class: Oxhead_excel.TestCases</td>
<td></td>
<td>15</td>
<td>Oxhead_excel.TestCases@54422e18</td></tr>
<tr>
<td title='Oxhead_excel.TestCases.Customer_is_able_to_Redirect_to_PrivacyPolicypage_and_Customer_is_able_to_redirect_to_Salestaxpage()'><b>Customer_is_able_to_Redirect_to_PrivacyPolicypage_and_Customer_is_able_to_redirect_to_Salestaxpage</b><br>Test class: Oxhead_excel.TestCases</td>
<td></td>
<td>20</td>
<td>Oxhead_excel.TestCases@54422e18</td></tr>
<tr>
<td title='Oxhead_excel.TestCases.verify_user_is_able_to_see_contactUSPage_and_verify_with_invalid_details()'><b>verify_user_is_able_to_see_contactUSPage_and_verify_with_invalid_details</b><br>Test class: Oxhead_excel.TestCases<br>Parameters: vinitha, , 9550447580, RGT, Silver</td>
<td></td>
<td>14</td>
<td>Oxhead_excel.TestCases@54422e18</td></tr>
<tr>
<td title='Oxhead_excel.TestCases.user_is_able_to_edit_the_billingaddress()'><b>user_is_able_to_edit_the_billingaddress</b><br>Test class: Oxhead_excel.TestCases<br>Parameters: vinithab211@gmail.com, vinitha@123, (817)#vi9550</td>
<td></td>
<td>21</td>
<td>Oxhead_excel.TestCases@54422e18</td></tr>
<tr>
<td title='Oxhead_excel.TestCases.verify_with_invalid_orderid_and_valid_billing_mail()'><b>verify_with_invalid_orderid_and_valid_billing_mail</b><br>Test class: Oxhead_excel.TestCases<br>Parameters: 9015, vinithab211@gmail.com</td>
<td></td>
<td>17</td>
<td>Oxhead_excel.TestCases@54422e18</td></tr>
<tr>
<td title='Oxhead_excel.TestCases.Customer_is_able_to_fill_invalid_details_for_ContactUSPage_and_not_able_to_see_Thanku_for_ur_message()'><b>Customer_is_able_to_fill_invalid_details_for_ContactUSPage_and_not_able_to_see_Thanku_for_ur_message</b><br>Test class: Oxhead_excel.TestCases<br>Parameters: , vinithab211@gmail.com, 9550457580, RGT, gold</td>
<td></td>
<td>8</td>
<td>Oxhead_excel.TestCases@54422e18</td></tr>
<tr>
<td title='Oxhead_excel.TestCases.select_Gold_option_in_the_select_category()'><b>select_Gold_option_in_the_select_category</b><br>Test class: Oxhead_excel.TestCases</td>
<td></td>
<td>18</td>
<td>Oxhead_excel.TestCases@54422e18</td></tr>
<tr>
<td title='Oxhead_excel.TestCases.click_On_Cross_Mark_Button()'><b>click_On_Cross_Mark_Button</b><br>Test class: Oxhead_excel.TestCases</td>
<td></td>
<td>1</td>
<td>Oxhead_excel.TestCases@54422e18</td></tr>
<tr>
<td title='Oxhead_excel.TestCases.Customer_is_able_to_fill_invalid_details_for_ContactUSPage_and_not_able_to_see_Thanku_for_ur_message()'><b>Customer_is_able_to_fill_invalid_details_for_ContactUSPage_and_not_able_to_see_Thanku_for_ur_message</b><br>Test class: Oxhead_excel.TestCases<br>Parameters: vinitha12+, vini+%451@gm-il.c124, 9550, RGT, gold</td>
<td></td>
<td>8</td>
<td>Oxhead_excel.TestCases@54422e18</td></tr>
<tr>
<td title='Oxhead_excel.TestCases.Customer_is_able_to_see_Address_validated_option_with_valid_data()'><b>Customer_is_able_to_see_Address_validated_option_with_valid_data</b><br>Test class: Oxhead_excel.TestCases<br>Parameters: Sravya, Kosireddy, RGT, NEWYORK, 23 WALL ST, NEWYORK, New York, 10005,      ,        </td>
<td></td>
<td>44</td>
<td>Oxhead_excel.TestCases@54422e18</td></tr>
<tr>
<td title='Oxhead_excel.TestCases.verify_customer_is_able_to_click_on_contactuspage_link_footersection_and_verify_able_to_redirect_contactuspage_Click_on_FAQlink_in_footersection_and_able_to_redirect_FAQpage_and_click_on_Contactlink_and_able_to_see_contactusPagelink()'><b>verify_customer_is_able_to_click_on_contactuspage_link_footersection_and_verify_able_to_redirect_contactuspage_Click_on_FAQlink_in_footersection_and_able_to_redirect_FAQpage_and_click_on_Contactlink_and_able_to_see_contactusPagelink</b><br>Test class: Oxhead_excel.TestCases<br>Parameters: vinitha, vinithab211@gmail.com, 9550447580, RGT, gold</td>
<td></td>
<td>26</td>
<td>Oxhead_excel.TestCases@54422e18</td></tr>
<tr>
<td title='Oxhead_excel.TestCases.select_Blank_option_in_the_select_category()'><b>select_Blank_option_in_the_select_category</b><br>Test class: Oxhead_excel.TestCases</td>
<td></td>
<td>17</td>
<td>Oxhead_excel.TestCases@54422e18</td></tr>
<tr>
<td title='Oxhead_excel.TestCases.Customer_is_able_to_see_Address_validated_option_with_valid_data()'><b>Customer_is_able_to_see_Address_validated_option_with_valid_data</b><br>Test class: Oxhead_excel.TestCases<br>Parameters: 123456, 78976, RGT, NEWYORK, 23 WALL ST, NEWYORK, New York, 10005, 9876543210, ksravs09@gmail.com</td>
<td></td>
<td>52</td>
<td>Oxhead_excel.TestCases@54422e18</td></tr>
<tr>
<td title='Oxhead_excel.TestCases.Customer_should_be_able_to_see_the_About_US_page()'><b>Customer_should_be_able_to_see_the_About_US_page</b><br>Test class: Oxhead_excel.TestCases</td>
<td></td>
<td>2</td>
<td>Oxhead_excel.TestCases@54422e18</td></tr>
<tr>
<td title='Oxhead_excel.TestCases.Customer_is_able_to_fill_invalid_details_for_ContactUSPage_and_not_able_to_see_Thanku_for_ur_message()'><b>Customer_is_able_to_fill_invalid_details_for_ContactUSPage_and_not_able_to_see_Thanku_for_ur_message</b><br>Test class: Oxhead_excel.TestCases<br>Parameters: , vinithab211.+123gmail.com, 9550457580, RGT, gold</td>
<td></td>
<td>8</td>
<td>Oxhead_excel.TestCases@54422e18</td></tr>
<tr>
<td title='Oxhead_excel.TestCases.Customer_is_able_to_enter_products_in_the_Search_for_Products_text_box()'><b>Customer_is_able_to_enter_products_in_the_Search_for_Products_text_box</b><br>Test class: Oxhead_excel.TestCases</td>
<td></td>
<td>26</td>
<td>Oxhead_excel.TestCases@54422e18</td></tr>
<tr>
<td title='Oxhead_excel.TestCases.Customer_Is_Able_To_See_The_AllProducts_On_Browse_Catagories()'><b>Customer_Is_Able_To_See_The_AllProducts_On_Browse_Catagories</b><br>Test class: Oxhead_excel.TestCases</td>
<td></td>
<td>17</td>
<td>Oxhead_excel.TestCases@54422e18</td></tr>
<tr>
<td title='Oxhead_excel.TestCases.Customer_Is_Able_To_See_The_Gold_On_Browse_Catagories()'><b>Customer_Is_Able_To_See_The_Gold_On_Browse_Catagories</b><br>Test class: Oxhead_excel.TestCases</td>
<td></td>
<td>15</td>
<td>Oxhead_excel.TestCases@54422e18</td></tr>
<tr>
<td title='Oxhead_excel.TestCases.select_Membership_option_in_the_select_category()'><b>select_Membership_option_in_the_select_category</b><br>Test class: Oxhead_excel.TestCases</td>
<td></td>
<td>23</td>
<td>Oxhead_excel.TestCases@54422e18</td></tr>
</table><p>
</body>
</html>