<?xml version="1.0" encoding="UTF-8"?>
<!-- Generated by org.testng.reporters.JUnitXMLReporter -->
<testsuite ignored="4" hostname="LMCLT017" failures="8" tests="111" name="Default test" time="3951.239" errors="0" timestamp="2022-04-06T13:05:06 IST">
  <testcase classname="Oxhead_excel.TestCases" name="Customer_is_able_to_Register_with_valid_Email" time="10.667"/>
  <testcase classname="Oxhead_excel.TestCases" name="Customer_is_able_to_Register_with_valid_Email" time="6.388"/>
  <testcase classname="Oxhead_excel.TestCases" name="Customer_is_able_to_Register_with_valid_Email" time="9.573"/>
  <testcase classname="Oxhead_excel.TestCases" name="Customer_is_able_to_Register_with_valid_Email" time="12.19"/>
  <testcase classname="Oxhead_excel.TestCases" name="Customer_is_able_to_login_with_google" time="4.92"/>
  <testcase classname="Oxhead_excel.TestCases" name="Customer_is_able_to_login_with_Facebook" time="4.698"/>
  <testcase classname="Oxhead_excel.TestCases" name="click_On_Remeber_Me_CheckBox" time="14.121"/>
  <testcase classname="Oxhead_excel.TestCases" name="click_On_Lost_Your_Password_Link" time="6.865"/>
  <testcase classname="Oxhead_excel.TestCases" name="click_On_Create_An_Account_Link" time="6.028"/>
  <testcase classname="Oxhead_excel.TestCases" name="click_On_Cross_Mark_Button" time="1.363"/>
  <testcase classname="Oxhead_excel.TestCases" name="click_On_Close_Button" time="0.175"/>
  <testcase classname="Oxhead_excel.TestCases" name="Customer_Ablet_To_Do_SignUp_With_Valid_Email_Address" time="8.75"/>
  <testcase classname="Oxhead_excel.TestCases" name="Customer_should_be_able_to_see_the_About_US_page" time="2.802"/>
  <testcase classname="Oxhead_excel.TestCases" name="Customer_should_be_able_to_click_on_all_the_sociallinks" time="17.831"/>
  <testcase classname="Oxhead_excel.TestCases" name="Customer_is_able_to_fill_valid_details_and_able_to_see_Thanku_for_ur_message" time="15.496"/>
  <testcase classname="Oxhead_excel.TestCases" name="Customer_is_able_to_fill_invalid_details_for_ContactUSPage_and_not_able_to_see_Thanku_for_ur_message" time="8.549"/>
  <testcase classname="Oxhead_excel.TestCases" name="Customer_is_able_to_fill_invalid_details_for_ContactUSPage_and_not_able_to_see_Thanku_for_ur_message" time="8.824"/>
  <testcase classname="Oxhead_excel.TestCases" name="Customer_is_able_to_fill_invalid_details_for_ContactUSPage_and_not_able_to_see_Thanku_for_ur_message" time="8.932"/>
  <testcase classname="Oxhead_excel.TestCases" name="Customer_is_able_to_fill_invalid_details_for_ContactUSPage_and_not_able_to_see_Thanku_for_ur_message" time="9.066"/>
  <testcase classname="Oxhead_excel.TestCases" name="Customer_is_able_to_fill_invalid_details_for_ContactUSPage_and_not_able_to_see_Thanku_for_ur_message" time="8.811"/>
  <testcase classname="Oxhead_excel.TestCases" name="Customer_is_able_to_fill_invalid_details_for_ContactUSPage_and_not_able_to_see_Thanku_for_ur_message" time="8.484"/>
  <testcase classname="Oxhead_excel.TestCases" name="Customer_is_able_to_fill_invalid_details_for_ContactUSPage_and_not_able_to_see_Thanku_for_ur_message" time="8.447"/>
  <testcase classname="Oxhead_excel.TestCases" name="Customer_is_able_to_fill_invalid_details_for_ContactUSPage_and_not_able_to_see_Thanku_for_ur_message" time="8.777"/>
  <testcase classname="Oxhead_excel.TestCases" name="Customer_is_able_to_fill_invalid_details_for_ContactUSPage_and_not_able_to_see_Thanku_for_ur_message" time="7.903"/>
  <testcase classname="Oxhead_excel.TestCases" name="valid_details_and_user_is_able_to_click_on_getaquote_link" time="8.85"/>
  <testcase classname="Oxhead_excel.TestCases" name="Customer_is_able_to_enter_products_in_the_Search_for_Products_text_box" time="26.0"/>
  <testcase classname="Oxhead_excel.TestCases" name="Customer_is_able_to_see_No_products_were_found_matching_your_selection_message" time="15.295"/>
  <testcase classname="Oxhead_excel.TestCases" name="select_Allproducts_option_in_the_select_category" time="18.228"/>
  <testcase classname="Oxhead_excel.TestCases" name="select_Gold_option_in_the_select_category" time="18.627"/>
  <testcase classname="Oxhead_excel.TestCases" name="select_Membership_option_in_the_select_category" time="23.77"/>
  <testcase classname="Oxhead_excel.TestCases" name="select_Palladium_option_in_the_select_category" time="17.339"/>
  <testcase classname="Oxhead_excel.TestCases" name="select_Platinum_option_in_the_select_category" time="21.176"/>
  <testcase classname="Oxhead_excel.TestCases" name="select_Silver_option_in_the_select_category" time="15.915"/>
  <testcase classname="Oxhead_excel.TestCases" name="select_Blank_option_in_the_select_category" time="17.719"/>
  <testcase classname="Oxhead_excel.TestCases" name="see_The_Bar_In_The_Palladium_Bullion" time="21.46"/>
  <testcase classname="Oxhead_excel.TestCases" name="Customer_is_able_to_select_the_product_and_Add_product_to_Cart" time="28.962"/>
  <testcase classname="Oxhead_excel.TestCases" name="Customer_is_able_to_click_on_the_viewcart_button" time="48.692"/>
  <testcase classname="Oxhead_excel.TestCases" name="Customer_is_able_to_click_on_update_cart_button" time="40.674"/>
  <testcase classname="Oxhead_excel.TestCases" name="Customer_is_able_to_click_on_the_Proceed_to_Checkout_button" time="51.161"/>
  <testcase classname="Oxhead_excel.TestCases" name="Customer_is_able_to_see_Wishlist_page" time="49.655">
    <failure type="org.openqa.selenium.TimeoutException" message="Expected condition failed: waiting for visibility of [[ChromeDriver: chrome on WINDOWS (ef45928273bd9500c8093205aa0e3e37)] -&amp;gt; xpath: //div[3]//div[2]//div//ul//li[7]//a] (tried for 25 second(s) with 1 milliseconds interval)
Build info: version: &amp;apos;4.1.1&amp;apos;, revision: &amp;apos;e8fcc2cecf&amp;apos;
System info: host: &amp;apos;LMCLT017&amp;apos;, ip: &amp;apos;192.168.0.190&amp;apos;, os.name: &amp;apos;Windows 10&amp;apos;, os.arch: &amp;apos;amd64&amp;apos;, os.version: &amp;apos;10.0&amp;apos;, java.version: &amp;apos;11.0.6&amp;apos;
Driver info: org.openqa.selenium.chrome.ChromeDriver
Capabilities {acceptInsecureCerts: false, browserName: chrome, browserVersion: 99.0.4844.84, chrome: {chromedriverVersion: 99.0.4844.51 (d537ec02474b5..., userDataDir: C:\Users\BALARA~1\AppData\L...}, goog:chromeOptions: {debuggerAddress: localhost:57332}, javascriptEnabled: true, networkConnectionEnabled: false, pageLoadStrategy: normal, platform: WINDOWS, platformName: WINDOWS, proxy: Proxy(), se:cdp: ws://localhost:57332/devtoo..., se:cdpVersion: 99.0.4844.84, setWindowRect: true, strictFileInteractability: false, timeouts: {implicit: 0, pageLoad: 300000, script: 30000}, unhandledPromptBehavior: dismiss and notify, webauthn:extension:credBlob: true, webauthn:extension:largeBlob: true, webauthn:virtualAuthenticators: true}
Session ID: ef45928273bd9500c8093205aa0e3e37">
      <![CDATA[org.openqa.selenium.TimeoutException: Expected condition failed: waiting for visibility of [[ChromeDriver: chrome on WINDOWS (ef45928273bd9500c8093205aa0e3e37)] -> xpath: //div[3]//div[2]//div//ul//li[7]//a] (tried for 25 second(s) with 1 milliseconds interval)
Build info: version: '4.1.1', revision: 'e8fcc2cecf'
System info: host: 'LMCLT017', ip: '192.168.0.190', os.name: 'Windows 10', os.arch: 'amd64', os.version: '10.0', java.version: '11.0.6'
Driver info: org.openqa.selenium.chrome.ChromeDriver
Capabilities {acceptInsecureCerts: false, browserName: chrome, browserVersion: 99.0.4844.84, chrome: {chromedriverVersion: 99.0.4844.51 (d537ec02474b5..., userDataDir: C:\Users\BALARA~1\AppData\L...}, goog:chromeOptions: {debuggerAddress: localhost:57332}, javascriptEnabled: true, networkConnectionEnabled: false, pageLoadStrategy: normal, platform: WINDOWS, platformName: WINDOWS, proxy: Proxy(), se:cdp: ws://localhost:57332/devtoo..., se:cdpVersion: 99.0.4844.84, setWindowRect: true, strictFileInteractability: false, timeouts: {implicit: 0, pageLoad: 300000, script: 30000}, unhandledPromptBehavior: dismiss and notify, webauthn:extension:credBlob: true, webauthn:extension:largeBlob: true, webauthn:virtualAuthenticators: true}
Session ID: ef45928273bd9500c8093205aa0e3e37
at org.openqa.selenium.support.ui.WebDriverWait.timeoutException(WebDriverWait.java:138)
at org.openqa.selenium.support.ui.FluentWait.until(FluentWait.java:231)
at Oxhead_excel.Baseclass.visibilityOfElement(Baseclass.java:38)
at Oxhead_excel.Header.wishlist1(Header.java:211)
at Oxhead_excel.TestCases.Customer_is_able_to_see_Wishlist_page(TestCases.java:280)
at java.base/jdk.internal.reflect.NativeMethodAccessorImpl.invoke0(Native Method)
at java.base/jdk.internal.reflect.NativeMethodAccessorImpl.invoke(NativeMethodAccessorImpl.java:62)
at java.base/jdk.internal.reflect.DelegatingMethodAccessorImpl.invoke(DelegatingMethodAccessorImpl.java:43)
at java.base/java.lang.reflect.Method.invoke(Method.java:566)
at org.testng.internal.invokers.MethodInvocationHelper.invokeMethod(MethodInvocationHelper.java:135)
at org.testng.internal.invokers.TestInvoker.invokeMethod(TestInvoker.java:673)
at org.testng.internal.invokers.TestInvoker.invokeTestMethod(TestInvoker.java:220)
at org.testng.internal.invokers.MethodRunner.runInSequence(MethodRunner.java:50)
at org.testng.internal.invokers.TestInvoker$MethodInvocationAgent.invoke(TestInvoker.java:945)
at org.testng.internal.invokers.TestInvoker.invokeTestMethods(TestInvoker.java:193)
at org.testng.internal.invokers.TestMethodWorker.invokeTestMethods(TestMethodWorker.java:146)
at org.testng.internal.invokers.TestMethodWorker.run(TestMethodWorker.java:128)
at java.base/java.util.ArrayList.forEach(ArrayList.java:1540)
at org.testng.TestRunner.privateRun(TestRunner.java:808)
at org.testng.TestRunner.run(TestRunner.java:603)
at org.testng.SuiteRunner.runTest(SuiteRunner.java:429)
at org.testng.SuiteRunner.runSequentially(SuiteRunner.java:423)
at org.testng.SuiteRunner.privateRun(SuiteRunner.java:383)
at org.testng.SuiteRunner.run(SuiteRunner.java:326)
at org.testng.SuiteRunnerWorker.runSuite(SuiteRunnerWorker.java:52)
at org.testng.SuiteRunnerWorker.run(SuiteRunnerWorker.java:95)
at org.testng.TestNG.runSuitesSequentially(TestNG.java:1249)
at org.testng.TestNG.runSuitesLocally(TestNG.java:1169)
at org.testng.TestNG.runSuites(TestNG.java:1092)
at org.testng.TestNG.run(TestNG.java:1060)
at org.testng.remote.AbstractRemoteTestNG.run(AbstractRemoteTestNG.java:115)
at org.testng.remote.RemoteTestNG.initAndRun(RemoteTestNG.java:251)
at org.testng.remote.RemoteTestNG.main(RemoteTestNG.java:77)
]]>
    </failure>
  </testcase> <!-- Customer_is_able_to_see_Wishlist_page -->
  <testcase classname="Oxhead_excel.TestCases" name="Customer_is_able_to_see_Wishlist_page2" time="32.108"/>
  <testcase classname="Oxhead_excel.TestCases" name="Customer_should_be_able_to_see_any_category_shoul_not_be_there_in_the_wishlist_page" time="17.43"/>
  <testcase classname="Oxhead_excel.TestCases" name="Customer_is_able_to_see_the_checkoutdetails_page" time="39.481"/>
  <testcase classname="Oxhead_excel.TestCases" name="Customer_is_able_to_see_Address_validated_option_with_valid_data" time="49.81"/>
  <testcase classname="Oxhead_excel.TestCases" name="Customer_is_able_to_see_Address_validated_option_with_valid_data" time="52.809"/>
  <testcase classname="Oxhead_excel.TestCases" name="Customer_is_able_to_see_Address_validated_option_with_valid_data" time="47.659"/>
  <testcase classname="Oxhead_excel.TestCases" name="Customer_is_able_to_see_Address_validated_option_with_valid_data" time="44.731"/>
  <testcase classname="Oxhead_excel.TestCases" name="user_is_able_to_fill_valid_details_in_Billingaddress_and_able_to_delete_the_billingaddress" time="39.381"/>
  <testcase classname="Oxhead_excel.TestCases" name="user_is_able_to_edit_the_billingaddress" time="21.668"/>
  <testcase classname="Oxhead_excel.TestCases" name="user_is_able_to_fill_valid_details_in_shippingaddress_and_able_to_delete_shippingaddress_details" time="46.377">
    <failure type="org.openqa.selenium.ElementClickInterceptedException" message="element click intercepted: Element &amp;lt;button class=&amp;quot;form_option_ship_...&amp;quot; data-id=&amp;quot;145&amp;quot; data-eid-ship=&amp;quot;231&amp;quot;&amp;gt;edit&amp;lt;/button&amp;gt; is not clickable at point (1071, 10). Other element would receive the click: &amp;lt;div class=&amp;quot;wd-header-nav wd-header-main-nav text-left&amp;quot; role=&amp;quot;navigation&amp;quot;&amp;gt;...&amp;lt;/div&amp;gt;
  (Session info: chrome=99.0.4844.84)
Build info: version: &amp;apos;4.1.1&amp;apos;, revision: &amp;apos;e8fcc2cecf&amp;apos;
System info: host: &amp;apos;LMCLT017&amp;apos;, ip: &amp;apos;192.168.0.190&amp;apos;, os.name: &amp;apos;Windows 10&amp;apos;, os.arch: &amp;apos;amd64&amp;apos;, os.version: &amp;apos;10.0&amp;apos;, java.version: &amp;apos;11.0.6&amp;apos;
Driver info: org.openqa.selenium.chrome.ChromeDriver
Command: [076f2db918b288b00d3c2e7e21b4695b, clickElement {id=2121bf88-b951-4c81-bfbf-c18baa0d19b3}]
Capabilities {acceptInsecureCerts: false, browserName: chrome, browserVersion: 99.0.4844.84, chrome: {chromedriverVersion: 99.0.4844.51 (d537ec02474b5..., userDataDir: C:\Users\BALARA~1\AppData\L...}, goog:chromeOptions: {debuggerAddress: localhost:58110}, javascriptEnabled: true, networkConnectionEnabled: false, pageLoadStrategy: normal, platform: WINDOWS, platformName: WINDOWS, proxy: Proxy(), se:cdp: ws://localhost:58110/devtoo..., se:cdpVersion: 99.0.4844.84, setWindowRect: true, strictFileInteractability: false, timeouts: {implicit: 0, pageLoad: 300000, script: 30000}, unhandledPromptBehavior: dismiss and notify, webauthn:extension:credBlob: true, webauthn:extension:largeBlob: true, webauthn:virtualAuthenticators: true}
Element: [[ChromeDriver: chrome on WINDOWS (076f2db918b288b00d3c2e7e21b4695b)] -&amp;gt; xpath: //button[@class=&amp;quot;form_option_ship_edit&amp;quot;][1]]
Session ID: 076f2db918b288b00d3c2e7e21b4695b">
      <![CDATA[org.openqa.selenium.ElementClickInterceptedException: element click intercepted: Element <button class="form_option_ship_..." data-id="145" data-eid-ship="231">edit</button> is not clickable at point (1071, 10). Other element would receive the click: <div class="wd-header-nav wd-header-main-nav text-left" role="navigation">...</div>
  (Session info: chrome=99.0.4844.84)
Build info: version: '4.1.1', revision: 'e8fcc2cecf'
System info: host: 'LMCLT017', ip: '192.168.0.190', os.name: 'Windows 10', os.arch: 'amd64', os.version: '10.0', java.version: '11.0.6'
Driver info: org.openqa.selenium.chrome.ChromeDriver
Command: [076f2db918b288b00d3c2e7e21b4695b, clickElement {id=2121bf88-b951-4c81-bfbf-c18baa0d19b3}]
Capabilities {acceptInsecureCerts: false, browserName: chrome, browserVersion: 99.0.4844.84, chrome: {chromedriverVersion: 99.0.4844.51 (d537ec02474b5..., userDataDir: C:\Users\BALARA~1\AppData\L...}, goog:chromeOptions: {debuggerAddress: localhost:58110}, javascriptEnabled: true, networkConnectionEnabled: false, pageLoadStrategy: normal, platform: WINDOWS, platformName: WINDOWS, proxy: Proxy(), se:cdp: ws://localhost:58110/devtoo..., se:cdpVersion: 99.0.4844.84, setWindowRect: true, strictFileInteractability: false, timeouts: {implicit: 0, pageLoad: 300000, script: 30000}, unhandledPromptBehavior: dismiss and notify, webauthn:extension:credBlob: true, webauthn:extension:largeBlob: true, webauthn:virtualAuthenticators: true}
Element: [[ChromeDriver: chrome on WINDOWS (076f2db918b288b00d3c2e7e21b4695b)] -> xpath: //button[@class="form_option_ship_edit"][1]]
Session ID: 076f2db918b288b00d3c2e7e21b4695b
at java.base/jdk.internal.reflect.NativeConstructorAccessorImpl.newInstance0(Native Method)
at java.base/jdk.internal.reflect.NativeConstructorAccessorImpl.newInstance(NativeConstructorAccessorImpl.java:62)
at java.base/jdk.internal.reflect.DelegatingConstructorAccessorImpl.newInstance(DelegatingConstructorAccessorImpl.java:45)
at java.base/java.lang.reflect.Constructor.newInstance(Constructor.java:490)
at org.openqa.selenium.remote.codec.w3c.W3CHttpResponseCodec.createException(W3CHttpResponseCodec.java:200)
at org.openqa.selenium.remote.codec.w3c.W3CHttpResponseCodec.decode(W3CHttpResponseCodec.java:133)
at org.openqa.selenium.remote.codec.w3c.W3CHttpResponseCodec.decode(W3CHttpResponseCodec.java:53)
at org.openqa.selenium.remote.HttpCommandExecutor.execute(HttpCommandExecutor.java:184)
at org.openqa.selenium.remote.service.DriverCommandExecutor.invokeExecute(DriverCommandExecutor.java:167)
at org.openqa.selenium.remote.service.DriverCommandExecutor.execute(DriverCommandExecutor.java:142)
at org.openqa.selenium.remote.RemoteWebDriver.execute(RemoteWebDriver.java:543)
at org.openqa.selenium.remote.RemoteWebElement.execute(RemoteWebElement.java:251)
at org.openqa.selenium.remote.RemoteWebElement.click(RemoteWebElement.java:77)
at jdk.internal.reflect.GeneratedMethodAccessor2.invoke(Unknown Source)
at java.base/jdk.internal.reflect.DelegatingMethodAccessorImpl.invoke(DelegatingMethodAccessorImpl.java:43)
at java.base/java.lang.reflect.Method.invoke(Method.java:566)
at org.openqa.selenium.support.pagefactory.internal.LocatingElementHandler.invoke(LocatingElementHandler.java:52)
at com.sun.proxy.$Proxy19.click(Unknown Source)
at Oxhead_excel.Runner.adressBook_Shippingadress(Runner.java:496)
at Oxhead_excel.TestCases.user_is_able_to_fill_valid_details_in_shippingaddress_and_able_to_delete_shippingaddress_details(TestCases.java:344)
at java.base/jdk.internal.reflect.NativeMethodAccessorImpl.invoke0(Native Method)
at java.base/jdk.internal.reflect.NativeMethodAccessorImpl.invoke(NativeMethodAccessorImpl.java:62)
at java.base/jdk.internal.reflect.DelegatingMethodAccessorImpl.invoke(DelegatingMethodAccessorImpl.java:43)
at java.base/java.lang.reflect.Method.invoke(Method.java:566)
at org.testng.internal.invokers.MethodInvocationHelper.invokeMethod(MethodInvocationHelper.java:135)
at org.testng.internal.invokers.TestInvoker.invokeMethod(TestInvoker.java:673)
at org.testng.internal.invokers.TestInvoker.invokeTestMethod(TestInvoker.java:220)
at org.testng.internal.invokers.MethodRunner.runInSequence(MethodRunner.java:50)
at org.testng.internal.invokers.TestInvoker$MethodInvocationAgent.invoke(TestInvoker.java:945)
at org.testng.internal.invokers.TestInvoker.invokeTestMethods(TestInvoker.java:193)
at org.testng.internal.invokers.TestMethodWorker.invokeTestMethods(TestMethodWorker.java:146)
at org.testng.internal.invokers.TestMethodWorker.run(TestMethodWorker.java:128)
at java.base/java.util.ArrayList.forEach(ArrayList.java:1540)
at org.testng.TestRunner.privateRun(TestRunner.java:808)
at org.testng.TestRunner.run(TestRunner.java:603)
at org.testng.SuiteRunner.runTest(SuiteRunner.java:429)
at org.testng.SuiteRunner.runSequentially(SuiteRunner.java:423)
at org.testng.SuiteRunner.privateRun(SuiteRunner.java:383)
at org.testng.SuiteRunner.run(SuiteRunner.java:326)
at org.testng.SuiteRunnerWorker.runSuite(SuiteRunnerWorker.java:52)
at org.testng.SuiteRunnerWorker.run(SuiteRunnerWorker.java:95)
at org.testng.TestNG.runSuitesSequentially(TestNG.java:1249)
at org.testng.TestNG.runSuitesLocally(TestNG.java:1169)
at org.testng.TestNG.runSuites(TestNG.java:1092)
at org.testng.TestNG.run(TestNG.java:1060)
at org.testng.remote.AbstractRemoteTestNG.run(AbstractRemoteTestNG.java:115)
at org.testng.remote.RemoteTestNG.initAndRun(RemoteTestNG.java:251)
at org.testng.remote.RemoteTestNG.main(RemoteTestNG.java:77)
]]>
    </failure>
  </testcase> <!-- user_is_able_to_fill_valid_details_in_shippingaddress_and_able_to_delete_shippingaddress_details -->
  <testcase classname="Oxhead_excel.TestCases" name="Customer_is_able_to_do_the_payment_method_process" time="34.039"/>
  <testcase classname="Oxhead_excel.TestCases" name="customer_Is_Able_To_See_The_OrderDetails" time="19.423"/>
  <testcase classname="Oxhead_excel.TestCases" name="Customer_Is_Able_To_Do_Logout" time="23.036"/>
  <testcase classname="Oxhead_excel.TestCases" name="Customer_Is_Able_To_Logout_From_The_Application" time="18.112"/>
  <testcase classname="Oxhead_excel.TestCases" name="verify_with_valid_orderid_and_billingmail_and_able_to_see_contactus_page_and_fill_with_valid_details" time="28.213"/>
  <testcase classname="Oxhead_excel.TestCases" name="verify_with_invalid_orderid_and_valid_billing_mail" time="17.651"/>
  <testcase classname="Oxhead_excel.TestCases" name="verify_with_invalid_orderid_and_valid_billing_mail" time="16.098"/>
  <testcase classname="Oxhead_excel.TestCases" name="verify_with_invalid_orderid_and_valid_billing_mail" time="15.841"/>
  <testcase classname="Oxhead_excel.TestCases" name="verify_with_invalid_orderid_and_valid_billing_mail" time="15.295"/>
  <testcase classname="Oxhead_excel.TestCases" name="verify_with_invalid_orderid_and_valid_billing_mail" time="16.101"/>
  <testcase classname="Oxhead_excel.TestCases" name="verify_with_invalid_orderid_and_valid_billing_mail" time="16.086"/>
  <testcase classname="Oxhead_excel.TestCases" name="verify_with_invalid_orderid_and_valid_billing_mail" time="15.618"/>
  <testcase classname="Oxhead_excel.TestCases" name="verify_with_invalid_orderid_and_valid_billing_mail" time="18.362"/>
  <testcase classname="Oxhead_excel.TestCases" name="verify_with_valid_order_id_and_billing_mail_and_able_to_see_contactuspage_and_fill_with_invalid_name_and_remaining_all_are_valid" time="18.352"/>
  <testcase classname="Oxhead_excel.TestCases" name="verify_with_valid_order_id_and_billing_mail_and_able_to_see_contactuspage_and_fill_with_invalid_name_and_remaining_all_are_valid" time="22.087"/>
  <testcase classname="Oxhead_excel.TestCases" name="verify_with_valid_order_id_and_billing_mail_and_able_to_see_contactuspage_and_fill_with_invalid_name_and_remaining_all_are_valid" time="21.261"/>
  <testcase classname="Oxhead_excel.TestCases" name="verify_with_valid_order_id_and_billing_mail_and_able_to_see_contactuspage_and_fill_with_invalid_name_and_remaining_all_are_valid" time="19.55"/>
  <testcase classname="Oxhead_excel.TestCases" name="verify_with_valid_order_id_and_billing_mail_and_able_to_see_contactuspage_and_fill_with_invalid_name_and_remaining_all_are_valid" time="29.277">
    <failure type="java.lang.AssertionError" message="expected [One or more fields have an error. Please check and try again.] but found [Thank you for your message. It has been sent.]">
      <![CDATA[java.lang.AssertionError: expected [One or more fields have an error. Please check and try again.] but found [Thank you for your message. It has been sent.]
at org.testng.Assert.fail(Assert.java:110)
at org.testng.Assert.failNotEquals(Assert.java:1413)
at org.testng.Assert.assertEqualsImpl(Assert.java:149)
at org.testng.Assert.assertEquals(Assert.java:131)
at org.testng.Assert.assertEquals(Assert.java:655)
at org.testng.Assert.assertEquals(Assert.java:665)
at Oxhead_excel.Runner.order1(Runner.java:578)
at Oxhead_excel.TestCases.verify_with_valid_order_id_and_billing_mail_and_able_to_see_contactuspage_and_fill_with_invalid_name_and_remaining_all_are_valid(TestCases.java:398)
at java.base/jdk.internal.reflect.NativeMethodAccessorImpl.invoke0(Native Method)
at java.base/jdk.internal.reflect.NativeMethodAccessorImpl.invoke(NativeMethodAccessorImpl.java:62)
at java.base/jdk.internal.reflect.DelegatingMethodAccessorImpl.invoke(DelegatingMethodAccessorImpl.java:43)
at java.base/java.lang.reflect.Method.invoke(Method.java:566)
at org.testng.internal.invokers.MethodInvocationHelper.invokeMethod(MethodInvocationHelper.java:135)
at org.testng.internal.invokers.TestInvoker.invokeMethod(TestInvoker.java:673)
at org.testng.internal.invokers.TestInvoker.invokeTestMethod(TestInvoker.java:220)
at org.testng.internal.invokers.MethodRunner.runInSequence(MethodRunner.java:50)
at org.testng.internal.invokers.TestInvoker$MethodInvocationAgent.invoke(TestInvoker.java:945)
at org.testng.internal.invokers.TestInvoker.invokeTestMethods(TestInvoker.java:193)
at org.testng.internal.invokers.TestMethodWorker.invokeTestMethods(TestMethodWorker.java:146)
at org.testng.internal.invokers.TestMethodWorker.run(TestMethodWorker.java:128)
at java.base/java.util.ArrayList.forEach(ArrayList.java:1540)
at org.testng.TestRunner.privateRun(TestRunner.java:808)
at org.testng.TestRunner.run(TestRunner.java:603)
at org.testng.SuiteRunner.runTest(SuiteRunner.java:429)
at org.testng.SuiteRunner.runSequentially(SuiteRunner.java:423)
at org.testng.SuiteRunner.privateRun(SuiteRunner.java:383)
at org.testng.SuiteRunner.run(SuiteRunner.java:326)
at org.testng.SuiteRunnerWorker.runSuite(SuiteRunnerWorker.java:52)
at org.testng.SuiteRunnerWorker.run(SuiteRunnerWorker.java:95)
at org.testng.TestNG.runSuitesSequentially(TestNG.java:1249)
at org.testng.TestNG.runSuitesLocally(TestNG.java:1169)
at org.testng.TestNG.runSuites(TestNG.java:1092)
at org.testng.TestNG.run(TestNG.java:1060)
at org.testng.remote.AbstractRemoteTestNG.run(AbstractRemoteTestNG.java:115)
at org.testng.remote.RemoteTestNG.initAndRun(RemoteTestNG.java:251)
at org.testng.remote.RemoteTestNG.main(RemoteTestNG.java:77)
]]>
    </failure>
  </testcase> <!-- verify_with_valid_order_id_and_billing_mail_and_able_to_see_contactuspage_and_fill_with_invalid_name_and_remaining_all_are_valid -->
  <testcase classname="Oxhead_excel.TestCases" name="verify_customer_is_able_to_see_trackanorder_logo_and_oxheadlogo_same_or_not" time="9.703">
    <failure type="org.openqa.selenium.NoSuchElementException" message="no such element: Unable to locate element: {&amp;quot;method&amp;quot;:&amp;quot;xpath&amp;quot;,&amp;quot;selector&amp;quot;:&amp;quot;/html/body/div[1]/div[1]/div/div/div/div[1]/div/a/img&amp;quot;}
  (Session info: chrome=99.0.4844.84)
For documentation on this error, please visit: https://selenium.dev/exceptions/#no_such_element
Build info: version: &amp;apos;4.1.1&amp;apos;, revision: &amp;apos;e8fcc2cecf&amp;apos;
System info: host: &amp;apos;LMCLT017&amp;apos;, ip: &amp;apos;192.168.0.190&amp;apos;, os.name: &amp;apos;Windows 10&amp;apos;, os.arch: &amp;apos;amd64&amp;apos;, os.version: &amp;apos;10.0&amp;apos;, java.version: &amp;apos;11.0.6&amp;apos;
Driver info: org.openqa.selenium.chrome.ChromeDriver
Command: [322214edb800dec24ec4fcf641e82bda, findElement {using=xpath, value=/html/body/div[1]/div[1]/div/div/div/div[1]/div/a/img}]
Capabilities {acceptInsecureCerts: false, browserName: chrome, browserVersion: 99.0.4844.84, chrome: {chromedriverVersion: 99.0.4844.51 (d537ec02474b5..., userDataDir: C:\Users\BALARA~1\AppData\L...}, goog:chromeOptions: {debuggerAddress: localhost:59358}, javascriptEnabled: true, networkConnectionEnabled: false, pageLoadStrategy: normal, platform: WINDOWS, platformName: WINDOWS, proxy: Proxy(), se:cdp: ws://localhost:59358/devtoo..., se:cdpVersion: 99.0.4844.84, setWindowRect: true, strictFileInteractability: false, timeouts: {implicit: 0, pageLoad: 300000, script: 30000}, unhandledPromptBehavior: dismiss and notify, webauthn:extension:credBlob: true, webauthn:extension:largeBlob: true, webauthn:virtualAuthenticators: true}
Session ID: 322214edb800dec24ec4fcf641e82bda">
      <![CDATA[org.openqa.selenium.NoSuchElementException: no such element: Unable to locate element: {"method":"xpath","selector":"/html/body/div[1]/div[1]/div/div/div/div[1]/div/a/img"}
  (Session info: chrome=99.0.4844.84)
For documentation on this error, please visit: https://selenium.dev/exceptions/#no_such_element
Build info: version: '4.1.1', revision: 'e8fcc2cecf'
System info: host: 'LMCLT017', ip: '192.168.0.190', os.name: 'Windows 10', os.arch: 'amd64', os.version: '10.0', java.version: '11.0.6'
Driver info: org.openqa.selenium.chrome.ChromeDriver
Command: [322214edb800dec24ec4fcf641e82bda, findElement {using=xpath, value=/html/body/div[1]/div[1]/div/div/div/div[1]/div/a/img}]
Capabilities {acceptInsecureCerts: false, browserName: chrome, browserVersion: 99.0.4844.84, chrome: {chromedriverVersion: 99.0.4844.51 (d537ec02474b5..., userDataDir: C:\Users\BALARA~1\AppData\L...}, goog:chromeOptions: {debuggerAddress: localhost:59358}, javascriptEnabled: true, networkConnectionEnabled: false, pageLoadStrategy: normal, platform: WINDOWS, platformName: WINDOWS, proxy: Proxy(), se:cdp: ws://localhost:59358/devtoo..., se:cdpVersion: 99.0.4844.84, setWindowRect: true, strictFileInteractability: false, timeouts: {implicit: 0, pageLoad: 300000, script: 30000}, unhandledPromptBehavior: dismiss and notify, webauthn:extension:credBlob: true, webauthn:extension:largeBlob: true, webauthn:virtualAuthenticators: true}
Session ID: 322214edb800dec24ec4fcf641e82bda
at jdk.internal.reflect.GeneratedConstructorAccessor79.newInstance(Unknown Source)
at java.base/jdk.internal.reflect.DelegatingConstructorAccessorImpl.newInstance(DelegatingConstructorAccessorImpl.java:45)
at java.base/java.lang.reflect.Constructor.newInstance(Constructor.java:490)
at org.openqa.selenium.remote.codec.w3c.W3CHttpResponseCodec.createException(W3CHttpResponseCodec.java:200)
at org.openqa.selenium.remote.codec.w3c.W3CHttpResponseCodec.decode(W3CHttpResponseCodec.java:133)
at org.openqa.selenium.remote.codec.w3c.W3CHttpResponseCodec.decode(W3CHttpResponseCodec.java:53)
at org.openqa.selenium.remote.HttpCommandExecutor.execute(HttpCommandExecutor.java:184)
at org.openqa.selenium.remote.service.DriverCommandExecutor.invokeExecute(DriverCommandExecutor.java:167)
at org.openqa.selenium.remote.service.DriverCommandExecutor.execute(DriverCommandExecutor.java:142)
at org.openqa.selenium.remote.RemoteWebDriver.execute(RemoteWebDriver.java:543)
at org.openqa.selenium.remote.ElementLocation$ElementFinder$2.findElement(ElementLocation.java:162)
at org.openqa.selenium.remote.ElementLocation.findElement(ElementLocation.java:60)
at org.openqa.selenium.remote.RemoteWebDriver.findElement(RemoteWebDriver.java:367)
at org.openqa.selenium.remote.RemoteWebDriver.findElement(RemoteWebDriver.java:359)
at org.openqa.selenium.support.pagefactory.DefaultElementLocator.findElement(DefaultElementLocator.java:70)
at org.openqa.selenium.support.pagefactory.internal.LocatingElementHandler.invoke(LocatingElementHandler.java:39)
at com.sun.proxy.$Proxy19.isDisplayed(Unknown Source)
at Oxhead_excel.Runner.logo(Runner.java:613)
at Oxhead_excel.TestCases.verify_customer_is_able_to_see_trackanorder_logo_and_oxheadlogo_same_or_not(TestCases.java:405)
at java.base/jdk.internal.reflect.NativeMethodAccessorImpl.invoke0(Native Method)
at java.base/jdk.internal.reflect.NativeMethodAccessorImpl.invoke(NativeMethodAccessorImpl.java:62)
at java.base/jdk.internal.reflect.DelegatingMethodAccessorImpl.invoke(DelegatingMethodAccessorImpl.java:43)
at java.base/java.lang.reflect.Method.invoke(Method.java:566)
at org.testng.internal.invokers.MethodInvocationHelper.invokeMethod(MethodInvocationHelper.java:135)
at org.testng.internal.invokers.TestInvoker.invokeMethod(TestInvoker.java:673)
at org.testng.internal.invokers.TestInvoker.invokeTestMethod(TestInvoker.java:220)
at org.testng.internal.invokers.MethodRunner.runInSequence(MethodRunner.java:50)
at org.testng.internal.invokers.TestInvoker$MethodInvocationAgent.invoke(TestInvoker.java:945)
at org.testng.internal.invokers.TestInvoker.invokeTestMethods(TestInvoker.java:193)
at org.testng.internal.invokers.TestMethodWorker.invokeTestMethods(TestMethodWorker.java:146)
at org.testng.internal.invokers.TestMethodWorker.run(TestMethodWorker.java:128)
at java.base/java.util.ArrayList.forEach(ArrayList.java:1540)
at org.testng.TestRunner.privateRun(TestRunner.java:808)
at org.testng.TestRunner.run(TestRunner.java:603)
at org.testng.SuiteRunner.runTest(SuiteRunner.java:429)
at org.testng.SuiteRunner.runSequentially(SuiteRunner.java:423)
at org.testng.SuiteRunner.privateRun(SuiteRunner.java:383)
at org.testng.SuiteRunner.run(SuiteRunner.java:326)
at org.testng.SuiteRunnerWorker.runSuite(SuiteRunnerWorker.java:52)
at org.testng.SuiteRunnerWorker.run(SuiteRunnerWorker.java:95)
at org.testng.TestNG.runSuitesSequentially(TestNG.java:1249)
at org.testng.TestNG.runSuitesLocally(TestNG.java:1169)
at org.testng.TestNG.runSuites(TestNG.java:1092)
at org.testng.TestNG.run(TestNG.java:1060)
at org.testng.remote.AbstractRemoteTestNG.run(AbstractRemoteTestNG.java:115)
at org.testng.remote.RemoteTestNG.initAndRun(RemoteTestNG.java:251)
at org.testng.remote.RemoteTestNG.main(RemoteTestNG.java:77)
]]>
    </failure>
  </testcase> <!-- verify_customer_is_able_to_see_trackanorder_logo_and_oxheadlogo_same_or_not -->
  <testcase classname="Oxhead_excel.TestCases" name="Customer_Is_Able_To_See_The_AllProducts_On_Browse_Catagories" time="17.085"/>
  <testcase classname="Oxhead_excel.TestCases" name="Customer_Is_Able_To_See_The_Gold_On_Browse_Catagories" time="15.688"/>
  <testcase classname="Oxhead_excel.TestCases" name="Customer_Is_Able_To_See_The_Palladium_On_Browse_Catagories" time="15.496"/>
  <testcase classname="Oxhead_excel.TestCases" name="Customer_Is_Able_To_See_The_Platinum_On_Browse_Catagories" time="15.894"/>
  <testcase classname="Oxhead_excel.TestCases" name="Customer_Is_Able_To_See_The_Silver_On_Browse_Catagories" time="15.2"/>
  <testcase classname="Oxhead_excel.TestCases" name="customer_Is_Able_To_See_The_HomePage" time="11.959"/>
  <testcase classname="Oxhead_excel.TestCases" name="Customer_is_able_to_see_the_sticky_header_is_fixed_at_that_place_it_is_comingdown" time="10.649"/>
  <testcase classname="Oxhead_excel.TestCases" name="Customer_Is_Able_To_See_The_NewArrivals_Page" time="15.811"/>
  <testcase classname="Oxhead_excel.TestCases" name="Customer_is_able_to_see_the_Silverbars" time="53.122"/>
  <testcase classname="Oxhead_excel.TestCases" name="Customer_is_able_to_see_the_silver_bulletts" time="11.611"/>
  <testcase classname="Oxhead_excel.TestCases" name="Customer_is_able_to_see_the_silver_coins" time="45.866">
    <failure type="org.openqa.selenium.TimeoutException" message="Expected condition failed: waiting for visibility of Proxy element for: DefaultElementLocator &amp;apos;By.xpath: //div[@class=&amp;apos;summary-inner&amp;apos;]//button[@name=&amp;apos;add-to-cart&amp;apos;]&amp;apos; (tried for 25 second(s) with 1 milliseconds interval)">
      <![CDATA[org.openqa.selenium.TimeoutException: Expected condition failed: waiting for visibility of Proxy element for: DefaultElementLocator 'By.xpath: //div[@class='summary-inner']//button[@name='add-to-cart']' (tried for 25 second(s) with 1 milliseconds interval)
at org.openqa.selenium.support.ui.WebDriverWait.timeoutException(WebDriverWait.java:138)
at org.openqa.selenium.support.ui.FluentWait.until(FluentWait.java:231)
at Oxhead_excel.Baseclass.visibilityOfElement(Baseclass.java:38)
at Oxhead_excel.Header.silvercoins(Header.java:300)
at Oxhead_excel.TestCases.Customer_is_able_to_see_the_silver_coins(TestCases.java:500)
at java.base/jdk.internal.reflect.NativeMethodAccessorImpl.invoke0(Native Method)
at java.base/jdk.internal.reflect.NativeMethodAccessorImpl.invoke(NativeMethodAccessorImpl.java:62)
at java.base/jdk.internal.reflect.DelegatingMethodAccessorImpl.invoke(DelegatingMethodAccessorImpl.java:43)
at java.base/java.lang.reflect.Method.invoke(Method.java:566)
at org.testng.internal.invokers.MethodInvocationHelper.invokeMethod(MethodInvocationHelper.java:135)
at org.testng.internal.invokers.TestInvoker.invokeMethod(TestInvoker.java:673)
at org.testng.internal.invokers.TestInvoker.invokeTestMethod(TestInvoker.java:220)
at org.testng.internal.invokers.MethodRunner.runInSequence(MethodRunner.java:50)
at org.testng.internal.invokers.TestInvoker$MethodInvocationAgent.invoke(TestInvoker.java:945)
at org.testng.internal.invokers.TestInvoker.invokeTestMethods(TestInvoker.java:193)
at org.testng.internal.invokers.TestMethodWorker.invokeTestMethods(TestMethodWorker.java:146)
at org.testng.internal.invokers.TestMethodWorker.run(TestMethodWorker.java:128)
at java.base/java.util.ArrayList.forEach(ArrayList.java:1540)
at org.testng.TestRunner.privateRun(TestRunner.java:808)
at org.testng.TestRunner.run(TestRunner.java:603)
at org.testng.SuiteRunner.runTest(SuiteRunner.java:429)
at org.testng.SuiteRunner.runSequentially(SuiteRunner.java:423)
at org.testng.SuiteRunner.privateRun(SuiteRunner.java:383)
at org.testng.SuiteRunner.run(SuiteRunner.java:326)
at org.testng.SuiteRunnerWorker.runSuite(SuiteRunnerWorker.java:52)
at org.testng.SuiteRunnerWorker.run(SuiteRunnerWorker.java:95)
at org.testng.TestNG.runSuitesSequentially(TestNG.java:1249)
at org.testng.TestNG.runSuitesLocally(TestNG.java:1169)
at org.testng.TestNG.runSuites(TestNG.java:1092)
at org.testng.TestNG.run(TestNG.java:1060)
at org.testng.remote.AbstractRemoteTestNG.run(AbstractRemoteTestNG.java:115)
at org.testng.remote.RemoteTestNG.initAndRun(RemoteTestNG.java:251)
at org.testng.remote.RemoteTestNG.main(RemoteTestNG.java:77)
Caused by: org.openqa.selenium.NoSuchElementException: no such element: Unable to locate element: {"method":"xpath","selector":"//div[@class='summary-inner']//button[@name='add-to-cart']"}
  (Session info: chrome=99.0.4844.84)
For documentation on this error, please visit: https://selenium.dev/exceptions/#no_such_element
Build info: version: '4.1.1', revision: 'e8fcc2cecf'
System info: host: 'LMCLT017', ip: '192.168.0.190', os.name: 'Windows 10', os.arch: 'amd64', os.version: '10.0', java.version: '11.0.6'
Driver info: org.openqa.selenium.chrome.ChromeDriver
Command: [991d6533517e336f7fcba0fb7ba3711f, findElement {using=xpath, value=//div[@class='summary-inner']//button[@name='add-to-cart']}]
Capabilities {acceptInsecureCerts: false, browserName: chrome, browserVersion: 99.0.4844.84, chrome: {chromedriverVersion: 99.0.4844.51 (d537ec02474b5..., userDataDir: C:\Users\BALARA~1\AppData\L...}, goog:chromeOptions: {debuggerAddress: localhost:60043}, javascriptEnabled: true, networkConnectionEnabled: false, pageLoadStrategy: normal, platform: WINDOWS, platformName: WINDOWS, proxy: Proxy(), se:cdp: ws://localhost:60043/devtoo..., se:cdpVersion: 99.0.4844.84, setWindowRect: true, strictFileInteractability: false, timeouts: {implicit: 0, pageLoad: 300000, script: 30000}, unhandledPromptBehavior: dismiss and notify, webauthn:extension:credBlob: true, webauthn:extension:largeBlob: true, webauthn:virtualAuthenticators: true}
Session ID: 991d6533517e336f7fcba0fb7ba3711f
at jdk.internal.reflect.GeneratedConstructorAccessor79.newInstance(Unknown Source)
at java.base/jdk.internal.reflect.DelegatingConstructorAccessorImpl.newInstance(DelegatingConstructorAccessorImpl.java:45)
at java.base/java.lang.reflect.Constructor.newInstance(Constructor.java:490)
at org.openqa.selenium.remote.codec.w3c.W3CHttpResponseCodec.createException(W3CHttpResponseCodec.java:200)
at org.openqa.selenium.remote.codec.w3c.W3CHttpResponseCodec.decode(W3CHttpResponseCodec.java:133)
at org.openqa.selenium.remote.codec.w3c.W3CHttpResponseCodec.decode(W3CHttpResponseCodec.java:53)
at org.openqa.selenium.remote.HttpCommandExecutor.execute(HttpCommandExecutor.java:184)
at org.openqa.selenium.remote.service.DriverCommandExecutor.invokeExecute(DriverCommandExecutor.java:167)
at org.openqa.selenium.remote.service.DriverCommandExecutor.execute(DriverCommandExecutor.java:142)
at org.openqa.selenium.remote.RemoteWebDriver.execute(RemoteWebDriver.java:543)
at org.openqa.selenium.remote.ElementLocation$ElementFinder$2.findElement(ElementLocation.java:162)
at org.openqa.selenium.remote.ElementLocation.findElement(ElementLocation.java:60)
at org.openqa.selenium.remote.RemoteWebDriver.findElement(RemoteWebDriver.java:367)
at org.openqa.selenium.remote.RemoteWebDriver.findElement(RemoteWebDriver.java:359)
at org.openqa.selenium.support.pagefactory.DefaultElementLocator.findElement(DefaultElementLocator.java:70)
at org.openqa.selenium.support.pagefactory.internal.LocatingElementHandler.invoke(LocatingElementHandler.java:39)
at com.sun.proxy.$Proxy19.isDisplayed(Unknown Source)
at org.openqa.selenium.support.ui.ExpectedConditions.elementIfVisible(ExpectedConditions.java:307)
at org.openqa.selenium.support.ui.ExpectedConditions.access$000(ExpectedConditions.java:40)
at org.openqa.selenium.support.ui.ExpectedConditions$10.apply(ExpectedConditions.java:293)
at org.openqa.selenium.support.ui.ExpectedConditions$10.apply(ExpectedConditions.java:290)
at org.openqa.selenium.support.ui.FluentWait.until(FluentWait.java:208)
... 31 more
]]>
    </failure>
  </testcase> <!-- Customer_is_able_to_see_the_silver_coins -->
  <testcase classname="Oxhead_excel.TestCases" name="Customer_is_able_to_see_the_goldcoins" time="20.697"/>
  <testcase classname="Oxhead_excel.TestCases" name="Customer_is_able_to_see_the_goldbars" time="47.922"/>
  <testcase classname="Oxhead_excel.TestCases" name="Customer_is_able_to_see_the_usgold" time="10.505"/>
  <testcase classname="Oxhead_excel.TestCases" name="Customer_is_able_to_see_the_canadiangold" time="9.557"/>
  <testcase classname="Oxhead_excel.TestCases" name="Customer_is_able_to_see_the_Austraiangold" time="9.71"/>
  <testcase classname="Oxhead_excel.TestCases" name="Customer_is_able_to_see_the_Platinum_in_Other" time="20.624">
    <failure type="org.openqa.selenium.NoSuchElementException" message="no such element: Unable to locate element: {&amp;quot;method&amp;quot;:&amp;quot;xpath&amp;quot;,&amp;quot;selector&amp;quot;:&amp;quot;/html/body/div[1]/div[2]/div[2]/div/div/div[5]/div[1]/div/a&amp;quot;}
  (Session info: chrome=99.0.4844.84)
For documentation on this error, please visit: https://selenium.dev/exceptions/#no_such_element
Build info: version: &amp;apos;4.1.1&amp;apos;, revision: &amp;apos;e8fcc2cecf&amp;apos;
System info: host: &amp;apos;LMCLT017&amp;apos;, ip: &amp;apos;192.168.0.190&amp;apos;, os.name: &amp;apos;Windows 10&amp;apos;, os.arch: &amp;apos;amd64&amp;apos;, os.version: &amp;apos;10.0&amp;apos;, java.version: &amp;apos;11.0.6&amp;apos;
Driver info: org.openqa.selenium.chrome.ChromeDriver
Command: [fa0600e6e02163fcbaaa2cd405c9a0d4, findElement {using=xpath, value=/html/body/div[1]/div[2]/div[2]/div/div/div[5]/div[1]/div/a}]
Capabilities {acceptInsecureCerts: false, browserName: chrome, browserVersion: 99.0.4844.84, chrome: {chromedriverVersion: 99.0.4844.51 (d537ec02474b5..., userDataDir: C:\Users\BALARA~1\AppData\L...}, goog:chromeOptions: {debuggerAddress: localhost:60465}, javascriptEnabled: true, networkConnectionEnabled: false, pageLoadStrategy: normal, platform: WINDOWS, platformName: WINDOWS, proxy: Proxy(), se:cdp: ws://localhost:60465/devtoo..., se:cdpVersion: 99.0.4844.84, setWindowRect: true, strictFileInteractability: false, timeouts: {implicit: 0, pageLoad: 300000, script: 30000}, unhandledPromptBehavior: dismiss and notify, webauthn:extension:credBlob: true, webauthn:extension:largeBlob: true, webauthn:virtualAuthenticators: true}
Session ID: fa0600e6e02163fcbaaa2cd405c9a0d4">
      <![CDATA[org.openqa.selenium.NoSuchElementException: no such element: Unable to locate element: {"method":"xpath","selector":"/html/body/div[1]/div[2]/div[2]/div/div/div[5]/div[1]/div/a"}
  (Session info: chrome=99.0.4844.84)
For documentation on this error, please visit: https://selenium.dev/exceptions/#no_such_element
Build info: version: '4.1.1', revision: 'e8fcc2cecf'
System info: host: 'LMCLT017', ip: '192.168.0.190', os.name: 'Windows 10', os.arch: 'amd64', os.version: '10.0', java.version: '11.0.6'
Driver info: org.openqa.selenium.chrome.ChromeDriver
Command: [fa0600e6e02163fcbaaa2cd405c9a0d4, findElement {using=xpath, value=/html/body/div[1]/div[2]/div[2]/div/div/div[5]/div[1]/div/a}]
Capabilities {acceptInsecureCerts: false, browserName: chrome, browserVersion: 99.0.4844.84, chrome: {chromedriverVersion: 99.0.4844.51 (d537ec02474b5..., userDataDir: C:\Users\BALARA~1\AppData\L...}, goog:chromeOptions: {debuggerAddress: localhost:60465}, javascriptEnabled: true, networkConnectionEnabled: false, pageLoadStrategy: normal, platform: WINDOWS, platformName: WINDOWS, proxy: Proxy(), se:cdp: ws://localhost:60465/devtoo..., se:cdpVersion: 99.0.4844.84, setWindowRect: true, strictFileInteractability: false, timeouts: {implicit: 0, pageLoad: 300000, script: 30000}, unhandledPromptBehavior: dismiss and notify, webauthn:extension:credBlob: true, webauthn:extension:largeBlob: true, webauthn:virtualAuthenticators: true}
Session ID: fa0600e6e02163fcbaaa2cd405c9a0d4
at jdk.internal.reflect.GeneratedConstructorAccessor79.newInstance(Unknown Source)
at java.base/jdk.internal.reflect.DelegatingConstructorAccessorImpl.newInstance(DelegatingConstructorAccessorImpl.java:45)
at java.base/java.lang.reflect.Constructor.newInstance(Constructor.java:490)
at org.openqa.selenium.remote.codec.w3c.W3CHttpResponseCodec.createException(W3CHttpResponseCodec.java:200)
at org.openqa.selenium.remote.codec.w3c.W3CHttpResponseCodec.decode(W3CHttpResponseCodec.java:133)
at org.openqa.selenium.remote.codec.w3c.W3CHttpResponseCodec.decode(W3CHttpResponseCodec.java:53)
at org.openqa.selenium.remote.HttpCommandExecutor.execute(HttpCommandExecutor.java:184)
at org.openqa.selenium.remote.service.DriverCommandExecutor.invokeExecute(DriverCommandExecutor.java:167)
at org.openqa.selenium.remote.service.DriverCommandExecutor.execute(DriverCommandExecutor.java:142)
at org.openqa.selenium.remote.RemoteWebDriver.execute(RemoteWebDriver.java:543)
at org.openqa.selenium.remote.ElementLocation$ElementFinder$2.findElement(ElementLocation.java:162)
at org.openqa.selenium.remote.ElementLocation.findElement(ElementLocation.java:60)
at org.openqa.selenium.remote.RemoteWebDriver.findElement(RemoteWebDriver.java:367)
at org.openqa.selenium.remote.RemoteWebDriver.findElement(RemoteWebDriver.java:359)
at org.openqa.selenium.support.pagefactory.DefaultElementLocator.findElement(DefaultElementLocator.java:70)
at org.openqa.selenium.support.pagefactory.internal.LocatingElementHandler.invoke(LocatingElementHandler.java:39)
at com.sun.proxy.$Proxy19.click(Unknown Source)
at Oxhead_excel.Header.platinum(Header.java:392)
at Oxhead_excel.TestCases.Customer_is_able_to_see_the_Platinum_in_Other(TestCases.java:554)
at java.base/jdk.internal.reflect.NativeMethodAccessorImpl.invoke0(Native Method)
at java.base/jdk.internal.reflect.NativeMethodAccessorImpl.invoke(NativeMethodAccessorImpl.java:62)
at java.base/jdk.internal.reflect.DelegatingMethodAccessorImpl.invoke(DelegatingMethodAccessorImpl.java:43)
at java.base/java.lang.reflect.Method.invoke(Method.java:566)
at org.testng.internal.invokers.MethodInvocationHelper.invokeMethod(MethodInvocationHelper.java:135)
at org.testng.internal.invokers.TestInvoker.invokeMethod(TestInvoker.java:673)
at org.testng.internal.invokers.TestInvoker.invokeTestMethod(TestInvoker.java:220)
at org.testng.internal.invokers.MethodRunner.runInSequence(MethodRunner.java:50)
at org.testng.internal.invokers.TestInvoker$MethodInvocationAgent.invoke(TestInvoker.java:945)
at org.testng.internal.invokers.TestInvoker.invokeTestMethods(TestInvoker.java:193)
at org.testng.internal.invokers.TestMethodWorker.invokeTestMethods(TestMethodWorker.java:146)
at org.testng.internal.invokers.TestMethodWorker.run(TestMethodWorker.java:128)
at java.base/java.util.ArrayList.forEach(ArrayList.java:1540)
at org.testng.TestRunner.privateRun(TestRunner.java:808)
at org.testng.TestRunner.run(TestRunner.java:603)
at org.testng.SuiteRunner.runTest(SuiteRunner.java:429)
at org.testng.SuiteRunner.runSequentially(SuiteRunner.java:423)
at org.testng.SuiteRunner.privateRun(SuiteRunner.java:383)
at org.testng.SuiteRunner.run(SuiteRunner.java:326)
at org.testng.SuiteRunnerWorker.runSuite(SuiteRunnerWorker.java:52)
at org.testng.SuiteRunnerWorker.run(SuiteRunnerWorker.java:95)
at org.testng.TestNG.runSuitesSequentially(TestNG.java:1249)
at org.testng.TestNG.runSuitesLocally(TestNG.java:1169)
at org.testng.TestNG.runSuites(TestNG.java:1092)
at org.testng.TestNG.run(TestNG.java:1060)
at org.testng.remote.AbstractRemoteTestNG.run(AbstractRemoteTestNG.java:115)
at org.testng.remote.RemoteTestNG.initAndRun(RemoteTestNG.java:251)
at org.testng.remote.RemoteTestNG.main(RemoteTestNG.java:77)
]]>
    </failure>
  </testcase> <!-- Customer_is_able_to_see_the_Platinum_in_Other -->
  <testcase classname="Oxhead_excel.TestCases" name="Customer_is_able_to_see_the_coins_supplies_page_in_Other" time="16.166"/>
  <testcase classname="Oxhead_excel.TestCases" name="Customer_is_able_to_see_the_oxhead_merch_in_Other" time="13.836"/>
  <testcase classname="Oxhead_excel.TestCases" name="Customer_Is_Not_Able_To_See_Product_In_ShoppingCart_Page" time="15.716"/>
  <testcase classname="Oxhead_excel.TestCases" name="Customer_Is_Able_To_See_Product_In_ShoppingCart_Page_From_NewArrivals_page" time="35.772"/>
  <testcase classname="Oxhead_excel.TestCases" name="Customer_Is_Able_To_See_Product_In_ShoppingCart_Page" time="42.392">
    <failure type="org.openqa.selenium.TimeoutException" message="Expected condition failed: waiting for visibility of Proxy element for: DefaultElementLocator &amp;apos;By.xpath: //td[@class=&amp;apos;product-name&amp;apos;]&amp;apos; (tried for 25 second(s) with 1 milliseconds interval)">
      <![CDATA[org.openqa.selenium.TimeoutException: Expected condition failed: waiting for visibility of Proxy element for: DefaultElementLocator 'By.xpath: //td[@class='product-name']' (tried for 25 second(s) with 1 milliseconds interval)
at org.openqa.selenium.support.ui.WebDriverWait.timeoutException(WebDriverWait.java:138)
at org.openqa.selenium.support.ui.FluentWait.until(FluentWait.java:231)
at Oxhead_excel.Baseclass.visibilityOfElement(Baseclass.java:38)
at Oxhead_excel.Header.shoppingCartpage(Header.java:465)
at Oxhead_excel.TestCases.Customer_Is_Able_To_See_Product_In_ShoppingCart_Page(TestCases.java:596)
at java.base/jdk.internal.reflect.NativeMethodAccessorImpl.invoke0(Native Method)
at java.base/jdk.internal.reflect.NativeMethodAccessorImpl.invoke(NativeMethodAccessorImpl.java:62)
at java.base/jdk.internal.reflect.DelegatingMethodAccessorImpl.invoke(DelegatingMethodAccessorImpl.java:43)
at java.base/java.lang.reflect.Method.invoke(Method.java:566)
at org.testng.internal.invokers.MethodInvocationHelper.invokeMethod(MethodInvocationHelper.java:135)
at org.testng.internal.invokers.TestInvoker.invokeMethod(TestInvoker.java:673)
at org.testng.internal.invokers.TestInvoker.invokeTestMethod(TestInvoker.java:220)
at org.testng.internal.invokers.MethodRunner.runInSequence(MethodRunner.java:50)
at org.testng.internal.invokers.TestInvoker$MethodInvocationAgent.invoke(TestInvoker.java:945)
at org.testng.internal.invokers.TestInvoker.invokeTestMethods(TestInvoker.java:193)
at org.testng.internal.invokers.TestMethodWorker.invokeTestMethods(TestMethodWorker.java:146)
at org.testng.internal.invokers.TestMethodWorker.run(TestMethodWorker.java:128)
at java.base/java.util.ArrayList.forEach(ArrayList.java:1540)
at org.testng.TestRunner.privateRun(TestRunner.java:808)
at org.testng.TestRunner.run(TestRunner.java:603)
at org.testng.SuiteRunner.runTest(SuiteRunner.java:429)
at org.testng.SuiteRunner.runSequentially(SuiteRunner.java:423)
at org.testng.SuiteRunner.privateRun(SuiteRunner.java:383)
at org.testng.SuiteRunner.run(SuiteRunner.java:326)
at org.testng.SuiteRunnerWorker.runSuite(SuiteRunnerWorker.java:52)
at org.testng.SuiteRunnerWorker.run(SuiteRunnerWorker.java:95)
at org.testng.TestNG.runSuitesSequentially(TestNG.java:1249)
at org.testng.TestNG.runSuitesLocally(TestNG.java:1169)
at org.testng.TestNG.runSuites(TestNG.java:1092)
at org.testng.TestNG.run(TestNG.java:1060)
at org.testng.remote.AbstractRemoteTestNG.run(AbstractRemoteTestNG.java:115)
at org.testng.remote.RemoteTestNG.initAndRun(RemoteTestNG.java:251)
at org.testng.remote.RemoteTestNG.main(RemoteTestNG.java:77)
Caused by: org.openqa.selenium.NoSuchElementException: no such element: Unable to locate element: {"method":"xpath","selector":"//td[@class='product-name']"}
  (Session info: chrome=99.0.4844.84)
For documentation on this error, please visit: https://selenium.dev/exceptions/#no_such_element
Build info: version: '4.1.1', revision: 'e8fcc2cecf'
System info: host: 'LMCLT017', ip: '192.168.0.190', os.name: 'Windows 10', os.arch: 'amd64', os.version: '10.0', java.version: '11.0.6'
Driver info: org.openqa.selenium.chrome.ChromeDriver
Command: [fafd81fd86689b9485577a5e8e904b4c, findElement {using=xpath, value=//td[@class='product-name']}]
Capabilities {acceptInsecureCerts: false, browserName: chrome, browserVersion: 99.0.4844.84, chrome: {chromedriverVersion: 99.0.4844.51 (d537ec02474b5..., userDataDir: C:\Users\BALARA~1\AppData\L...}, goog:chromeOptions: {debuggerAddress: localhost:60797}, javascriptEnabled: true, networkConnectionEnabled: false, pageLoadStrategy: normal, platform: WINDOWS, platformName: WINDOWS, proxy: Proxy(), se:cdp: ws://localhost:60797/devtoo..., se:cdpVersion: 99.0.4844.84, setWindowRect: true, strictFileInteractability: false, timeouts: {implicit: 0, pageLoad: 300000, script: 30000}, unhandledPromptBehavior: dismiss and notify, webauthn:extension:credBlob: true, webauthn:extension:largeBlob: true, webauthn:virtualAuthenticators: true}
Session ID: fafd81fd86689b9485577a5e8e904b4c
at jdk.internal.reflect.GeneratedConstructorAccessor79.newInstance(Unknown Source)
at java.base/jdk.internal.reflect.DelegatingConstructorAccessorImpl.newInstance(DelegatingConstructorAccessorImpl.java:45)
at java.base/java.lang.reflect.Constructor.newInstance(Constructor.java:490)
at org.openqa.selenium.remote.codec.w3c.W3CHttpResponseCodec.createException(W3CHttpResponseCodec.java:200)
at org.openqa.selenium.remote.codec.w3c.W3CHttpResponseCodec.decode(W3CHttpResponseCodec.java:133)
at org.openqa.selenium.remote.codec.w3c.W3CHttpResponseCodec.decode(W3CHttpResponseCodec.java:53)
at org.openqa.selenium.remote.HttpCommandExecutor.execute(HttpCommandExecutor.java:184)
at org.openqa.selenium.remote.service.DriverCommandExecutor.invokeExecute(DriverCommandExecutor.java:167)
at org.openqa.selenium.remote.service.DriverCommandExecutor.execute(DriverCommandExecutor.java:142)
at org.openqa.selenium.remote.RemoteWebDriver.execute(RemoteWebDriver.java:543)
at org.openqa.selenium.remote.ElementLocation$ElementFinder$2.findElement(ElementLocation.java:162)
at org.openqa.selenium.remote.ElementLocation.findElement(ElementLocation.java:60)
at org.openqa.selenium.remote.RemoteWebDriver.findElement(RemoteWebDriver.java:367)
at org.openqa.selenium.remote.RemoteWebDriver.findElement(RemoteWebDriver.java:359)
at org.openqa.selenium.support.pagefactory.DefaultElementLocator.findElement(DefaultElementLocator.java:70)
at org.openqa.selenium.support.pagefactory.internal.LocatingElementHandler.invoke(LocatingElementHandler.java:39)
at com.sun.proxy.$Proxy19.isDisplayed(Unknown Source)
at org.openqa.selenium.support.ui.ExpectedConditions.elementIfVisible(ExpectedConditions.java:307)
at org.openqa.selenium.support.ui.ExpectedConditions.access$000(ExpectedConditions.java:40)
at org.openqa.selenium.support.ui.ExpectedConditions$10.apply(ExpectedConditions.java:293)
at org.openqa.selenium.support.ui.ExpectedConditions$10.apply(ExpectedConditions.java:290)
at org.openqa.selenium.support.ui.FluentWait.until(FluentWait.java:208)
... 31 more
]]>
    </failure>
  </testcase> <!-- Customer_Is_Able_To_See_Product_In_ShoppingCart_Page -->
  <testcase classname="Oxhead_excel.TestCases" name="Customer_Is_Able_To_See_Shipping_And_Delivery_Page" time="33.718"/>
  <testcase classname="Oxhead_excel.TestCases" name="Customer_Is_able_To_Track_The_Cash_On_Delivery" time="21.057"/>
  <testcase classname="Oxhead_excel.TestCases" name="verify_customer_is_able_to_click_on_contactuspage_link_footersection_and_verify_able_to_redirect_contactuspage_Click_on_FAQlink_in_footersection_and_able_to_redirect_FAQpage_and_click_on_Contactlink_and_able_to_see_contactusPagelink" time="26.325"/>
  <testcase classname="Oxhead_excel.TestCases" name="verify_user_is_able_click_on_FAQ_button_and_able_to_see_contactUSPage_and_verify_with_invalid_name_remaining_all_are_valid" time="16.837">
    <failure type="org.openqa.selenium.ElementClickInterceptedException" message="element click intercepted: Element &amp;lt;span class=&amp;quot;vc_tta-title-text&amp;quot;&amp;gt;...&amp;lt;/span&amp;gt; is not clickable at point (931, 546). Other element would receive the click: &amp;lt;span class=&amp;quot;NormalTextRun SCXW214363955 BCX8&amp;quot; data-ccp-parastyle=&amp;quot;heading 1&amp;quot;&amp;gt;...&amp;lt;/span&amp;gt;
  (Session info: chrome=99.0.4844.84)
Build info: version: &amp;apos;4.1.1&amp;apos;, revision: &amp;apos;e8fcc2cecf&amp;apos;
System info: host: &amp;apos;LMCLT017&amp;apos;, ip: &amp;apos;192.168.0.190&amp;apos;, os.name: &amp;apos;Windows 10&amp;apos;, os.arch: &amp;apos;amd64&amp;apos;, os.version: &amp;apos;10.0&amp;apos;, java.version: &amp;apos;11.0.6&amp;apos;
Driver info: org.openqa.selenium.chrome.ChromeDriver
Command: [c387e06d6323a5c58378752db19b567f, clickElement {id=e470257d-bbe6-4062-8fcf-1bf9b894116a}]
Capabilities {acceptInsecureCerts: false, browserName: chrome, browserVersion: 99.0.4844.84, chrome: {chromedriverVersion: 99.0.4844.51 (d537ec02474b5..., userDataDir: C:\Users\BALARA~1\AppData\L...}, goog:chromeOptions: {debuggerAddress: localhost:61081}, javascriptEnabled: true, networkConnectionEnabled: false, pageLoadStrategy: normal, platform: WINDOWS, platformName: WINDOWS, proxy: Proxy(), se:cdp: ws://localhost:61081/devtoo..., se:cdpVersion: 99.0.4844.84, setWindowRect: true, strictFileInteractability: false, timeouts: {implicit: 0, pageLoad: 300000, script: 30000}, unhandledPromptBehavior: dismiss and notify, webauthn:extension:credBlob: true, webauthn:extension:largeBlob: true, webauthn:virtualAuthenticators: true}
Element: [[ChromeDriver: chrome on WINDOWS (c387e06d6323a5c58378752db19b567f)] -&amp;gt; xpath: //span[text()=&amp;apos;DO YOU OFFER FREE SHIPPING?&amp;apos;]]
Session ID: c387e06d6323a5c58378752db19b567f">
      <![CDATA[org.openqa.selenium.ElementClickInterceptedException: element click intercepted: Element <span class="vc_tta-title-text">...</span> is not clickable at point (931, 546). Other element would receive the click: <span class="NormalTextRun SCXW214363955 BCX8" data-ccp-parastyle="heading 1">...</span>
  (Session info: chrome=99.0.4844.84)
Build info: version: '4.1.1', revision: 'e8fcc2cecf'
System info: host: 'LMCLT017', ip: '192.168.0.190', os.name: 'Windows 10', os.arch: 'amd64', os.version: '10.0', java.version: '11.0.6'
Driver info: org.openqa.selenium.chrome.ChromeDriver
Command: [c387e06d6323a5c58378752db19b567f, clickElement {id=e470257d-bbe6-4062-8fcf-1bf9b894116a}]
Capabilities {acceptInsecureCerts: false, browserName: chrome, browserVersion: 99.0.4844.84, chrome: {chromedriverVersion: 99.0.4844.51 (d537ec02474b5..., userDataDir: C:\Users\BALARA~1\AppData\L...}, goog:chromeOptions: {debuggerAddress: localhost:61081}, javascriptEnabled: true, networkConnectionEnabled: false, pageLoadStrategy: normal, platform: WINDOWS, platformName: WINDOWS, proxy: Proxy(), se:cdp: ws://localhost:61081/devtoo..., se:cdpVersion: 99.0.4844.84, setWindowRect: true, strictFileInteractability: false, timeouts: {implicit: 0, pageLoad: 300000, script: 30000}, unhandledPromptBehavior: dismiss and notify, webauthn:extension:credBlob: true, webauthn:extension:largeBlob: true, webauthn:virtualAuthenticators: true}
Element: [[ChromeDriver: chrome on WINDOWS (c387e06d6323a5c58378752db19b567f)] -> xpath: //span[text()='DO YOU OFFER FREE SHIPPING?']]
Session ID: c387e06d6323a5c58378752db19b567f
at java.base/jdk.internal.reflect.NativeConstructorAccessorImpl.newInstance0(Native Method)
at java.base/jdk.internal.reflect.NativeConstructorAccessorImpl.newInstance(NativeConstructorAccessorImpl.java:62)
at java.base/jdk.internal.reflect.DelegatingConstructorAccessorImpl.newInstance(DelegatingConstructorAccessorImpl.java:45)
at java.base/java.lang.reflect.Constructor.newInstance(Constructor.java:490)
at org.openqa.selenium.remote.codec.w3c.W3CHttpResponseCodec.createException(W3CHttpResponseCodec.java:200)
at org.openqa.selenium.remote.codec.w3c.W3CHttpResponseCodec.decode(W3CHttpResponseCodec.java:133)
at org.openqa.selenium.remote.codec.w3c.W3CHttpResponseCodec.decode(W3CHttpResponseCodec.java:53)
at org.openqa.selenium.remote.HttpCommandExecutor.execute(HttpCommandExecutor.java:184)
at org.openqa.selenium.remote.service.DriverCommandExecutor.invokeExecute(DriverCommandExecutor.java:167)
at org.openqa.selenium.remote.service.DriverCommandExecutor.execute(DriverCommandExecutor.java:142)
at org.openqa.selenium.remote.RemoteWebDriver.execute(RemoteWebDriver.java:543)
at org.openqa.selenium.remote.RemoteWebElement.execute(RemoteWebElement.java:251)
at org.openqa.selenium.remote.RemoteWebElement.click(RemoteWebElement.java:77)
at jdk.internal.reflect.GeneratedMethodAccessor2.invoke(Unknown Source)
at java.base/jdk.internal.reflect.DelegatingMethodAccessorImpl.invoke(DelegatingMethodAccessorImpl.java:43)
at java.base/java.lang.reflect.Method.invoke(Method.java:566)
at org.openqa.selenium.support.pagefactory.internal.LocatingElementHandler.invoke(LocatingElementHandler.java:52)
at com.sun.proxy.$Proxy19.click(Unknown Source)
at Oxhead_excel.Header.FAQs(Header.java:702)
at Oxhead_excel.TestCases.verify_user_is_able_click_on_FAQ_button_and_able_to_see_contactUSPage_and_verify_with_invalid_name_remaining_all_are_valid(TestCases.java:628)
at java.base/jdk.internal.reflect.NativeMethodAccessorImpl.invoke0(Native Method)
at java.base/jdk.internal.reflect.NativeMethodAccessorImpl.invoke(NativeMethodAccessorImpl.java:62)
at java.base/jdk.internal.reflect.DelegatingMethodAccessorImpl.invoke(DelegatingMethodAccessorImpl.java:43)
at java.base/java.lang.reflect.Method.invoke(Method.java:566)
at org.testng.internal.invokers.MethodInvocationHelper.invokeMethod(MethodInvocationHelper.java:135)
at org.testng.internal.invokers.TestInvoker.invokeMethod(TestInvoker.java:673)
at org.testng.internal.invokers.TestInvoker.invokeTestMethod(TestInvoker.java:220)
at org.testng.internal.invokers.MethodRunner.runInSequence(MethodRunner.java:50)
at org.testng.internal.invokers.TestInvoker$MethodInvocationAgent.invoke(TestInvoker.java:945)
at org.testng.internal.invokers.TestInvoker.invokeTestMethods(TestInvoker.java:193)
at org.testng.internal.invokers.TestMethodWorker.invokeTestMethods(TestMethodWorker.java:146)
at org.testng.internal.invokers.TestMethodWorker.run(TestMethodWorker.java:128)
at java.base/java.util.ArrayList.forEach(ArrayList.java:1540)
at org.testng.TestRunner.privateRun(TestRunner.java:808)
at org.testng.TestRunner.run(TestRunner.java:603)
at org.testng.SuiteRunner.runTest(SuiteRunner.java:429)
at org.testng.SuiteRunner.runSequentially(SuiteRunner.java:423)
at org.testng.SuiteRunner.privateRun(SuiteRunner.java:383)
at org.testng.SuiteRunner.run(SuiteRunner.java:326)
at org.testng.SuiteRunnerWorker.runSuite(SuiteRunnerWorker.java:52)
at org.testng.SuiteRunnerWorker.run(SuiteRunnerWorker.java:95)
at org.testng.TestNG.runSuitesSequentially(TestNG.java:1249)
at org.testng.TestNG.runSuitesLocally(TestNG.java:1169)
at org.testng.TestNG.runSuites(TestNG.java:1092)
at org.testng.TestNG.run(TestNG.java:1060)
at org.testng.remote.AbstractRemoteTestNG.run(AbstractRemoteTestNG.java:115)
at org.testng.remote.RemoteTestNG.initAndRun(RemoteTestNG.java:251)
at org.testng.remote.RemoteTestNG.main(RemoteTestNG.java:77)
]]>
    </failure>
  </testcase> <!-- verify_user_is_able_click_on_FAQ_button_and_able_to_see_contactUSPage_and_verify_with_invalid_name_remaining_all_are_valid -->
  <testcase classname="Oxhead_excel.TestCases" name="verify_user_is_able_to_see_contactUSPage_and_verify_with_invalid_details" time="10.338"/>
  <testcase classname="Oxhead_excel.TestCases" name="verify_user_is_able_to_see_contactUSPage_and_verify_with_invalid_details" time="10.299"/>
  <testcase classname="Oxhead_excel.TestCases" name="verify_user_is_able_to_see_contactUSPage_and_verify_with_invalid_details" time="14.404"/>
  <testcase classname="Oxhead_excel.TestCases" name="verify_user_is_able_to_see_contactUSPage_and_verify_with_invalid_details" time="11.393"/>
  <testcase classname="Oxhead_excel.TestCases" name="verify_user_is_able_to_see_PrivacyPolicyPage_and_Termsandconditions_page" time="12.407"/>
  <testcase classname="Oxhead_excel.TestCases" name="Customer_is_able_to_Redirect_to_PrivacyPolicypage_and_Customer_is_able_to_redirect_to_Salestaxpage" time="20.034"/>
  <testcase classname="Oxhead_excel.TestCases" name="redirect_to_Shippingdeliverypage_redirect_to_PaymentpolicyPage_Returnpolicypage_Redirect_to_TermsandConditionspage" time="16.292"/>
  <testcase classname="Oxhead_excel.TestCases" name="Redirect_to_the_Account_login_page_and_Trackanorderpage_pricealertspage_Aboutoxheadpage_oxheadblogpage_oxheadproductspage" time="16.635"/>
  <testcase classname="Oxhead_excel.TestCases" name="Customer_is_able_to_Redirect_to_the_Blogpage_Customer_is_able_to_Redirect_to_the_invest_in_guidepage_Customer_is_able_to_Redirect_to_the_Silverpricespage_goldpricespage_LocalDirectorypage_Coinvaluespage_Salestaxpage_Custumer_is_able_to_click_on_links_when_cursor_is_placed_on_the_words_itis_able_to_click_on_linkns_cursor_is_placed_outside" time="13.225"/>
  <testcase classname="Oxhead_excel.TestCases" name="customer_Is_clicking_On_The_Shop_Now_Button_It_Has_To_Redirect_To_That_Particular_Page" time="40.378"/>
  <testcase classname="Oxhead_excel.TestCases" name="Customer_Is_Able_To_click_On_The_Shop_Now_Button_It_Has_To_Redirect_To_That_Particular_Page" time="24.681"/>
  <testcase classname="Oxhead_excel.TestCases" name="Customer_is_able_to_login_with_Valid_Username_and_ValidPassword" time="6.614"/>
  <testcase classname="Oxhead_excel.TestCases" name="Customer_is_able_to_login_with_Valid_Username_and_ValidPassword" time="6.953"/>
  <testcase classname="Oxhead_excel.TestCases" name="Customer_is_able_to_login_with_Valid_Username_and_ValidPassword" time="6.86"/>
  <testcase classname="Oxhead_excel.TestCases" name="Customer_is_able_to_login_with_Valid_Username_and_ValidPassword" time="6.334"/>
  <testcase classname="Oxhead_excel.TestCases" name="Customer_is_able_to_login_with_Valid_Username_and_ValidPassword" time="10.897"/>
  <testcase classname="Oxhead_excel.TestCases" name="please_Enter_Your_Password_Message" time="0.0">
    <ignored/>
  </testcase> <!-- please_Enter_Your_Password_Message -->
  <testcase classname="Oxhead_excel.TestCases" name="password_Does_Not_Match_Message" time="0.0">
    <ignored/>
  </testcase> <!-- password_Does_Not_Match_Message -->
  <testcase classname="Oxhead_excel.TestCases" name="password_Has_Been_Reset_Successfully_Message" time="0.0">
    <ignored/>
  </testcase> <!-- password_Has_Been_Reset_Successfully_Message -->
  <testcase classname="Oxhead_excel.TestCases" name="password_DoesNot_Match_Message" time="0.0">
    <ignored/>
  </testcase> <!-- password_DoesNot_Match_Message -->
</testsuite> <!-- Default test -->
