<?xml version="1.0" encoding="UTF-8"?>
<!-- Generated by org.testng.reporters.JUnitXMLReporter -->
<testsuite ignored="0" hostname="LMCLT017" failures="0" tests="7" name="TestOnFirefoxDriver" time="5.651" errors="0" timestamp="2022-02-21T11:06:20 IST">
  <testcase classname="Oxhead.Baseclass" name="@BeforeMethod setUp" time="5.368">
    <failure type="org.openqa.selenium.WebDriverException" message="Cannot find firefox binary in PATH. Make sure firefox is installed. OS appears to be: WIN10
Build info: version: &amp;apos;4.1.1&amp;apos;, revision: &amp;apos;e8fcc2cecf&amp;apos;
System info: host: &amp;apos;LMCLT017&amp;apos;, ip: &amp;apos;192.168.1.65&amp;apos;, os.name: &amp;apos;Windows 10&amp;apos;, os.arch: &amp;apos;amd64&amp;apos;, os.version: &amp;apos;10.0&amp;apos;, java.version: &amp;apos;11.0.6&amp;apos;
Driver info: driver.version: FirefoxDriver">
      <![CDATA[org.openqa.selenium.WebDriverException: Cannot find firefox binary in PATH. Make sure firefox is installed. OS appears to be: WIN10
Build info: version: '4.1.1', revision: 'e8fcc2cecf'
System info: host: 'LMCLT017', ip: '192.168.1.65', os.name: 'Windows 10', os.arch: 'amd64', os.version: '10.0', java.version: '11.0.6'
Driver info: driver.version: FirefoxDriver
at org.openqa.selenium.firefox.FirefoxBinary.<init>(FirefoxBinary.java:95)
at java.base/java.util.Optional.orElseGet(Optional.java:369)
at org.openqa.selenium.firefox.FirefoxOptions.getBinary(FirefoxOptions.java:189)
at org.openqa.selenium.firefox.GeckoDriverService$Builder.withOptions(GeckoDriverService.java:179)
at org.openqa.selenium.firefox.FirefoxDriver.toExecutor(FirefoxDriver.java:232)
at org.openqa.selenium.firefox.FirefoxDriver.<init>(FirefoxDriver.java:186)
at org.openqa.selenium.firefox.FirefoxDriver.<init>(FirefoxDriver.java:164)
at Oxhead.Baseclass.setUp(Baseclass.java:36)
at java.base/java.util.ArrayList.forEach(ArrayList.java:1540)
at java.base/java.util.concurrent.FutureTask.run(FutureTask.java:264)
at java.base/java.util.concurrent.ThreadPoolExecutor.runWorker(ThreadPoolExecutor.java:1128)
at java.base/java.util.concurrent.ThreadPoolExecutor$Worker.run(ThreadPoolExecutor.java:628)
at java.base/java.lang.Thread.run(Thread.java:834)
... Removed 22 stack frames]]>
    </failure>
  </testcase> <!-- @BeforeMethod setUp -->
  <testcase classname="Oxhead.Baseclass" name="@AfterMethod close" time="0.0">
    <skipped/>
  </testcase> <!-- @AfterMethod close -->
  <testcase classname="Oxhead.Baseclass" name="@BeforeMethod setUp" time="0.0">
    <skipped/>
  </testcase> <!-- @BeforeMethod setUp -->
  <testcase classname="Oxhead.Baseclass" name="@AfterMethod close" time="0.0">
    <skipped/>
  </testcase> <!-- @AfterMethod close -->
  <testcase classname="Oxhead.Baseclass" name="@BeforeMethod setUp" time="0.0">
    <skipped/>
  </testcase> <!-- @BeforeMethod setUp -->
  <testcase classname="Oxhead.Baseclass" name="@AfterMethod close" time="0.0">
    <skipped/>
  </testcase> <!-- @AfterMethod close -->
  <testcase classname="Oxhead.Baseclass" name="@BeforeMethod setUp" time="0.0">
    <skipped/>
  </testcase> <!-- @BeforeMethod setUp -->
  <testcase classname="Oxhead.Baseclass" name="@AfterMethod close" time="0.0">
    <skipped/>
  </testcase> <!-- @AfterMethod close -->
  <testcase classname="Oxhead.Baseclass" name="@BeforeMethod setUp" time="0.0">
    <skipped/>
  </testcase> <!-- @BeforeMethod setUp -->
  <testcase classname="Oxhead.Baseclass" name="@AfterMethod close" time="0.0">
    <skipped/>
  </testcase> <!-- @AfterMethod close -->
  <testcase classname="Oxhead.Baseclass" name="@BeforeMethod setUp" time="0.0">
    <skipped/>
  </testcase> <!-- @BeforeMethod setUp -->
  <testcase classname="Oxhead.Baseclass" name="@AfterMethod close" time="0.0">
    <skipped/>
  </testcase> <!-- @AfterMethod close -->
  <testcase classname="Oxhead.Baseclass" name="@BeforeMethod setUp" time="0.0">
    <skipped/>
  </testcase> <!-- @BeforeMethod setUp -->
  <testcase classname="Oxhead.Baseclass" name="@AfterMethod close" time="0.0">
    <skipped/>
  </testcase> <!-- @AfterMethod close -->
  <testcase classname="Oxhead.TestCases" name="clickOnRemeberMeCheckBox" time="0.0">
    <skipped/>
  </testcase> <!-- clickOnRemeberMeCheckBox -->
  <testcase classname="Oxhead.TestCases" name="clickOnLostYourPasswordLink" time="0.0">
    <skipped/>
  </testcase> <!-- clickOnLostYourPasswordLink -->
  <testcase classname="Oxhead.TestCases" name="passwordResetEmailHasBeenSent" time="0.0">
    <skipped/>
  </testcase> <!-- passwordResetEmailHasBeenSent -->
  <testcase classname="Oxhead.TestCases" name="clicknOnCreateAnAccountLink" time="0.0">
    <skipped/>
  </testcase> <!-- clicknOnCreateAnAccountLink -->
  <testcase classname="Oxhead.TestCases" name="clickOnCrossMarkButton" time="0.0">
    <skipped/>
  </testcase> <!-- clickOnCrossMarkButton -->
  <testcase classname="Oxhead.TestCases" name="clickOnCloseButton" time="0.0">
    <skipped/>
  </testcase> <!-- clickOnCloseButton -->
  <testcase classname="Oxhead.TestCases" name="verifyCustomerAbletToDoSignUpWithValidEmailAddress" time="0.0">
    <skipped/>
  </testcase> <!-- verifyCustomerAbletToDoSignUpWithValidEmailAddress -->
</testsuite> <!-- TestOnFirefoxDriver -->
