<?xml version="1.0" encoding="UTF-8"?>
<!-- Generated by org.testng.reporters.JUnitXMLReporter -->
<testsuite ignored="0" hostname="LMCLT017" failures="3" tests="6" name="Test" time="38.527" errors="0" timestamp="2022-02-18T17:44:44 IST">
  <testcase classname="Oxhead.Baseclass" name="@BeforeMethod setUp" time="3.214">
    <failure type="org.openqa.selenium.WebDriverException" message="unknown error: cannot determine loading status
from disconnected: received Inspector.detached event
  (Session info: chrome=98.0.4758.102)
Build info: version: &amp;apos;4.1.1&amp;apos;, revision: &amp;apos;e8fcc2cecf&amp;apos;
System info: host: &amp;apos;LMCLT017&amp;apos;, ip: &amp;apos;192.168.1.65&amp;apos;, os.name: &amp;apos;Windows 10&amp;apos;, os.arch: &amp;apos;amd64&amp;apos;, os.version: &amp;apos;10.0&amp;apos;, java.version: &amp;apos;11.0.6&amp;apos;
Driver info: org.openqa.selenium.chrome.ChromeDriver
Command: [d7dd59eea38ca8331d3c4acd47f3a621, get {url=https://oxheaduatstg.wpengine.com/}]
Capabilities {acceptInsecureCerts: false, browserName: chrome, browserVersion: 98.0.4758.102, chrome: {chromedriverVersion: 98.0.4758.102 (273bf7ac8c90..., userDataDir: C:\Users\BALARA~1\AppData\L...}, goog:chromeOptions: {debuggerAddress: localhost:55702}, javascriptEnabled: true, networkConnectionEnabled: false, pageLoadStrategy: normal, platform: WINDOWS, platformName: WINDOWS, proxy: Proxy(), se:cdp: ws://localhost:55702/devtoo..., se:cdpVersion: 98.0.4758.102, setWindowRect: true, strictFileInteractability: false, timeouts: {implicit: 0, pageLoad: 300000, script: 30000}, unhandledPromptBehavior: dismiss and notify, webauthn:extension:credBlob: true, webauthn:extension:largeBlob: true, webauthn:virtualAuthenticators: true}
Session ID: d7dd59eea38ca8331d3c4acd47f3a621">
      <![CDATA[org.openqa.selenium.WebDriverException: unknown error: cannot determine loading status
from disconnected: received Inspector.detached event
  (Session info: chrome=98.0.4758.102)
Build info: version: '4.1.1', revision: 'e8fcc2cecf'
System info: host: 'LMCLT017', ip: '192.168.1.65', os.name: 'Windows 10', os.arch: 'amd64', os.version: '10.0', java.version: '11.0.6'
Driver info: org.openqa.selenium.chrome.ChromeDriver
Command: [d7dd59eea38ca8331d3c4acd47f3a621, get {url=https://oxheaduatstg.wpengine.com/}]
Capabilities {acceptInsecureCerts: false, browserName: chrome, browserVersion: 98.0.4758.102, chrome: {chromedriverVersion: 98.0.4758.102 (273bf7ac8c90..., userDataDir: C:\Users\BALARA~1\AppData\L...}, goog:chromeOptions: {debuggerAddress: localhost:55702}, javascriptEnabled: true, networkConnectionEnabled: false, pageLoadStrategy: normal, platform: WINDOWS, platformName: WINDOWS, proxy: Proxy(), se:cdp: ws://localhost:55702/devtoo..., se:cdpVersion: 98.0.4758.102, setWindowRect: true, strictFileInteractability: false, timeouts: {implicit: 0, pageLoad: 300000, script: 30000}, unhandledPromptBehavior: dismiss and notify, webauthn:extension:credBlob: true, webauthn:extension:largeBlob: true, webauthn:virtualAuthenticators: true}
Session ID: d7dd59eea38ca8331d3c4acd47f3a621
at org.openqa.selenium.remote.codec.w3c.W3CHttpResponseCodec.createException(W3CHttpResponseCodec.java:200)
at org.openqa.selenium.remote.codec.w3c.W3CHttpResponseCodec.decode(W3CHttpResponseCodec.java:133)
at org.openqa.selenium.remote.codec.w3c.W3CHttpResponseCodec.decode(W3CHttpResponseCodec.java:53)
at org.openqa.selenium.remote.HttpCommandExecutor.execute(HttpCommandExecutor.java:184)
at org.openqa.selenium.remote.service.DriverCommandExecutor.invokeExecute(DriverCommandExecutor.java:167)
at org.openqa.selenium.remote.service.DriverCommandExecutor.execute(DriverCommandExecutor.java:142)
at org.openqa.selenium.remote.RemoteWebDriver.execute(RemoteWebDriver.java:543)
at org.openqa.selenium.remote.RemoteWebDriver.get(RemoteWebDriver.java:312)
at Oxhead.Baseclass.setUp(Baseclass.java:45)
at java.base/java.util.ArrayList.forEach(ArrayList.java:1540)
... Removed 35 stack frames]]>
    </failure>
  </testcase> <!-- @BeforeMethod setUp -->
  <testcase classname="Oxhead.Baseclass" name="@AfterMethod close" time="0.0">
    <skipped/>
  </testcase> <!-- @AfterMethod close -->
  <testcase classname="Oxhead.Baseclass" name="@BeforeMethod setUp" time="0.0">
    <skipped/>
  </testcase> <!-- @BeforeMethod setUp -->
  <testcase classname="Oxhead.Baseclass" name="@AfterMethod close" time="0.0">
    <skipped/>
  </testcase> <!-- @AfterMethod close -->
  <testcase classname="Oxhead.Baseclass" name="@BeforeMethod setUp" time="0.0">
    <skipped/>
  </testcase> <!-- @BeforeMethod setUp -->
  <testcase classname="Oxhead.Baseclass" name="@AfterMethod close" time="0.0">
    <skipped/>
  </testcase> <!-- @AfterMethod close -->
  <testcase classname="Oxhead.TestCases" name="clickOnCrossMarkButton" time="0.015">
    <failure type="java.lang.Error" message="Unresolved compilation problem: 
	The method loginRegister() is undefined for the type TestCases
">
      <![CDATA[java.lang.Error: Unresolved compilation problem: 
The method loginRegister() is undefined for the type TestCases

at Oxhead.TestCases.clickOnCrossMarkButton(TestCases.java:140)
at java.base/java.util.ArrayList.forEach(ArrayList.java:1540)
... Removed 27 stack frames]]>
    </failure>
  </testcase> <!-- clickOnCrossMarkButton -->
  <testcase classname="Oxhead.TestCases" name="clickOnRemeberMeCheckBox" time="0.05">
    <failure type="java.lang.NullPointerException">
      <![CDATA[java.lang.NullPointerException
at Oxhead.JavaScropClass.highlite(JavaScropClass.java:17)
at Oxhead.TestCases.clickOnRemeberMeCheckBox(TestCases.java:28)
at java.base/java.util.ArrayList.forEach(ArrayList.java:1540)
... Removed 27 stack frames]]>
    </failure>
  </testcase> <!-- clickOnRemeberMeCheckBox -->
  <testcase classname="Oxhead.TestCases" name="clickOnLostYourPasswordLink" time="0.002">
    <failure type="java.lang.Error" message="Unresolved compilation problem: 
	The method loginRegister() is undefined for the type TestCases
">
      <![CDATA[java.lang.Error: Unresolved compilation problem: 
The method loginRegister() is undefined for the type TestCases

at Oxhead.TestCases.clickOnLostYourPasswordLink(TestCases.java:44)
at java.base/java.util.ArrayList.forEach(ArrayList.java:1540)
... Removed 27 stack frames]]>
    </failure>
  </testcase> <!-- clickOnLostYourPasswordLink -->
  <testcase classname="Oxhead.TestCases" name="clicknOnCreateAnAccountLink" time="0.0">
    <skipped/>
  </testcase> <!-- clicknOnCreateAnAccountLink -->
  <testcase classname="Oxhead.TestCases" name="clickOnCloseButton" time="0.0">
    <skipped/>
  </testcase> <!-- clickOnCloseButton -->
  <testcase classname="Oxhead.TestCases" name="verifyCustomerAbletToDoSignUpWithValidEmailAddress" time="0.0">
    <skipped/>
  </testcase> <!-- verifyCustomerAbletToDoSignUpWithValidEmailAddress -->
</testsuite> <!-- Test -->
