<?xml version="1.0" encoding="UTF-8"?>
<!-- Generated by org.testng.reporters.JUnitReportReporter -->
<testsuite hostname="LMCLT017" failures="1" tests="115" name="Oxhead_excel.TestCases" time="3947.290" errors="7" timestamp="2022-04-06T13:05:07 IST" skipped="4">
  <testcase classname="Oxhead_excel.TestCases" name="Customer_is_able_to_Register_with_valid_Email" time="26.492"/>
  <system-out/>
  <testcase classname="Oxhead_excel.TestCases" name="Customer_is_able_to_Register_with_valid_Email" time="24.353"/>
  <system-out/>
  <testcase classname="Oxhead_excel.TestCases" name="Customer_is_able_to_Register_with_valid_Email" time="26.611"/>
  <system-out/>
  <testcase classname="Oxhead_excel.TestCases" name="Customer_is_able_to_Register_with_valid_Email" time="22.856"/>
  <system-out/>
  <testcase classname="Oxhead_excel.TestCases" name="Customer_is_able_to_login_with_google" time="21.426"/>
  <system-out/>
  <testcase classname="Oxhead_excel.TestCases" name="Customer_is_able_to_login_with_Facebook" time="21.611"/>
  <system-out/>
  <testcase classname="Oxhead_excel.TestCases" name="click_On_Remeber_Me_CheckBox" time="29.725"/>
  <system-out/>
  <testcase classname="Oxhead_excel.TestCases" name="click_On_Lost_Your_Password_Link" time="23.570"/>
  <system-out/>
  <testcase classname="Oxhead_excel.TestCases" name="click_On_Create_An_Account_Link" time="18.258"/>
  <system-out/>
  <testcase classname="Oxhead_excel.TestCases" name="click_On_Cross_Mark_Button" time="17.371"/>
  <system-out/>
  <testcase classname="Oxhead_excel.TestCases" name="click_On_Close_Button" time="15.344"/>
  <system-out/>
  <testcase classname="Oxhead_excel.TestCases" name="Customer_Ablet_To_Do_SignUp_With_Valid_Email_Address" time="27.182"/>
  <system-out/>
  <testcase classname="Oxhead_excel.TestCases" name="Customer_should_be_able_to_see_the_About_US_page" time="17.246"/>
  <system-out/>
  <testcase classname="Oxhead_excel.TestCases" name="Customer_should_be_able_to_click_on_all_the_sociallinks" time="32.909"/>
  <system-out/>
  <testcase classname="Oxhead_excel.TestCases" name="Customer_is_able_to_fill_valid_details_and_able_to_see_Thanku_for_ur_message" time="27.777"/>
  <system-out/>
  <testcase classname="Oxhead_excel.TestCases" name="Customer_is_able_to_fill_invalid_details_for_ContactUSPage_and_not_able_to_see_Thanku_for_ur_message" time="21.747"/>
  <system-out/>
  <testcase classname="Oxhead_excel.TestCases" name="Customer_is_able_to_fill_invalid_details_for_ContactUSPage_and_not_able_to_see_Thanku_for_ur_message" time="24.869"/>
  <system-out/>
  <testcase classname="Oxhead_excel.TestCases" name="Customer_is_able_to_fill_invalid_details_for_ContactUSPage_and_not_able_to_see_Thanku_for_ur_message" time="29.088"/>
  <system-out/>
  <testcase classname="Oxhead_excel.TestCases" name="Customer_is_able_to_fill_invalid_details_for_ContactUSPage_and_not_able_to_see_Thanku_for_ur_message" time="21.199"/>
  <system-out/>
  <testcase classname="Oxhead_excel.TestCases" name="Customer_is_able_to_fill_invalid_details_for_ContactUSPage_and_not_able_to_see_Thanku_for_ur_message" time="23.734"/>
  <system-out/>
  <testcase classname="Oxhead_excel.TestCases" name="Customer_is_able_to_fill_invalid_details_for_ContactUSPage_and_not_able_to_see_Thanku_for_ur_message" time="21.785"/>
  <system-out/>
  <testcase classname="Oxhead_excel.TestCases" name="Customer_is_able_to_fill_invalid_details_for_ContactUSPage_and_not_able_to_see_Thanku_for_ur_message" time="20.946"/>
  <system-out/>
  <testcase classname="Oxhead_excel.TestCases" name="Customer_is_able_to_fill_invalid_details_for_ContactUSPage_and_not_able_to_see_Thanku_for_ur_message" time="28.000"/>
  <system-out/>
  <testcase classname="Oxhead_excel.TestCases" name="Customer_is_able_to_fill_invalid_details_for_ContactUSPage_and_not_able_to_see_Thanku_for_ur_message" time="21.603"/>
  <system-out/>
  <testcase classname="Oxhead_excel.TestCases" name="valid_details_and_user_is_able_to_click_on_getaquote_link" time="23.653"/>
  <system-out/>
  <testcase classname="Oxhead_excel.TestCases" name="Customer_is_able_to_enter_products_in_the_Search_for_Products_text_box" time="43.721"/>
  <system-out/>
  <testcase classname="Oxhead_excel.TestCases" name="Customer_is_able_to_see_No_products_were_found_matching_your_selection_message" time="27.629"/>
  <system-out/>
  <testcase classname="Oxhead_excel.TestCases" name="select_Allproducts_option_in_the_select_category" time="34.161"/>
  <system-out/>
  <testcase classname="Oxhead_excel.TestCases" name="select_Gold_option_in_the_select_category" time="38.487"/>
  <system-out/>
  <testcase classname="Oxhead_excel.TestCases" name="select_Membership_option_in_the_select_category" time="42.746"/>
  <system-out/>
  <testcase classname="Oxhead_excel.TestCases" name="select_Palladium_option_in_the_select_category" time="32.233"/>
  <system-out/>
  <testcase classname="Oxhead_excel.TestCases" name="select_Platinum_option_in_the_select_category" time="39.100"/>
  <system-out/>
  <testcase classname="Oxhead_excel.TestCases" name="select_Silver_option_in_the_select_category" time="29.245"/>
  <system-out/>
  <testcase classname="Oxhead_excel.TestCases" name="select_Blank_option_in_the_select_category" time="31.061"/>
  <system-out/>
  <testcase classname="Oxhead_excel.TestCases" name="see_The_Bar_In_The_Palladium_Bullion" time="36.819"/>
  <system-out/>
  <testcase classname="Oxhead_excel.TestCases" name="Customer_is_able_to_select_the_product_and_Add_product_to_Cart" time="42.520"/>
  <system-out/>
  <testcase classname="Oxhead_excel.TestCases" name="Customer_is_able_to_click_on_the_viewcart_button" time="70.898"/>
  <system-out/>
  <testcase classname="Oxhead_excel.TestCases" name="Customer_is_able_to_click_on_update_cart_button" time="53.045"/>
  <system-out/>
  <testcase classname="Oxhead_excel.TestCases" name="Customer_is_able_to_click_on_the_Proceed_to_Checkout_button" time="73.208"/>
  <system-out/>
  <testcase classname="Oxhead_excel.TestCases" name="Customer_is_able_to_see_Wishlist_page" time="69.875">
    <error message="Expected condition failed: waiting for visibility of [[ChromeDriver: chrome on WINDOWS (ef45928273bd9500c8093205aa0e3e37)] -&gt; xpath: //div[3]//div[2]//div//ul//li[7]//a] (tried for 25 second(s) with 1 milliseconds interval)
Build info: version: &#039;4.1.1&#039;, revision: &#039;e8fcc2cecf&#039;
System info: host: &#039;LMCLT017&#039;, ip: &#039;192.168.0.190&#039;, os.name: &#039;Windows 10&#039;, os.arch: &#039;amd64&#039;, os.version: &#039;10.0&#039;, java.version: &#039;11.0.6&#039;
Driver info: org.openqa.selenium.chrome.ChromeDriver
Capabilities {acceptInsecureCerts: false, browserName: chrome, browserVersion: 99.0.4844.84, chrome: {chromedriverVersion: 99.0.4844.51 (d537ec02474b5..., userDataDir: C:\Users\BALARA~1\AppData\L...}, goog:chromeOptions: {debuggerAddress: localhost:57332}, javascriptEnabled: true, networkConnectionEnabled: false, pageLoadStrategy: normal, platform: WINDOWS, platformName: WINDOWS, proxy: Proxy(), se:cdp: ws://localhost:57332/devtoo..., se:cdpVersion: 99.0.4844.84, setWindowRect: true, strictFileInteractability: false, timeouts: {implicit: 0, pageLoad: 300000, script: 30000}, unhandledPromptBehavior: dismiss and notify, webauthn:extension:credBlob: true, webauthn:extension:largeBlob: true, webauthn:virtualAuthenticators: true}
Session ID: ef45928273bd9500c8093205aa0e3e37" type="org.openqa.selenium.TimeoutException">
      <![CDATA[org.openqa.selenium.TimeoutException: Expected condition failed: waiting for visibility of [[ChromeDriver: chrome on WINDOWS (ef45928273bd9500c8093205aa0e3e37)] -> xpath: //div[3]//div[2]//div//ul//li[7]//a] (tried for 25 second(s) with 1 milliseconds interval)
Build info: version: '4.1.1', revision: 'e8fcc2cecf'
System info: host: 'LMCLT017', ip: '192.168.0.190', os.name: 'Windows 10', os.arch: 'amd64', os.version: '10.0', java.version: '11.0.6'
Driver info: org.openqa.selenium.chrome.ChromeDriver
Capabilities {acceptInsecureCerts: false, browserName: chrome, browserVersion: 99.0.4844.84, chrome: {chromedriverVersion: 99.0.4844.51 (d537ec02474b5..., userDataDir: C:\Users\BALARA~1\AppData\L...}, goog:chromeOptions: {debuggerAddress: localhost:57332}, javascriptEnabled: true, networkConnectionEnabled: false, pageLoadStrategy: normal, platform: WINDOWS, platformName: WINDOWS, proxy: Proxy(), se:cdp: ws://localhost:57332/devtoo..., se:cdpVersion: 99.0.4844.84, setWindowRect: true, strictFileInteractability: false, timeouts: {implicit: 0, pageLoad: 300000, script: 30000}, unhandledPromptBehavior: dismiss and notify, webauthn:extension:credBlob: true, webauthn:extension:largeBlob: true, webauthn:virtualAuthenticators: true}
Session ID: ef45928273bd9500c8093205aa0e3e37
at org.openqa.selenium.support.ui.WebDriverWait.timeoutException(WebDriverWait.java:138)
at org.openqa.selenium.support.ui.FluentWait.until(FluentWait.java:231)
at Oxhead_excel.Baseclass.visibilityOfElement(Baseclass.java:38)
at Oxhead_excel.Header.wishlist1(Header.java:211)
at Oxhead_excel.TestCases.Customer_is_able_to_see_Wishlist_page(TestCases.java:280)
at java.base/jdk.internal.reflect.NativeMethodAccessorImpl.invoke0(Native Method)
at java.base/jdk.internal.reflect.NativeMethodAccessorImpl.invoke(NativeMethodAccessorImpl.java:62)
at java.base/jdk.internal.reflect.DelegatingMethodAccessorImpl.invoke(DelegatingMethodAccessorImpl.java:43)
at java.base/java.lang.reflect.Method.invoke(Method.java:566)
at org.testng.internal.invokers.MethodInvocationHelper.invokeMethod(MethodInvocationHelper.java:135)
at org.testng.internal.invokers.TestInvoker.invokeMethod(TestInvoker.java:673)
at org.testng.internal.invokers.TestInvoker.invokeTestMethod(TestInvoker.java:220)
at org.testng.internal.invokers.MethodRunner.runInSequence(MethodRunner.java:50)
at org.testng.internal.invokers.TestInvoker$MethodInvocationAgent.invoke(TestInvoker.java:945)
at org.testng.internal.invokers.TestInvoker.invokeTestMethods(TestInvoker.java:193)
at org.testng.internal.invokers.TestMethodWorker.invokeTestMethods(TestMethodWorker.java:146)
at org.testng.internal.invokers.TestMethodWorker.run(TestMethodWorker.java:128)
at java.base/java.util.ArrayList.forEach(ArrayList.java:1540)
at org.testng.TestRunner.privateRun(TestRunner.java:808)
at org.testng.TestRunner.run(TestRunner.java:603)
at org.testng.SuiteRunner.runTest(SuiteRunner.java:429)
at org.testng.SuiteRunner.runSequentially(SuiteRunner.java:423)
at org.testng.SuiteRunner.privateRun(SuiteRunner.java:383)
at org.testng.SuiteRunner.run(SuiteRunner.java:326)
at org.testng.SuiteRunnerWorker.runSuite(SuiteRunnerWorker.java:52)
at org.testng.SuiteRunnerWorker.run(SuiteRunnerWorker.java:95)
at org.testng.TestNG.runSuitesSequentially(TestNG.java:1249)
at org.testng.TestNG.runSuitesLocally(TestNG.java:1169)
at org.testng.TestNG.runSuites(TestNG.java:1092)
at org.testng.TestNG.run(TestNG.java:1060)
at org.testng.remote.AbstractRemoteTestNG.run(AbstractRemoteTestNG.java:115)
at org.testng.remote.RemoteTestNG.initAndRun(RemoteTestNG.java:251)
at org.testng.remote.RemoteTestNG.main(RemoteTestNG.java:77)
]]>
    </error>
  </testcase> <!-- Customer_is_able_to_see_Wishlist_page -->
  <system-out/>
  <testcase classname="Oxhead_excel.TestCases" name="Customer_is_able_to_see_Wishlist_page2" time="49.128"/>
  <system-out/>
  <testcase classname="Oxhead_excel.TestCases" name="Customer_should_be_able_to_see_any_category_shoul_not_be_there_in_the_wishlist_page" time="35.232"/>
  <system-out/>
  <testcase classname="Oxhead_excel.TestCases" name="Customer_is_able_to_see_the_checkoutdetails_page" time="54.023"/>
  <system-out/>
  <testcase classname="Oxhead_excel.TestCases" name="Customer_is_able_to_see_Address_validated_option_with_valid_data" time="63.582"/>
  <system-out/>
  <testcase classname="Oxhead_excel.TestCases" name="Customer_is_able_to_see_Address_validated_option_with_valid_data" time="59.751"/>
  <system-out/>
  <testcase classname="Oxhead_excel.TestCases" name="Customer_is_able_to_see_Address_validated_option_with_valid_data" time="66.627"/>
  <system-out/>
  <testcase classname="Oxhead_excel.TestCases" name="Customer_is_able_to_see_Address_validated_option_with_valid_data" time="66.079"/>
  <system-out/>
  <testcase classname="Oxhead_excel.TestCases" name="user_is_able_to_fill_valid_details_in_Billingaddress_and_able_to_delete_the_billingaddress" time="57.315"/>
  <system-out/>
  <testcase classname="Oxhead_excel.TestCases" name="user_is_able_to_edit_the_billingaddress" time="40.772"/>
  <system-out/>
  <testcase classname="Oxhead_excel.TestCases" name="user_is_able_to_fill_valid_details_in_shippingaddress_and_able_to_delete_shippingaddress_details" time="63.833">
    <error message="element click intercepted: Element &lt;button class=&quot;form_option_ship_...&quot; data-id=&quot;145&quot; data-eid-ship=&quot;231&quot;&gt;edit&lt;/button&gt; is not clickable at point (1071, 10). Other element would receive the click: &lt;div class=&quot;wd-header-nav wd-header-main-nav text-left&quot; role=&quot;navigation&quot;&gt;...&lt;/div&gt;
  (Session info: chrome=99.0.4844.84)
Build info: version: &#039;4.1.1&#039;, revision: &#039;e8fcc2cecf&#039;
System info: host: &#039;LMCLT017&#039;, ip: &#039;192.168.0.190&#039;, os.name: &#039;Windows 10&#039;, os.arch: &#039;amd64&#039;, os.version: &#039;10.0&#039;, java.version: &#039;11.0.6&#039;
Driver info: org.openqa.selenium.chrome.ChromeDriver
Command: [076f2db918b288b00d3c2e7e21b4695b, clickElement {id=2121bf88-b951-4c81-bfbf-c18baa0d19b3}]
Capabilities {acceptInsecureCerts: false, browserName: chrome, browserVersion: 99.0.4844.84, chrome: {chromedriverVersion: 99.0.4844.51 (d537ec02474b5..., userDataDir: C:\Users\BALARA~1\AppData\L...}, goog:chromeOptions: {debuggerAddress: localhost:58110}, javascriptEnabled: true, networkConnectionEnabled: false, pageLoadStrategy: normal, platform: WINDOWS, platformName: WINDOWS, proxy: Proxy(), se:cdp: ws://localhost:58110/devtoo..., se:cdpVersion: 99.0.4844.84, setWindowRect: true, strictFileInteractability: false, timeouts: {implicit: 0, pageLoad: 300000, script: 30000}, unhandledPromptBehavior: dismiss and notify, webauthn:extension:credBlob: true, webauthn:extension:largeBlob: true, webauthn:virtualAuthenticators: true}
Element: [[ChromeDriver: chrome on WINDOWS (076f2db918b288b00d3c2e7e21b4695b)] -&gt; xpath: //button[@class=&quot;form_option_ship_edit&quot;][1]]
Session ID: 076f2db918b288b00d3c2e7e21b4695b" type="org.openqa.selenium.ElementClickInterceptedException">
      <![CDATA[org.openqa.selenium.ElementClickInterceptedException: element click intercepted: Element <button class="form_option_ship_..." data-id="145" data-eid-ship="231">edit</button> is not clickable at point (1071, 10). Other element would receive the click: <div class="wd-header-nav wd-header-main-nav text-left" role="navigation">...</div>
  (Session info: chrome=99.0.4844.84)
Build info: version: '4.1.1', revision: 'e8fcc2cecf'
System info: host: 'LMCLT017', ip: '192.168.0.190', os.name: 'Windows 10', os.arch: 'amd64', os.version: '10.0', java.version: '11.0.6'
Driver info: org.openqa.selenium.chrome.ChromeDriver
Command: [076f2db918b288b00d3c2e7e21b4695b, clickElement {id=2121bf88-b951-4c81-bfbf-c18baa0d19b3}]
Capabilities {acceptInsecureCerts: false, browserName: chrome, browserVersion: 99.0.4844.84, chrome: {chromedriverVersion: 99.0.4844.51 (d537ec02474b5..., userDataDir: C:\Users\BALARA~1\AppData\L...}, goog:chromeOptions: {debuggerAddress: localhost:58110}, javascriptEnabled: true, networkConnectionEnabled: false, pageLoadStrategy: normal, platform: WINDOWS, platformName: WINDOWS, proxy: Proxy(), se:cdp: ws://localhost:58110/devtoo..., se:cdpVersion: 99.0.4844.84, setWindowRect: true, strictFileInteractability: false, timeouts: {implicit: 0, pageLoad: 300000, script: 30000}, unhandledPromptBehavior: dismiss and notify, webauthn:extension:credBlob: true, webauthn:extension:largeBlob: true, webauthn:virtualAuthenticators: true}
Element: [[ChromeDriver: chrome on WINDOWS (076f2db918b288b00d3c2e7e21b4695b)] -> xpath: //button[@class="form_option_ship_edit"][1]]
Session ID: 076f2db918b288b00d3c2e7e21b4695b
at java.base/jdk.internal.reflect.NativeConstructorAccessorImpl.newInstance0(Native Method)
at java.base/jdk.internal.reflect.NativeConstructorAccessorImpl.newInstance(NativeConstructorAccessorImpl.java:62)
at java.base/jdk.internal.reflect.DelegatingConstructorAccessorImpl.newInstance(DelegatingConstructorAccessorImpl.java:45)
at java.base/java.lang.reflect.Constructor.newInstance(Constructor.java:490)
at org.openqa.selenium.remote.codec.w3c.W3CHttpResponseCodec.createException(W3CHttpResponseCodec.java:200)
at org.openqa.selenium.remote.codec.w3c.W3CHttpResponseCodec.decode(W3CHttpResponseCodec.java:133)
at org.openqa.selenium.remote.codec.w3c.W3CHttpResponseCodec.decode(W3CHttpResponseCodec.java:53)
at org.openqa.selenium.remote.HttpCommandExecutor.execute(HttpCommandExecutor.java:184)
at org.openqa.selenium.remote.service.DriverCommandExecutor.invokeExecute(DriverCommandExecutor.java:167)
at org.openqa.selenium.remote.service.DriverCommandExecutor.execute(DriverCommandExecutor.java:142)
at org.openqa.selenium.remote.RemoteWebDriver.execute(RemoteWebDriver.java:543)
at org.openqa.selenium.remote.RemoteWebElement.execute(RemoteWebElement.java:251)
at org.openqa.selenium.remote.RemoteWebElement.click(RemoteWebElement.java:77)
at jdk.internal.reflect.GeneratedMethodAccessor2.invoke(Unknown Source)
at java.base/jdk.internal.reflect.DelegatingMethodAccessorImpl.invoke(DelegatingMethodAccessorImpl.java:43)
at java.base/java.lang.reflect.Method.invoke(Method.java:566)
at org.openqa.selenium.support.pagefactory.internal.LocatingElementHandler.invoke(LocatingElementHandler.java:52)
at com.sun.proxy.$Proxy19.click(Unknown Source)
at Oxhead_excel.Runner.adressBook_Shippingadress(Runner.java:496)
at Oxhead_excel.TestCases.user_is_able_to_fill_valid_details_in_shippingaddress_and_able_to_delete_shippingaddress_details(TestCases.java:344)
at java.base/jdk.internal.reflect.NativeMethodAccessorImpl.invoke0(Native Method)
at java.base/jdk.internal.reflect.NativeMethodAccessorImpl.invoke(NativeMethodAccessorImpl.java:62)
at java.base/jdk.internal.reflect.DelegatingMethodAccessorImpl.invoke(DelegatingMethodAccessorImpl.java:43)
at java.base/java.lang.reflect.Method.invoke(Method.java:566)
at org.testng.internal.invokers.MethodInvocationHelper.invokeMethod(MethodInvocationHelper.java:135)
at org.testng.internal.invokers.TestInvoker.invokeMethod(TestInvoker.java:673)
at org.testng.internal.invokers.TestInvoker.invokeTestMethod(TestInvoker.java:220)
at org.testng.internal.invokers.MethodRunner.runInSequence(MethodRunner.java:50)
at org.testng.internal.invokers.TestInvoker$MethodInvocationAgent.invoke(TestInvoker.java:945)
at org.testng.internal.invokers.TestInvoker.invokeTestMethods(TestInvoker.java:193)
at org.testng.internal.invokers.TestMethodWorker.invokeTestMethods(TestMethodWorker.java:146)
at org.testng.internal.invokers.TestMethodWorker.run(TestMethodWorker.java:128)
at java.base/java.util.ArrayList.forEach(ArrayList.java:1540)
at org.testng.TestRunner.privateRun(TestRunner.java:808)
at org.testng.TestRunner.run(TestRunner.java:603)
at org.testng.SuiteRunner.runTest(SuiteRunner.java:429)
at org.testng.SuiteRunner.runSequentially(SuiteRunner.java:423)
at org.testng.SuiteRunner.privateRun(SuiteRunner.java:383)
at org.testng.SuiteRunner.run(SuiteRunner.java:326)
at org.testng.SuiteRunnerWorker.runSuite(SuiteRunnerWorker.java:52)
at org.testng.SuiteRunnerWorker.run(SuiteRunnerWorker.java:95)
at org.testng.TestNG.runSuitesSequentially(TestNG.java:1249)
at org.testng.TestNG.runSuitesLocally(TestNG.java:1169)
at org.testng.TestNG.runSuites(TestNG.java:1092)
at org.testng.TestNG.run(TestNG.java:1060)
at org.testng.remote.AbstractRemoteTestNG.run(AbstractRemoteTestNG.java:115)
at org.testng.remote.RemoteTestNG.initAndRun(RemoteTestNG.java:251)
at org.testng.remote.RemoteTestNG.main(RemoteTestNG.java:77)
]]>
    </error>
  </testcase> <!-- user_is_able_to_fill_valid_details_in_shippingaddress_and_able_to_delete_shippingaddress_details -->
  <system-out/>
  <testcase classname="Oxhead_excel.TestCases" name="Customer_is_able_to_do_the_payment_method_process" time="49.907"/>
  <system-out/>
  <testcase classname="Oxhead_excel.TestCases" name="customer_Is_Able_To_See_The_OrderDetails" time="35.097"/>
  <system-out/>
  <testcase classname="Oxhead_excel.TestCases" name="Customer_Is_Able_To_Do_Logout" time="43.395"/>
  <system-out/>
  <testcase classname="Oxhead_excel.TestCases" name="Customer_Is_Able_To_Logout_From_The_Application" time="36.291"/>
  <system-out/>
  <testcase classname="Oxhead_excel.TestCases" name="verify_with_valid_orderid_and_billingmail_and_able_to_see_contactus_page_and_fill_with_valid_details" time="41.962"/>
  <system-out/>
  <testcase classname="Oxhead_excel.TestCases" name="verify_with_invalid_orderid_and_valid_billing_mail" time="30.055"/>
  <system-out/>
  <testcase classname="Oxhead_excel.TestCases" name="verify_with_invalid_orderid_and_valid_billing_mail" time="28.237"/>
  <system-out/>
  <testcase classname="Oxhead_excel.TestCases" name="verify_with_invalid_orderid_and_valid_billing_mail" time="28.125"/>
  <system-out/>
  <testcase classname="Oxhead_excel.TestCases" name="verify_with_invalid_orderid_and_valid_billing_mail" time="28.823"/>
  <system-out/>
  <testcase classname="Oxhead_excel.TestCases" name="verify_with_invalid_orderid_and_valid_billing_mail" time="30.962"/>
  <system-out/>
  <testcase classname="Oxhead_excel.TestCases" name="verify_with_invalid_orderid_and_valid_billing_mail" time="31.038"/>
  <system-out/>
  <testcase classname="Oxhead_excel.TestCases" name="verify_with_invalid_orderid_and_valid_billing_mail" time="30.525"/>
  <system-out/>
  <testcase classname="Oxhead_excel.TestCases" name="verify_with_invalid_orderid_and_valid_billing_mail" time="31.500"/>
  <system-out/>
  <testcase classname="Oxhead_excel.TestCases" name="verify_with_valid_order_id_and_billing_mail_and_able_to_see_contactuspage_and_fill_with_invalid_name_and_remaining_all_are_valid" time="46.004">
    <failure message="expected [One or more fields have an error. Please check and try again.] but found [Thank you for your message. It has been sent.]" type="java.lang.AssertionError">
      <![CDATA[java.lang.AssertionError: expected [One or more fields have an error. Please check and try again.] but found [Thank you for your message. It has been sent.]
at org.testng.Assert.fail(Assert.java:110)
at org.testng.Assert.failNotEquals(Assert.java:1413)
at org.testng.Assert.assertEqualsImpl(Assert.java:149)
at org.testng.Assert.assertEquals(Assert.java:131)
at org.testng.Assert.assertEquals(Assert.java:655)
at org.testng.Assert.assertEquals(Assert.java:665)
at Oxhead_excel.Runner.order1(Runner.java:578)
at Oxhead_excel.TestCases.verify_with_valid_order_id_and_billing_mail_and_able_to_see_contactuspage_and_fill_with_invalid_name_and_remaining_all_are_valid(TestCases.java:398)
at java.base/jdk.internal.reflect.NativeMethodAccessorImpl.invoke0(Native Method)
at java.base/jdk.internal.reflect.NativeMethodAccessorImpl.invoke(NativeMethodAccessorImpl.java:62)
at java.base/jdk.internal.reflect.DelegatingMethodAccessorImpl.invoke(DelegatingMethodAccessorImpl.java:43)
at java.base/java.lang.reflect.Method.invoke(Method.java:566)
at org.testng.internal.invokers.MethodInvocationHelper.invokeMethod(MethodInvocationHelper.java:135)
at org.testng.internal.invokers.TestInvoker.invokeMethod(TestInvoker.java:673)
at org.testng.internal.invokers.TestInvoker.invokeTestMethod(TestInvoker.java:220)
at org.testng.internal.invokers.MethodRunner.runInSequence(MethodRunner.java:50)
at org.testng.internal.invokers.TestInvoker$MethodInvocationAgent.invoke(TestInvoker.java:945)
at org.testng.internal.invokers.TestInvoker.invokeTestMethods(TestInvoker.java:193)
at org.testng.internal.invokers.TestMethodWorker.invokeTestMethods(TestMethodWorker.java:146)
at org.testng.internal.invokers.TestMethodWorker.run(TestMethodWorker.java:128)
at java.base/java.util.ArrayList.forEach(ArrayList.java:1540)
at org.testng.TestRunner.privateRun(TestRunner.java:808)
at org.testng.TestRunner.run(TestRunner.java:603)
at org.testng.SuiteRunner.runTest(SuiteRunner.java:429)
at org.testng.SuiteRunner.runSequentially(SuiteRunner.java:423)
at org.testng.SuiteRunner.privateRun(SuiteRunner.java:383)
at org.testng.SuiteRunner.run(SuiteRunner.java:326)
at org.testng.SuiteRunnerWorker.runSuite(SuiteRunnerWorker.java:52)
at org.testng.SuiteRunnerWorker.run(SuiteRunnerWorker.java:95)
at org.testng.TestNG.runSuitesSequentially(TestNG.java:1249)
at org.testng.TestNG.runSuitesLocally(TestNG.java:1169)
at org.testng.TestNG.runSuites(TestNG.java:1092)
at org.testng.TestNG.run(TestNG.java:1060)
at org.testng.remote.AbstractRemoteTestNG.run(AbstractRemoteTestNG.java:115)
at org.testng.remote.RemoteTestNG.initAndRun(RemoteTestNG.java:251)
at org.testng.remote.RemoteTestNG.main(RemoteTestNG.java:77)
]]>
    </failure>
  </testcase> <!-- verify_with_valid_order_id_and_billing_mail_and_able_to_see_contactuspage_and_fill_with_invalid_name_and_remaining_all_are_valid -->
  <system-out/>
  <testcase classname="Oxhead_excel.TestCases" name="verify_with_valid_order_id_and_billing_mail_and_able_to_see_contactuspage_and_fill_with_invalid_name_and_remaining_all_are_valid" time="37.581"/>
  <system-out/>
  <testcase classname="Oxhead_excel.TestCases" name="verify_with_valid_order_id_and_billing_mail_and_able_to_see_contactuspage_and_fill_with_invalid_name_and_remaining_all_are_valid" time="33.872"/>
  <system-out/>
  <testcase classname="Oxhead_excel.TestCases" name="verify_with_valid_order_id_and_billing_mail_and_able_to_see_contactuspage_and_fill_with_invalid_name_and_remaining_all_are_valid" time="36.394"/>
  <system-out/>
  <testcase classname="Oxhead_excel.TestCases" name="verify_with_valid_order_id_and_billing_mail_and_able_to_see_contactuspage_and_fill_with_invalid_name_and_remaining_all_are_valid" time="34.831"/>
  <system-out/>
  <testcase classname="Oxhead_excel.TestCases" name="verify_customer_is_able_to_see_trackanorder_logo_and_oxheadlogo_same_or_not" time="31.001">
    <error message="no such element: Unable to locate element: {&quot;method&quot;:&quot;xpath&quot;,&quot;selector&quot;:&quot;/html/body/div[1]/div[1]/div/div/div/div[1]/div/a/img&quot;}
  (Session info: chrome=99.0.4844.84)
For documentation on this error, please visit: https://selenium.dev/exceptions/#no_such_element
Build info: version: &#039;4.1.1&#039;, revision: &#039;e8fcc2cecf&#039;
System info: host: &#039;LMCLT017&#039;, ip: &#039;192.168.0.190&#039;, os.name: &#039;Windows 10&#039;, os.arch: &#039;amd64&#039;, os.version: &#039;10.0&#039;, java.version: &#039;11.0.6&#039;
Driver info: org.openqa.selenium.chrome.ChromeDriver
Command: [322214edb800dec24ec4fcf641e82bda, findElement {using=xpath, value=/html/body/div[1]/div[1]/div/div/div/div[1]/div/a/img}]
Capabilities {acceptInsecureCerts: false, browserName: chrome, browserVersion: 99.0.4844.84, chrome: {chromedriverVersion: 99.0.4844.51 (d537ec02474b5..., userDataDir: C:\Users\BALARA~1\AppData\L...}, goog:chromeOptions: {debuggerAddress: localhost:59358}, javascriptEnabled: true, networkConnectionEnabled: false, pageLoadStrategy: normal, platform: WINDOWS, platformName: WINDOWS, proxy: Proxy(), se:cdp: ws://localhost:59358/devtoo..., se:cdpVersion: 99.0.4844.84, setWindowRect: true, strictFileInteractability: false, timeouts: {implicit: 0, pageLoad: 300000, script: 30000}, unhandledPromptBehavior: dismiss and notify, webauthn:extension:credBlob: true, webauthn:extension:largeBlob: true, webauthn:virtualAuthenticators: true}
Session ID: 322214edb800dec24ec4fcf641e82bda" type="org.openqa.selenium.NoSuchElementException">
      <![CDATA[org.openqa.selenium.NoSuchElementException: no such element: Unable to locate element: {"method":"xpath","selector":"/html/body/div[1]/div[1]/div/div/div/div[1]/div/a/img"}
  (Session info: chrome=99.0.4844.84)
For documentation on this error, please visit: https://selenium.dev/exceptions/#no_such_element
Build info: version: '4.1.1', revision: 'e8fcc2cecf'
System info: host: 'LMCLT017', ip: '192.168.0.190', os.name: 'Windows 10', os.arch: 'amd64', os.version: '10.0', java.version: '11.0.6'
Driver info: org.openqa.selenium.chrome.ChromeDriver
Command: [322214edb800dec24ec4fcf641e82bda, findElement {using=xpath, value=/html/body/div[1]/div[1]/div/div/div/div[1]/div/a/img}]
Capabilities {acceptInsecureCerts: false, browserName: chrome, browserVersion: 99.0.4844.84, chrome: {chromedriverVersion: 99.0.4844.51 (d537ec02474b5..., userDataDir: C:\Users\BALARA~1\AppData\L...}, goog:chromeOptions: {debuggerAddress: localhost:59358}, javascriptEnabled: true, networkConnectionEnabled: false, pageLoadStrategy: normal, platform: WINDOWS, platformName: WINDOWS, proxy: Proxy(), se:cdp: ws://localhost:59358/devtoo..., se:cdpVersion: 99.0.4844.84, setWindowRect: true, strictFileInteractability: false, timeouts: {implicit: 0, pageLoad: 300000, script: 30000}, unhandledPromptBehavior: dismiss and notify, webauthn:extension:credBlob: true, webauthn:extension:largeBlob: true, webauthn:virtualAuthenticators: true}
Session ID: 322214edb800dec24ec4fcf641e82bda
at jdk.internal.reflect.GeneratedConstructorAccessor79.newInstance(Unknown Source)
at java.base/jdk.internal.reflect.DelegatingConstructorAccessorImpl.newInstance(DelegatingConstructorAccessorImpl.java:45)
at java.base/java.lang.reflect.Constructor.newInstance(Constructor.java:490)
at org.openqa.selenium.remote.codec.w3c.W3CHttpResponseCodec.createException(W3CHttpResponseCodec.java:200)
at org.openqa.selenium.remote.codec.w3c.W3CHttpResponseCodec.decode(W3CHttpResponseCodec.java:133)
at org.openqa.selenium.remote.codec.w3c.W3CHttpResponseCodec.decode(W3CHttpResponseCodec.java:53)
at org.openqa.selenium.remote.HttpCommandExecutor.execute(HttpCommandExecutor.java:184)
at org.openqa.selenium.remote.service.DriverCommandExecutor.invokeExecute(DriverCommandExecutor.java:167)
at org.openqa.selenium.remote.service.DriverCommandExecutor.execute(DriverCommandExecutor.java:142)
at org.openqa.selenium.remote.RemoteWebDriver.execute(RemoteWebDriver.java:543)
at org.openqa.selenium.remote.ElementLocation$ElementFinder$2.findElement(ElementLocation.java:162)
at org.openqa.selenium.remote.ElementLocation.findElement(ElementLocation.java:60)
at org.openqa.selenium.remote.RemoteWebDriver.findElement(RemoteWebDriver.java:367)
at org.openqa.selenium.remote.RemoteWebDriver.findElement(RemoteWebDriver.java:359)
at org.openqa.selenium.support.pagefactory.DefaultElementLocator.findElement(DefaultElementLocator.java:70)
at org.openqa.selenium.support.pagefactory.internal.LocatingElementHandler.invoke(LocatingElementHandler.java:39)
at com.sun.proxy.$Proxy19.isDisplayed(Unknown Source)
at Oxhead_excel.Runner.logo(Runner.java:613)
at Oxhead_excel.TestCases.verify_customer_is_able_to_see_trackanorder_logo_and_oxheadlogo_same_or_not(TestCases.java:405)
at java.base/jdk.internal.reflect.NativeMethodAccessorImpl.invoke0(Native Method)
at java.base/jdk.internal.reflect.NativeMethodAccessorImpl.invoke(NativeMethodAccessorImpl.java:62)
at java.base/jdk.internal.reflect.DelegatingMethodAccessorImpl.invoke(DelegatingMethodAccessorImpl.java:43)
at java.base/java.lang.reflect.Method.invoke(Method.java:566)
at org.testng.internal.invokers.MethodInvocationHelper.invokeMethod(MethodInvocationHelper.java:135)
at org.testng.internal.invokers.TestInvoker.invokeMethod(TestInvoker.java:673)
at org.testng.internal.invokers.TestInvoker.invokeTestMethod(TestInvoker.java:220)
at org.testng.internal.invokers.MethodRunner.runInSequence(MethodRunner.java:50)
at org.testng.internal.invokers.TestInvoker$MethodInvocationAgent.invoke(TestInvoker.java:945)
at org.testng.internal.invokers.TestInvoker.invokeTestMethods(TestInvoker.java:193)
at org.testng.internal.invokers.TestMethodWorker.invokeTestMethods(TestMethodWorker.java:146)
at org.testng.internal.invokers.TestMethodWorker.run(TestMethodWorker.java:128)
at java.base/java.util.ArrayList.forEach(ArrayList.java:1540)
at org.testng.TestRunner.privateRun(TestRunner.java:808)
at org.testng.TestRunner.run(TestRunner.java:603)
at org.testng.SuiteRunner.runTest(SuiteRunner.java:429)
at org.testng.SuiteRunner.runSequentially(SuiteRunner.java:423)
at org.testng.SuiteRunner.privateRun(SuiteRunner.java:383)
at org.testng.SuiteRunner.run(SuiteRunner.java:326)
at org.testng.SuiteRunnerWorker.runSuite(SuiteRunnerWorker.java:52)
at org.testng.SuiteRunnerWorker.run(SuiteRunnerWorker.java:95)
at org.testng.TestNG.runSuitesSequentially(TestNG.java:1249)
at org.testng.TestNG.runSuitesLocally(TestNG.java:1169)
at org.testng.TestNG.runSuites(TestNG.java:1092)
at org.testng.TestNG.run(TestNG.java:1060)
at org.testng.remote.AbstractRemoteTestNG.run(AbstractRemoteTestNG.java:115)
at org.testng.remote.RemoteTestNG.initAndRun(RemoteTestNG.java:251)
at org.testng.remote.RemoteTestNG.main(RemoteTestNG.java:77)
]]>
    </error>
  </testcase> <!-- verify_customer_is_able_to_see_trackanorder_logo_and_oxheadlogo_same_or_not -->
  <system-out/>
  <testcase classname="Oxhead_excel.TestCases" name="Customer_Is_Able_To_See_The_AllProducts_On_Browse_Catagories" time="35.815"/>
  <system-out/>
  <testcase classname="Oxhead_excel.TestCases" name="Customer_Is_Able_To_See_The_Gold_On_Browse_Catagories" time="27.685"/>
  <system-out/>
  <testcase classname="Oxhead_excel.TestCases" name="Customer_Is_Able_To_See_The_Palladium_On_Browse_Catagories" time="29.163"/>
  <system-out/>
  <testcase classname="Oxhead_excel.TestCases" name="Customer_Is_Able_To_See_The_Platinum_On_Browse_Catagories" time="31.195"/>
  <system-out/>
  <testcase classname="Oxhead_excel.TestCases" name="Customer_Is_Able_To_See_The_Silver_On_Browse_Catagories" time="31.713"/>
  <system-out/>
  <testcase classname="Oxhead_excel.TestCases" name="customer_Is_Able_To_See_The_HomePage" time="28.795"/>
  <system-out/>
  <testcase classname="Oxhead_excel.TestCases" name="Customer_is_able_to_see_the_sticky_header_is_fixed_at_that_place_it_is_comingdown" time="31.883"/>
  <system-out/>
  <testcase classname="Oxhead_excel.TestCases" name="Customer_Is_Able_To_See_The_NewArrivals_Page" time="31.156"/>
  <system-out/>
  <testcase classname="Oxhead_excel.TestCases" name="Customer_is_able_to_see_the_Silverbars" time="74.021"/>
  <system-out/>
  <testcase classname="Oxhead_excel.TestCases" name="Customer_is_able_to_see_the_silver_bulletts" time="28.034"/>
  <system-out/>
  <testcase classname="Oxhead_excel.TestCases" name="Customer_is_able_to_see_the_silver_coins" time="60.818">
    <error message="Expected condition failed: waiting for visibility of Proxy element for: DefaultElementLocator &#039;By.xpath: //div[@class=&#039;summary-inner&#039;]//button[@name=&#039;add-to-cart&#039;]&#039; (tried for 25 second(s) with 1 milliseconds interval)" type="org.openqa.selenium.TimeoutException">
      <![CDATA[org.openqa.selenium.TimeoutException: Expected condition failed: waiting for visibility of Proxy element for: DefaultElementLocator 'By.xpath: //div[@class='summary-inner']//button[@name='add-to-cart']' (tried for 25 second(s) with 1 milliseconds interval)
at org.openqa.selenium.support.ui.WebDriverWait.timeoutException(WebDriverWait.java:138)
at org.openqa.selenium.support.ui.FluentWait.until(FluentWait.java:231)
at Oxhead_excel.Baseclass.visibilityOfElement(Baseclass.java:38)
at Oxhead_excel.Header.silvercoins(Header.java:300)
at Oxhead_excel.TestCases.Customer_is_able_to_see_the_silver_coins(TestCases.java:500)
at java.base/jdk.internal.reflect.NativeMethodAccessorImpl.invoke0(Native Method)
at java.base/jdk.internal.reflect.NativeMethodAccessorImpl.invoke(NativeMethodAccessorImpl.java:62)
at java.base/jdk.internal.reflect.DelegatingMethodAccessorImpl.invoke(DelegatingMethodAccessorImpl.java:43)
at java.base/java.lang.reflect.Method.invoke(Method.java:566)
at org.testng.internal.invokers.MethodInvocationHelper.invokeMethod(MethodInvocationHelper.java:135)
at org.testng.internal.invokers.TestInvoker.invokeMethod(TestInvoker.java:673)
at org.testng.internal.invokers.TestInvoker.invokeTestMethod(TestInvoker.java:220)
at org.testng.internal.invokers.MethodRunner.runInSequence(MethodRunner.java:50)
at org.testng.internal.invokers.TestInvoker$MethodInvocationAgent.invoke(TestInvoker.java:945)
at org.testng.internal.invokers.TestInvoker.invokeTestMethods(TestInvoker.java:193)
at org.testng.internal.invokers.TestMethodWorker.invokeTestMethods(TestMethodWorker.java:146)
at org.testng.internal.invokers.TestMethodWorker.run(TestMethodWorker.java:128)
at java.base/java.util.ArrayList.forEach(ArrayList.java:1540)
at org.testng.TestRunner.privateRun(TestRunner.java:808)
at org.testng.TestRunner.run(TestRunner.java:603)
at org.testng.SuiteRunner.runTest(SuiteRunner.java:429)
at org.testng.SuiteRunner.runSequentially(SuiteRunner.java:423)
at org.testng.SuiteRunner.privateRun(SuiteRunner.java:383)
at org.testng.SuiteRunner.run(SuiteRunner.java:326)
at org.testng.SuiteRunnerWorker.runSuite(SuiteRunnerWorker.java:52)
at org.testng.SuiteRunnerWorker.run(SuiteRunnerWorker.java:95)
at org.testng.TestNG.runSuitesSequentially(TestNG.java:1249)
at org.testng.TestNG.runSuitesLocally(TestNG.java:1169)
at org.testng.TestNG.runSuites(TestNG.java:1092)
at org.testng.TestNG.run(TestNG.java:1060)
at org.testng.remote.AbstractRemoteTestNG.run(AbstractRemoteTestNG.java:115)
at org.testng.remote.RemoteTestNG.initAndRun(RemoteTestNG.java:251)
at org.testng.remote.RemoteTestNG.main(RemoteTestNG.java:77)
Caused by: org.openqa.selenium.NoSuchElementException: no such element: Unable to locate element: {"method":"xpath","selector":"//div[@class='summary-inner']//button[@name='add-to-cart']"}
  (Session info: chrome=99.0.4844.84)
For documentation on this error, please visit: https://selenium.dev/exceptions/#no_such_element
Build info: version: '4.1.1', revision: 'e8fcc2cecf'
System info: host: 'LMCLT017', ip: '192.168.0.190', os.name: 'Windows 10', os.arch: 'amd64', os.version: '10.0', java.version: '11.0.6'
Driver info: org.openqa.selenium.chrome.ChromeDriver
Command: [991d6533517e336f7fcba0fb7ba3711f, findElement {using=xpath, value=//div[@class='summary-inner']//button[@name='add-to-cart']}]
Capabilities {acceptInsecureCerts: false, browserName: chrome, browserVersion: 99.0.4844.84, chrome: {chromedriverVersion: 99.0.4844.51 (d537ec02474b5..., userDataDir: C:\Users\BALARA~1\AppData\L...}, goog:chromeOptions: {debuggerAddress: localhost:60043}, javascriptEnabled: true, networkConnectionEnabled: false, pageLoadStrategy: normal, platform: WINDOWS, platformName: WINDOWS, proxy: Proxy(), se:cdp: ws://localhost:60043/devtoo..., se:cdpVersion: 99.0.4844.84, setWindowRect: true, strictFileInteractability: false, timeouts: {implicit: 0, pageLoad: 300000, script: 30000}, unhandledPromptBehavior: dismiss and notify, webauthn:extension:credBlob: true, webauthn:extension:largeBlob: true, webauthn:virtualAuthenticators: true}
Session ID: 991d6533517e336f7fcba0fb7ba3711f
at jdk.internal.reflect.GeneratedConstructorAccessor79.newInstance(Unknown Source)
at java.base/jdk.internal.reflect.DelegatingConstructorAccessorImpl.newInstance(DelegatingConstructorAccessorImpl.java:45)
at java.base/java.lang.reflect.Constructor.newInstance(Constructor.java:490)
at org.openqa.selenium.remote.codec.w3c.W3CHttpResponseCodec.createException(W3CHttpResponseCodec.java:200)
at org.openqa.selenium.remote.codec.w3c.W3CHttpResponseCodec.decode(W3CHttpResponseCodec.java:133)
at org.openqa.selenium.remote.codec.w3c.W3CHttpResponseCodec.decode(W3CHttpResponseCodec.java:53)
at org.openqa.selenium.remote.HttpCommandExecutor.execute(HttpCommandExecutor.java:184)
at org.openqa.selenium.remote.service.DriverCommandExecutor.invokeExecute(DriverCommandExecutor.java:167)
at org.openqa.selenium.remote.service.DriverCommandExecutor.execute(DriverCommandExecutor.java:142)
at org.openqa.selenium.remote.RemoteWebDriver.execute(RemoteWebDriver.java:543)
at org.openqa.selenium.remote.ElementLocation$ElementFinder$2.findElement(ElementLocation.java:162)
at org.openqa.selenium.remote.ElementLocation.findElement(ElementLocation.java:60)
at org.openqa.selenium.remote.RemoteWebDriver.findElement(RemoteWebDriver.java:367)
at org.openqa.selenium.remote.RemoteWebDriver.findElement(RemoteWebDriver.java:359)
at org.openqa.selenium.support.pagefactory.DefaultElementLocator.findElement(DefaultElementLocator.java:70)
at org.openqa.selenium.support.pagefactory.internal.LocatingElementHandler.invoke(LocatingElementHandler.java:39)
at com.sun.proxy.$Proxy19.isDisplayed(Unknown Source)
at org.openqa.selenium.support.ui.ExpectedConditions.elementIfVisible(ExpectedConditions.java:307)
at org.openqa.selenium.support.ui.ExpectedConditions.access$000(ExpectedConditions.java:40)
at org.openqa.selenium.support.ui.ExpectedConditions$10.apply(ExpectedConditions.java:293)
at org.openqa.selenium.support.ui.ExpectedConditions$10.apply(ExpectedConditions.java:290)
at org.openqa.selenium.support.ui.FluentWait.until(FluentWait.java:208)
... 31 more
]]>
    </error>
  </testcase> <!-- Customer_is_able_to_see_the_silver_coins -->
  <system-out/>
  <testcase classname="Oxhead_excel.TestCases" name="Customer_is_able_to_see_the_goldcoins" time="33.453"/>
  <system-out/>
  <testcase classname="Oxhead_excel.TestCases" name="Customer_is_able_to_see_the_goldbars" time="59.730"/>
  <system-out/>
  <testcase classname="Oxhead_excel.TestCases" name="Customer_is_able_to_see_the_usgold" time="22.524"/>
  <system-out/>
  <testcase classname="Oxhead_excel.TestCases" name="Customer_is_able_to_see_the_canadiangold" time="24.471"/>
  <system-out/>
  <testcase classname="Oxhead_excel.TestCases" name="Customer_is_able_to_see_the_Austraiangold" time="27.589"/>
  <system-out/>
  <testcase classname="Oxhead_excel.TestCases" name="Customer_is_able_to_see_the_Platinum_in_Other" time="38.245">
    <error message="no such element: Unable to locate element: {&quot;method&quot;:&quot;xpath&quot;,&quot;selector&quot;:&quot;/html/body/div[1]/div[2]/div[2]/div/div/div[5]/div[1]/div/a&quot;}
  (Session info: chrome=99.0.4844.84)
For documentation on this error, please visit: https://selenium.dev/exceptions/#no_such_element
Build info: version: &#039;4.1.1&#039;, revision: &#039;e8fcc2cecf&#039;
System info: host: &#039;LMCLT017&#039;, ip: &#039;192.168.0.190&#039;, os.name: &#039;Windows 10&#039;, os.arch: &#039;amd64&#039;, os.version: &#039;10.0&#039;, java.version: &#039;11.0.6&#039;
Driver info: org.openqa.selenium.chrome.ChromeDriver
Command: [fa0600e6e02163fcbaaa2cd405c9a0d4, findElement {using=xpath, value=/html/body/div[1]/div[2]/div[2]/div/div/div[5]/div[1]/div/a}]
Capabilities {acceptInsecureCerts: false, browserName: chrome, browserVersion: 99.0.4844.84, chrome: {chromedriverVersion: 99.0.4844.51 (d537ec02474b5..., userDataDir: C:\Users\BALARA~1\AppData\L...}, goog:chromeOptions: {debuggerAddress: localhost:60465}, javascriptEnabled: true, networkConnectionEnabled: false, pageLoadStrategy: normal, platform: WINDOWS, platformName: WINDOWS, proxy: Proxy(), se:cdp: ws://localhost:60465/devtoo..., se:cdpVersion: 99.0.4844.84, setWindowRect: true, strictFileInteractability: false, timeouts: {implicit: 0, pageLoad: 300000, script: 30000}, unhandledPromptBehavior: dismiss and notify, webauthn:extension:credBlob: true, webauthn:extension:largeBlob: true, webauthn:virtualAuthenticators: true}
Session ID: fa0600e6e02163fcbaaa2cd405c9a0d4" type="org.openqa.selenium.NoSuchElementException">
      <![CDATA[org.openqa.selenium.NoSuchElementException: no such element: Unable to locate element: {"method":"xpath","selector":"/html/body/div[1]/div[2]/div[2]/div/div/div[5]/div[1]/div/a"}
  (Session info: chrome=99.0.4844.84)
For documentation on this error, please visit: https://selenium.dev/exceptions/#no_such_element
Build info: version: '4.1.1', revision: 'e8fcc2cecf'
System info: host: 'LMCLT017', ip: '192.168.0.190', os.name: 'Windows 10', os.arch: 'amd64', os.version: '10.0', java.version: '11.0.6'
Driver info: org.openqa.selenium.chrome.ChromeDriver
Command: [fa0600e6e02163fcbaaa2cd405c9a0d4, findElement {using=xpath, value=/html/body/div[1]/div[2]/div[2]/div/div/div[5]/div[1]/div/a}]
Capabilities {acceptInsecureCerts: false, browserName: chrome, browserVersion: 99.0.4844.84, chrome: {chromedriverVersion: 99.0.4844.51 (d537ec02474b5..., userDataDir: C:\Users\BALARA~1\AppData\L...}, goog:chromeOptions: {debuggerAddress: localhost:60465}, javascriptEnabled: true, networkConnectionEnabled: false, pageLoadStrategy: normal, platform: WINDOWS, platformName: WINDOWS, proxy: Proxy(), se:cdp: ws://localhost:60465/devtoo..., se:cdpVersion: 99.0.4844.84, setWindowRect: true, strictFileInteractability: false, timeouts: {implicit: 0, pageLoad: 300000, script: 30000}, unhandledPromptBehavior: dismiss and notify, webauthn:extension:credBlob: true, webauthn:extension:largeBlob: true, webauthn:virtualAuthenticators: true}
Session ID: fa0600e6e02163fcbaaa2cd405c9a0d4
at jdk.internal.reflect.GeneratedConstructorAccessor79.newInstance(Unknown Source)
at java.base/jdk.internal.reflect.DelegatingConstructorAccessorImpl.newInstance(DelegatingConstructorAccessorImpl.java:45)
at java.base/java.lang.reflect.Constructor.newInstance(Constructor.java:490)
at org.openqa.selenium.remote.codec.w3c.W3CHttpResponseCodec.createException(W3CHttpResponseCodec.java:200)
at org.openqa.selenium.remote.codec.w3c.W3CHttpResponseCodec.decode(W3CHttpResponseCodec.java:133)
at org.openqa.selenium.remote.codec.w3c.W3CHttpResponseCodec.decode(W3CHttpResponseCodec.java:53)
at org.openqa.selenium.remote.HttpCommandExecutor.execute(HttpCommandExecutor.java:184)
at org.openqa.selenium.remote.service.DriverCommandExecutor.invokeExecute(DriverCommandExecutor.java:167)
at org.openqa.selenium.remote.service.DriverCommandExecutor.execute(DriverCommandExecutor.java:142)
at org.openqa.selenium.remote.RemoteWebDriver.execute(RemoteWebDriver.java:543)
at org.openqa.selenium.remote.ElementLocation$ElementFinder$2.findElement(ElementLocation.java:162)
at org.openqa.selenium.remote.ElementLocation.findElement(ElementLocation.java:60)
at org.openqa.selenium.remote.RemoteWebDriver.findElement(RemoteWebDriver.java:367)
at org.openqa.selenium.remote.RemoteWebDriver.findElement(RemoteWebDriver.java:359)
at org.openqa.selenium.support.pagefactory.DefaultElementLocator.findElement(DefaultElementLocator.java:70)
at org.openqa.selenium.support.pagefactory.internal.LocatingElementHandler.invoke(LocatingElementHandler.java:39)
at com.sun.proxy.$Proxy19.click(Unknown Source)
at Oxhead_excel.Header.platinum(Header.java:392)
at Oxhead_excel.TestCases.Customer_is_able_to_see_the_Platinum_in_Other(TestCases.java:554)
at java.base/jdk.internal.reflect.NativeMethodAccessorImpl.invoke0(Native Method)
at java.base/jdk.internal.reflect.NativeMethodAccessorImpl.invoke(NativeMethodAccessorImpl.java:62)
at java.base/jdk.internal.reflect.DelegatingMethodAccessorImpl.invoke(DelegatingMethodAccessorImpl.java:43)
at java.base/java.lang.reflect.Method.invoke(Method.java:566)
at org.testng.internal.invokers.MethodInvocationHelper.invokeMethod(MethodInvocationHelper.java:135)
at org.testng.internal.invokers.TestInvoker.invokeMethod(TestInvoker.java:673)
at org.testng.internal.invokers.TestInvoker.invokeTestMethod(TestInvoker.java:220)
at org.testng.internal.invokers.MethodRunner.runInSequence(MethodRunner.java:50)
at org.testng.internal.invokers.TestInvoker$MethodInvocationAgent.invoke(TestInvoker.java:945)
at org.testng.internal.invokers.TestInvoker.invokeTestMethods(TestInvoker.java:193)
at org.testng.internal.invokers.TestMethodWorker.invokeTestMethods(TestMethodWorker.java:146)
at org.testng.internal.invokers.TestMethodWorker.run(TestMethodWorker.java:128)
at java.base/java.util.ArrayList.forEach(ArrayList.java:1540)
at org.testng.TestRunner.privateRun(TestRunner.java:808)
at org.testng.TestRunner.run(TestRunner.java:603)
at org.testng.SuiteRunner.runTest(SuiteRunner.java:429)
at org.testng.SuiteRunner.runSequentially(SuiteRunner.java:423)
at org.testng.SuiteRunner.privateRun(SuiteRunner.java:383)
at org.testng.SuiteRunner.run(SuiteRunner.java:326)
at org.testng.SuiteRunnerWorker.runSuite(SuiteRunnerWorker.java:52)
at org.testng.SuiteRunnerWorker.run(SuiteRunnerWorker.java:95)
at org.testng.TestNG.runSuitesSequentially(TestNG.java:1249)
at org.testng.TestNG.runSuitesLocally(TestNG.java:1169)
at org.testng.TestNG.runSuites(TestNG.java:1092)
at org.testng.TestNG.run(TestNG.java:1060)
at org.testng.remote.AbstractRemoteTestNG.run(AbstractRemoteTestNG.java:115)
at org.testng.remote.RemoteTestNG.initAndRun(RemoteTestNG.java:251)
at org.testng.remote.RemoteTestNG.main(RemoteTestNG.java:77)
]]>
    </error>
  </testcase> <!-- Customer_is_able_to_see_the_Platinum_in_Other -->
  <system-out/>
  <testcase classname="Oxhead_excel.TestCases" name="Customer_is_able_to_see_the_coins_supplies_page_in_Other" time="32.799"/>
  <system-out/>
  <testcase classname="Oxhead_excel.TestCases" name="Customer_is_able_to_see_the_oxhead_merch_in_Other" time="31.214"/>
  <system-out/>
  <testcase classname="Oxhead_excel.TestCases" name="Customer_Is_Not_Able_To_See_Product_In_ShoppingCart_Page" time="28.686"/>
  <system-out/>
  <testcase classname="Oxhead_excel.TestCases" name="Customer_Is_Able_To_See_Product_In_ShoppingCart_Page_From_NewArrivals_page" time="55.825"/>
  <system-out/>
  <testcase classname="Oxhead_excel.TestCases" name="Customer_Is_Able_To_See_Product_In_ShoppingCart_Page" time="64.449">
    <error message="Expected condition failed: waiting for visibility of Proxy element for: DefaultElementLocator &#039;By.xpath: //td[@class=&#039;product-name&#039;]&#039; (tried for 25 second(s) with 1 milliseconds interval)" type="org.openqa.selenium.TimeoutException">
      <![CDATA[org.openqa.selenium.TimeoutException: Expected condition failed: waiting for visibility of Proxy element for: DefaultElementLocator 'By.xpath: //td[@class='product-name']' (tried for 25 second(s) with 1 milliseconds interval)
at org.openqa.selenium.support.ui.WebDriverWait.timeoutException(WebDriverWait.java:138)
at org.openqa.selenium.support.ui.FluentWait.until(FluentWait.java:231)
at Oxhead_excel.Baseclass.visibilityOfElement(Baseclass.java:38)
at Oxhead_excel.Header.shoppingCartpage(Header.java:465)
at Oxhead_excel.TestCases.Customer_Is_Able_To_See_Product_In_ShoppingCart_Page(TestCases.java:596)
at java.base/jdk.internal.reflect.NativeMethodAccessorImpl.invoke0(Native Method)
at java.base/jdk.internal.reflect.NativeMethodAccessorImpl.invoke(NativeMethodAccessorImpl.java:62)
at java.base/jdk.internal.reflect.DelegatingMethodAccessorImpl.invoke(DelegatingMethodAccessorImpl.java:43)
at java.base/java.lang.reflect.Method.invoke(Method.java:566)
at org.testng.internal.invokers.MethodInvocationHelper.invokeMethod(MethodInvocationHelper.java:135)
at org.testng.internal.invokers.TestInvoker.invokeMethod(TestInvoker.java:673)
at org.testng.internal.invokers.TestInvoker.invokeTestMethod(TestInvoker.java:220)
at org.testng.internal.invokers.MethodRunner.runInSequence(MethodRunner.java:50)
at org.testng.internal.invokers.TestInvoker$MethodInvocationAgent.invoke(TestInvoker.java:945)
at org.testng.internal.invokers.TestInvoker.invokeTestMethods(TestInvoker.java:193)
at org.testng.internal.invokers.TestMethodWorker.invokeTestMethods(TestMethodWorker.java:146)
at org.testng.internal.invokers.TestMethodWorker.run(TestMethodWorker.java:128)
at java.base/java.util.ArrayList.forEach(ArrayList.java:1540)
at org.testng.TestRunner.privateRun(TestRunner.java:808)
at org.testng.TestRunner.run(TestRunner.java:603)
at org.testng.SuiteRunner.runTest(SuiteRunner.java:429)
at org.testng.SuiteRunner.runSequentially(SuiteRunner.java:423)
at org.testng.SuiteRunner.privateRun(SuiteRunner.java:383)
at org.testng.SuiteRunner.run(SuiteRunner.java:326)
at org.testng.SuiteRunnerWorker.runSuite(SuiteRunnerWorker.java:52)
at org.testng.SuiteRunnerWorker.run(SuiteRunnerWorker.java:95)
at org.testng.TestNG.runSuitesSequentially(TestNG.java:1249)
at org.testng.TestNG.runSuitesLocally(TestNG.java:1169)
at org.testng.TestNG.runSuites(TestNG.java:1092)
at org.testng.TestNG.run(TestNG.java:1060)
at org.testng.remote.AbstractRemoteTestNG.run(AbstractRemoteTestNG.java:115)
at org.testng.remote.RemoteTestNG.initAndRun(RemoteTestNG.java:251)
at org.testng.remote.RemoteTestNG.main(RemoteTestNG.java:77)
Caused by: org.openqa.selenium.NoSuchElementException: no such element: Unable to locate element: {"method":"xpath","selector":"//td[@class='product-name']"}
  (Session info: chrome=99.0.4844.84)
For documentation on this error, please visit: https://selenium.dev/exceptions/#no_such_element
Build info: version: '4.1.1', revision: 'e8fcc2cecf'
System info: host: 'LMCLT017', ip: '192.168.0.190', os.name: 'Windows 10', os.arch: 'amd64', os.version: '10.0', java.version: '11.0.6'
Driver info: org.openqa.selenium.chrome.ChromeDriver
Command: [fafd81fd86689b9485577a5e8e904b4c, findElement {using=xpath, value=//td[@class='product-name']}]
Capabilities {acceptInsecureCerts: false, browserName: chrome, browserVersion: 99.0.4844.84, chrome: {chromedriverVersion: 99.0.4844.51 (d537ec02474b5..., userDataDir: C:\Users\BALARA~1\AppData\L...}, goog:chromeOptions: {debuggerAddress: localhost:60797}, javascriptEnabled: true, networkConnectionEnabled: false, pageLoadStrategy: normal, platform: WINDOWS, platformName: WINDOWS, proxy: Proxy(), se:cdp: ws://localhost:60797/devtoo..., se:cdpVersion: 99.0.4844.84, setWindowRect: true, strictFileInteractability: false, timeouts: {implicit: 0, pageLoad: 300000, script: 30000}, unhandledPromptBehavior: dismiss and notify, webauthn:extension:credBlob: true, webauthn:extension:largeBlob: true, webauthn:virtualAuthenticators: true}
Session ID: fafd81fd86689b9485577a5e8e904b4c
at jdk.internal.reflect.GeneratedConstructorAccessor79.newInstance(Unknown Source)
at java.base/jdk.internal.reflect.DelegatingConstructorAccessorImpl.newInstance(DelegatingConstructorAccessorImpl.java:45)
at java.base/java.lang.reflect.Constructor.newInstance(Constructor.java:490)
at org.openqa.selenium.remote.codec.w3c.W3CHttpResponseCodec.createException(W3CHttpResponseCodec.java:200)
at org.openqa.selenium.remote.codec.w3c.W3CHttpResponseCodec.decode(W3CHttpResponseCodec.java:133)
at org.openqa.selenium.remote.codec.w3c.W3CHttpResponseCodec.decode(W3CHttpResponseCodec.java:53)
at org.openqa.selenium.remote.HttpCommandExecutor.execute(HttpCommandExecutor.java:184)
at org.openqa.selenium.remote.service.DriverCommandExecutor.invokeExecute(DriverCommandExecutor.java:167)
at org.openqa.selenium.remote.service.DriverCommandExecutor.execute(DriverCommandExecutor.java:142)
at org.openqa.selenium.remote.RemoteWebDriver.execute(RemoteWebDriver.java:543)
at org.openqa.selenium.remote.ElementLocation$ElementFinder$2.findElement(ElementLocation.java:162)
at org.openqa.selenium.remote.ElementLocation.findElement(ElementLocation.java:60)
at org.openqa.selenium.remote.RemoteWebDriver.findElement(RemoteWebDriver.java:367)
at org.openqa.selenium.remote.RemoteWebDriver.findElement(RemoteWebDriver.java:359)
at org.openqa.selenium.support.pagefactory.DefaultElementLocator.findElement(DefaultElementLocator.java:70)
at org.openqa.selenium.support.pagefactory.internal.LocatingElementHandler.invoke(LocatingElementHandler.java:39)
at com.sun.proxy.$Proxy19.isDisplayed(Unknown Source)
at org.openqa.selenium.support.ui.ExpectedConditions.elementIfVisible(ExpectedConditions.java:307)
at org.openqa.selenium.support.ui.ExpectedConditions.access$000(ExpectedConditions.java:40)
at org.openqa.selenium.support.ui.ExpectedConditions$10.apply(ExpectedConditions.java:293)
at org.openqa.selenium.support.ui.ExpectedConditions$10.apply(ExpectedConditions.java:290)
at org.openqa.selenium.support.ui.FluentWait.until(FluentWait.java:208)
... 31 more
]]>
    </error>
  </testcase> <!-- Customer_Is_Able_To_See_Product_In_ShoppingCart_Page -->
  <system-out/>
  <testcase classname="Oxhead_excel.TestCases" name="Customer_Is_Able_To_See_Shipping_And_Delivery_Page" time="51.402"/>
  <system-out/>
  <testcase classname="Oxhead_excel.TestCases" name="Customer_Is_able_To_Track_The_Cash_On_Delivery" time="34.767"/>
  <system-out/>
  <testcase classname="Oxhead_excel.TestCases" name="verify_customer_is_able_to_click_on_contactuspage_link_footersection_and_verify_able_to_redirect_contactuspage_Click_on_FAQlink_in_footersection_and_able_to_redirect_FAQpage_and_click_on_Contactlink_and_able_to_see_contactusPagelink" time="39.341"/>
  <system-out/>
  <testcase classname="Oxhead_excel.TestCases" name="verify_user_is_able_click_on_FAQ_button_and_able_to_see_contactUSPage_and_verify_with_invalid_name_remaining_all_are_valid" time="32.813">
    <error message="element click intercepted: Element &lt;span class=&quot;vc_tta-title-text&quot;&gt;...&lt;/span&gt; is not clickable at point (931, 546). Other element would receive the click: &lt;span class=&quot;NormalTextRun SCXW214363955 BCX8&quot; data-ccp-parastyle=&quot;heading 1&quot;&gt;...&lt;/span&gt;
  (Session info: chrome=99.0.4844.84)
Build info: version: &#039;4.1.1&#039;, revision: &#039;e8fcc2cecf&#039;
System info: host: &#039;LMCLT017&#039;, ip: &#039;192.168.0.190&#039;, os.name: &#039;Windows 10&#039;, os.arch: &#039;amd64&#039;, os.version: &#039;10.0&#039;, java.version: &#039;11.0.6&#039;
Driver info: org.openqa.selenium.chrome.ChromeDriver
Command: [c387e06d6323a5c58378752db19b567f, clickElement {id=e470257d-bbe6-4062-8fcf-1bf9b894116a}]
Capabilities {acceptInsecureCerts: false, browserName: chrome, browserVersion: 99.0.4844.84, chrome: {chromedriverVersion: 99.0.4844.51 (d537ec02474b5..., userDataDir: C:\Users\BALARA~1\AppData\L...}, goog:chromeOptions: {debuggerAddress: localhost:61081}, javascriptEnabled: true, networkConnectionEnabled: false, pageLoadStrategy: normal, platform: WINDOWS, platformName: WINDOWS, proxy: Proxy(), se:cdp: ws://localhost:61081/devtoo..., se:cdpVersion: 99.0.4844.84, setWindowRect: true, strictFileInteractability: false, timeouts: {implicit: 0, pageLoad: 300000, script: 30000}, unhandledPromptBehavior: dismiss and notify, webauthn:extension:credBlob: true, webauthn:extension:largeBlob: true, webauthn:virtualAuthenticators: true}
Element: [[ChromeDriver: chrome on WINDOWS (c387e06d6323a5c58378752db19b567f)] -&gt; xpath: //span[text()=&#039;DO YOU OFFER FREE SHIPPING?&#039;]]
Session ID: c387e06d6323a5c58378752db19b567f" type="org.openqa.selenium.ElementClickInterceptedException">
      <![CDATA[org.openqa.selenium.ElementClickInterceptedException: element click intercepted: Element <span class="vc_tta-title-text">...</span> is not clickable at point (931, 546). Other element would receive the click: <span class="NormalTextRun SCXW214363955 BCX8" data-ccp-parastyle="heading 1">...</span>
  (Session info: chrome=99.0.4844.84)
Build info: version: '4.1.1', revision: 'e8fcc2cecf'
System info: host: 'LMCLT017', ip: '192.168.0.190', os.name: 'Windows 10', os.arch: 'amd64', os.version: '10.0', java.version: '11.0.6'
Driver info: org.openqa.selenium.chrome.ChromeDriver
Command: [c387e06d6323a5c58378752db19b567f, clickElement {id=e470257d-bbe6-4062-8fcf-1bf9b894116a}]
Capabilities {acceptInsecureCerts: false, browserName: chrome, browserVersion: 99.0.4844.84, chrome: {chromedriverVersion: 99.0.4844.51 (d537ec02474b5..., userDataDir: C:\Users\BALARA~1\AppData\L...}, goog:chromeOptions: {debuggerAddress: localhost:61081}, javascriptEnabled: true, networkConnectionEnabled: false, pageLoadStrategy: normal, platform: WINDOWS, platformName: WINDOWS, proxy: Proxy(), se:cdp: ws://localhost:61081/devtoo..., se:cdpVersion: 99.0.4844.84, setWindowRect: true, strictFileInteractability: false, timeouts: {implicit: 0, pageLoad: 300000, script: 30000}, unhandledPromptBehavior: dismiss and notify, webauthn:extension:credBlob: true, webauthn:extension:largeBlob: true, webauthn:virtualAuthenticators: true}
Element: [[ChromeDriver: chrome on WINDOWS (c387e06d6323a5c58378752db19b567f)] -> xpath: //span[text()='DO YOU OFFER FREE SHIPPING?']]
Session ID: c387e06d6323a5c58378752db19b567f
at java.base/jdk.internal.reflect.NativeConstructorAccessorImpl.newInstance0(Native Method)
at java.base/jdk.internal.reflect.NativeConstructorAccessorImpl.newInstance(NativeConstructorAccessorImpl.java:62)
at java.base/jdk.internal.reflect.DelegatingConstructorAccessorImpl.newInstance(DelegatingConstructorAccessorImpl.java:45)
at java.base/java.lang.reflect.Constructor.newInstance(Constructor.java:490)
at org.openqa.selenium.remote.codec.w3c.W3CHttpResponseCodec.createException(W3CHttpResponseCodec.java:200)
at org.openqa.selenium.remote.codec.w3c.W3CHttpResponseCodec.decode(W3CHttpResponseCodec.java:133)
at org.openqa.selenium.remote.codec.w3c.W3CHttpResponseCodec.decode(W3CHttpResponseCodec.java:53)
at org.openqa.selenium.remote.HttpCommandExecutor.execute(HttpCommandExecutor.java:184)
at org.openqa.selenium.remote.service.DriverCommandExecutor.invokeExecute(DriverCommandExecutor.java:167)
at org.openqa.selenium.remote.service.DriverCommandExecutor.execute(DriverCommandExecutor.java:142)
at org.openqa.selenium.remote.RemoteWebDriver.execute(RemoteWebDriver.java:543)
at org.openqa.selenium.remote.RemoteWebElement.execute(RemoteWebElement.java:251)
at org.openqa.selenium.remote.RemoteWebElement.click(RemoteWebElement.java:77)
at jdk.internal.reflect.GeneratedMethodAccessor2.invoke(Unknown Source)
at java.base/jdk.internal.reflect.DelegatingMethodAccessorImpl.invoke(DelegatingMethodAccessorImpl.java:43)
at java.base/java.lang.reflect.Method.invoke(Method.java:566)
at org.openqa.selenium.support.pagefactory.internal.LocatingElementHandler.invoke(LocatingElementHandler.java:52)
at com.sun.proxy.$Proxy19.click(Unknown Source)
at Oxhead_excel.Header.FAQs(Header.java:702)
at Oxhead_excel.TestCases.verify_user_is_able_click_on_FAQ_button_and_able_to_see_contactUSPage_and_verify_with_invalid_name_remaining_all_are_valid(TestCases.java:628)
at java.base/jdk.internal.reflect.NativeMethodAccessorImpl.invoke0(Native Method)
at java.base/jdk.internal.reflect.NativeMethodAccessorImpl.invoke(NativeMethodAccessorImpl.java:62)
at java.base/jdk.internal.reflect.DelegatingMethodAccessorImpl.invoke(DelegatingMethodAccessorImpl.java:43)
at java.base/java.lang.reflect.Method.invoke(Method.java:566)
at org.testng.internal.invokers.MethodInvocationHelper.invokeMethod(MethodInvocationHelper.java:135)
at org.testng.internal.invokers.TestInvoker.invokeMethod(TestInvoker.java:673)
at org.testng.internal.invokers.TestInvoker.invokeTestMethod(TestInvoker.java:220)
at org.testng.internal.invokers.MethodRunner.runInSequence(MethodRunner.java:50)
at org.testng.internal.invokers.TestInvoker$MethodInvocationAgent.invoke(TestInvoker.java:945)
at org.testng.internal.invokers.TestInvoker.invokeTestMethods(TestInvoker.java:193)
at org.testng.internal.invokers.TestMethodWorker.invokeTestMethods(TestMethodWorker.java:146)
at org.testng.internal.invokers.TestMethodWorker.run(TestMethodWorker.java:128)
at java.base/java.util.ArrayList.forEach(ArrayList.java:1540)
at org.testng.TestRunner.privateRun(TestRunner.java:808)
at org.testng.TestRunner.run(TestRunner.java:603)
at org.testng.SuiteRunner.runTest(SuiteRunner.java:429)
at org.testng.SuiteRunner.runSequentially(SuiteRunner.java:423)
at org.testng.SuiteRunner.privateRun(SuiteRunner.java:383)
at org.testng.SuiteRunner.run(SuiteRunner.java:326)
at org.testng.SuiteRunnerWorker.runSuite(SuiteRunnerWorker.java:52)
at org.testng.SuiteRunnerWorker.run(SuiteRunnerWorker.java:95)
at org.testng.TestNG.runSuitesSequentially(TestNG.java:1249)
at org.testng.TestNG.runSuitesLocally(TestNG.java:1169)
at org.testng.TestNG.runSuites(TestNG.java:1092)
at org.testng.TestNG.run(TestNG.java:1060)
at org.testng.remote.AbstractRemoteTestNG.run(AbstractRemoteTestNG.java:115)
at org.testng.remote.RemoteTestNG.initAndRun(RemoteTestNG.java:251)
at org.testng.remote.RemoteTestNG.main(RemoteTestNG.java:77)
]]>
    </error>
  </testcase> <!-- verify_user_is_able_click_on_FAQ_button_and_able_to_see_contactUSPage_and_verify_with_invalid_name_remaining_all_are_valid -->
  <system-out/>
  <testcase classname="Oxhead_excel.TestCases" name="verify_user_is_able_to_see_contactUSPage_and_verify_with_invalid_details" time="29.337"/>
  <system-out/>
  <testcase classname="Oxhead_excel.TestCases" name="verify_user_is_able_to_see_contactUSPage_and_verify_with_invalid_details" time="23.338"/>
  <system-out/>
  <testcase classname="Oxhead_excel.TestCases" name="verify_user_is_able_to_see_contactUSPage_and_verify_with_invalid_details" time="24.047"/>
  <system-out/>
  <testcase classname="Oxhead_excel.TestCases" name="verify_user_is_able_to_see_contactUSPage_and_verify_with_invalid_details" time="30.178"/>
  <system-out/>
  <testcase classname="Oxhead_excel.TestCases" name="verify_user_is_able_to_see_PrivacyPolicyPage_and_Termsandconditions_page" time="24.824"/>
  <system-out/>
  <testcase classname="Oxhead_excel.TestCases" name="Customer_is_able_to_Redirect_to_PrivacyPolicypage_and_Customer_is_able_to_redirect_to_Salestaxpage" time="34.758"/>
  <system-out/>
  <testcase classname="Oxhead_excel.TestCases" name="redirect_to_Shippingdeliverypage_redirect_to_PaymentpolicyPage_Returnpolicypage_Redirect_to_TermsandConditionspage" time="34.012"/>
  <system-out/>
  <testcase classname="Oxhead_excel.TestCases" name="Redirect_to_the_Account_login_page_and_Trackanorderpage_pricealertspage_Aboutoxheadpage_oxheadblogpage_oxheadproductspage" time="29.348"/>
  <system-out/>
  <testcase classname="Oxhead_excel.TestCases" name="Customer_is_able_to_Redirect_to_the_Blogpage_Customer_is_able_to_Redirect_to_the_invest_in_guidepage_Customer_is_able_to_Redirect_to_the_Silverpricespage_goldpricespage_LocalDirectorypage_Coinvaluespage_Salestaxpage_Custumer_is_able_to_click_on_links_when_cursor_is_placed_on_the_words_itis_able_to_click_on_linkns_cursor_is_placed_outside" time="27.631"/>
  <system-out/>
  <testcase classname="Oxhead_excel.TestCases" name="customer_Is_clicking_On_The_Shop_Now_Button_It_Has_To_Redirect_To_That_Particular_Page" time="56.161"/>
  <system-out/>
  <testcase classname="Oxhead_excel.TestCases" name="Customer_Is_Able_To_click_On_The_Shop_Now_Button_It_Has_To_Redirect_To_That_Particular_Page" time="40.235"/>
  <system-out/>
  <testcase classname="Oxhead_excel.TestCases" name="Customer_is_able_to_login_with_Valid_Username_and_ValidPassword" time="25.548"/>
  <system-out/>
  <testcase classname="Oxhead_excel.TestCases" name="Customer_is_able_to_login_with_Valid_Username_and_ValidPassword" time="28.137"/>
  <system-out/>
  <testcase classname="Oxhead_excel.TestCases" name="Customer_is_able_to_login_with_Valid_Username_and_ValidPassword" time="25.040"/>
  <system-out/>
  <testcase classname="Oxhead_excel.TestCases" name="Customer_is_able_to_login_with_Valid_Username_and_ValidPassword" time="23.859"/>
  <system-out/>
  <testcase classname="Oxhead_excel.TestCases" name="Customer_is_able_to_login_with_Valid_Username_and_ValidPassword" time="27.206"/>
  <system-out/>
  <testcase classname="Oxhead_excel.TestCases" name="please_Enter_Your_Password_Message">
    <skipped/>
  </testcase> <!-- please_Enter_Your_Password_Message -->
  <system-out/>
  <testcase classname="Oxhead_excel.TestCases" name="password_Does_Not_Match_Message">
    <skipped/>
  </testcase> <!-- password_Does_Not_Match_Message -->
  <system-out/>
  <testcase classname="Oxhead_excel.TestCases" name="password_Has_Been_Reset_Successfully_Message">
    <skipped/>
  </testcase> <!-- password_Has_Been_Reset_Successfully_Message -->
  <system-out/>
  <testcase classname="Oxhead_excel.TestCases" name="password_DoesNot_Match_Message">
    <skipped/>
  </testcase> <!-- password_DoesNot_Match_Message -->
  <system-out/>
</testsuite> <!-- Oxhead_excel.TestCases -->
